{"c:\\git\\blog\\blog-data-server\\app.js":{"path":"c:\\git\\blog\\blog-data-server\\app.js","statementMap":{"0":{"start":{"line":1,"column":16},"end":{"line":1,"column":34}},"1":{"start":{"line":2,"column":12},"end":{"line":2,"column":21}},"2":{"start":{"line":4,"column":0},"end":{"line":4,"column":73}},"3":{"start":{"line":6,"column":0},"end":{"line":6,"column":76}},"4":{"start":{"line":6,"column":23},"end":{"line":6,"column":74}}},"fnMap":{"0":{"name":"(anonymous_0)","decl":{"start":{"line":6,"column":17},"end":{"line":6,"column":18}},"loc":{"start":{"line":6,"column":23},"end":{"line":6,"column":74}},"line":6}},"branchMap":{},"s":{"0":0,"1":0,"2":0,"3":0,"4":0},"f":{"0":0},"b":{}},"c:\\git\\blog\\blog-data-server\\controllers\\menu-controller.js":{"path":"c:\\git\\blog\\blog-data-server\\controllers\\menu-controller.js","statementMap":{"0":{"start":{"line":1,"column":21},"end":{"line":1,"column":23}},"1":{"start":{"line":3,"column":0},"end":{"line":5,"column":2}},"2":{"start":{"line":4,"column":4},"end":{"line":4,"column":41}},"3":{"start":{"line":7,"column":0},"end":{"line":7,"column":32}}},"fnMap":{"0":{"name":"(anonymous_0)","decl":{"start":{"line":3,"column":26},"end":{"line":3,"column":27}},"loc":{"start":{"line":3,"column":54},"end":{"line":5,"column":1}},"line":3}},"branchMap":{},"s":{"0":0,"1":0,"2":0,"3":0},"f":{"0":0},"b":{}},"c:\\git\\blog\\blog-data-server\\controllers\\menu-router.js":{"path":"c:\\git\\blog\\blog-data-server\\controllers\\menu-router.js","statementMap":{"0":{"start":{"line":1,"column":14},"end":{"line":1,"column":32}},"1":{"start":{"line":2,"column":13},"end":{"line":2,"column":29}},"2":{"start":{"line":4,"column":21},"end":{"line":4,"column":49}},"3":{"start":{"line":6,"column":0},"end":{"line":6,"column":46}},"4":{"start":{"line":8,"column":0},"end":{"line":8,"column":24}}},"fnMap":{},"branchMap":{},"s":{"0":0,"1":0,"2":0,"3":0,"4":0},"f":{},"b":{}},"c:\\git\\blog\\blog-data-server\\controllers\\register-controllers.js":{"path":"c:\\git\\blog\\blog-data-server\\controllers\\register-controllers.js","statementMap":{"0":{"start":{"line":1,"column":17},"end":{"line":1,"column":41}},"1":{"start":{"line":3,"column":0},"end":{"line":13,"column":2}},"2":{"start":{"line":4,"column":4},"end":{"line":12,"column":6}},"3":{"start":{"line":6,"column":12},"end":{"line":6,"column":52}},"4":{"start":{"line":7,"column":12},"end":{"line":9,"column":15}},"5":{"start":{"line":8,"column":16},"end":{"line":8,"column":49}},"6":{"start":{"line":10,"column":12},"end":{"line":10,"column":41}}},"fnMap":{"0":{"name":"(anonymous_0)","decl":{"start":{"line":3,"column":17},"end":{"line":3,"column":18}},"loc":{"start":{"line":3,"column":31},"end":{"line":13,"column":1}},"line":3},"1":{"name":"(anonymous_1)","decl":{"start":{"line":5,"column":29},"end":{"line":5,"column":30}},"loc":{"start":{"line":5,"column":40},"end":{"line":11,"column":9}},"line":5},"2":{"name":"(anonymous_2)","decl":{"start":{"line":7,"column":25},"end":{"line":7,"column":26}},"loc":{"start":{"line":7,"column":53},"end":{"line":9,"column":13}},"line":7}},"branchMap":{},"s":{"0":0,"1":0,"2":0,"3":0,"4":0,"5":0,"6":0},"f":{"0":0,"1":0,"2":0},"b":{}},"c:\\git\\blog\\blog-server\\app.js":{"path":"c:\\git\\blog\\blog-server\\app.js","statementMap":{"0":{"start":{"line":1,"column":16},"end":{"line":1,"column":34}},"1":{"start":{"line":2,"column":12},"end":{"line":2,"column":21}},"2":{"start":{"line":3,"column":13},"end":{"line":3,"column":28}},"3":{"start":{"line":5,"column":0},"end":{"line":7,"column":2}},"4":{"start":{"line":9,"column":0},"end":{"line":11,"column":3}},"5":{"start":{"line":10,"column":4},"end":{"line":10,"column":71}},"6":{"start":{"line":13,"column":0},"end":{"line":13,"column":63}},"7":{"start":{"line":13,"column":23},"end":{"line":13,"column":61}}},"fnMap":{"0":{"name":"(anonymous_0)","decl":{"start":{"line":9,"column":13},"end":{"line":9,"column":14}},"loc":{"start":{"line":9,"column":41},"end":{"line":11,"column":1}},"line":9},"1":{"name":"(anonymous_1)","decl":{"start":{"line":13,"column":17},"end":{"line":13,"column":18}},"loc":{"start":{"line":13,"column":23},"end":{"line":13,"column":61}},"line":13}},"branchMap":{},"s":{"0":0,"1":0,"2":0,"3":0,"4":0,"5":0,"6":0,"7":0},"f":{"0":0,"1":0},"b":{}},"c:\\git\\blog\\blog-server\\app\\common\\components\\nav\\nav.js":{"path":"c:\\git\\blog\\blog-server\\app\\common\\components\\nav\\nav.js","statementMap":{},"fnMap":{},"branchMap":{},"s":{},"f":{},"b":{}},"c:\\git\\blog\\blog-server\\app\\public\\services\\menu-service.js":{"path":"c:\\git\\blog\\blog-server\\app\\public\\services\\menu-service.js","statementMap":{},"fnMap":{},"branchMap":{},"s":{},"f":{},"b":{}},"c:\\git\\blog\\blog-server\\app\\public\\vue-app.js":{"path":"c:\\git\\blog\\blog-server\\app\\public\\vue-app.js","statementMap":{"0":{"start":{"line":1,"column":10},"end":{"line":6,"column":2}},"1":{"start":{"line":8,"column":21},"end":{"line":19,"column":2}}},"fnMap":{},"branchMap":{},"s":{"0":0,"1":0},"f":{},"b":{}},"c:\\git\\blog\\gulpfile.js":{"path":"c:\\git\\blog\\gulpfile.js","statementMap":{"0":{"start":{"line":1,"column":11},"end":{"line":1,"column":26}},"1":{"start":{"line":2,"column":13},"end":{"line":2,"column":35}},"2":{"start":{"line":3,"column":13},"end":{"line":3,"column":35}},"3":{"start":{"line":5,"column":8},"end":{"line":5,"column":25}},"4":{"start":{"line":6,"column":11},"end":{"line":6,"column":26}},"5":{"start":{"line":8,"column":0},"end":{"line":11,"column":3}},"6":{"start":{"line":9,"column":4},"end":{"line":9,"column":38}},"7":{"start":{"line":10,"column":4},"end":{"line":10,"column":11}},"8":{"start":{"line":18,"column":0},"end":{"line":37,"column":3}},"9":{"start":{"line":19,"column":22},"end":{"line":19,"column":60}},"10":{"start":{"line":20,"column":20},"end":{"line":25,"column":5}},"11":{"start":{"line":27,"column":23},"end":{"line":27,"column":25}},"12":{"start":{"line":28,"column":4},"end":{"line":31,"column":7}},"13":{"start":{"line":29,"column":8},"end":{"line":29,"column":51}},"14":{"start":{"line":30,"column":8},"end":{"line":30,"column":57}},"15":{"start":{"line":33,"column":4},"end":{"line":36,"column":55}}},"fnMap":{"0":{"name":"(anonymous_0)","decl":{"start":{"line":8,"column":21},"end":{"line":8,"column":22}},"loc":{"start":{"line":8,"column":36},"end":{"line":11,"column":1}},"line":8},"1":{"name":"(anonymous_1)","decl":{"start":{"line":18,"column":30},"end":{"line":18,"column":31}},"loc":{"start":{"line":18,"column":45},"end":{"line":37,"column":1}},"line":18},"2":{"name":"(anonymous_2)","decl":{"start":{"line":28,"column":35},"end":{"line":28,"column":36}},"loc":{"start":{"line":28,"column":56},"end":{"line":31,"column":5}},"line":28}},"branchMap":{},"s":{"0":0,"1":0,"2":0,"3":0,"4":0,"5":0,"6":0,"7":0,"8":0,"9":0,"10":0,"11":0,"12":0,"13":0,"14":0,"15":0},"f":{"0":0,"1":0,"2":0},"b":{}},"c:\\git\\blog\\labyrinth-angular\\e2e\\protractor.conf.js":{"path":"c:\\git\\blog\\labyrinth-angular\\e2e\\protractor.conf.js","statementMap":{"0":{"start":{"line":4,"column":25},"end":{"line":4,"column":57}},"1":{"start":{"line":6,"column":0},"end":{"line":28,"column":2}},"2":{"start":{"line":23,"column":4},"end":{"line":25,"column":7}},"3":{"start":{"line":26,"column":4},"end":{"line":26,"column":90}}},"fnMap":{"0":{"name":"(anonymous_0)","decl":{"start":{"line":20,"column":11},"end":{"line":20,"column":12}},"loc":{"start":{"line":20,"column":22},"end":{"line":20,"column":24}},"line":20}},"branchMap":{},"s":{"0":0,"1":0,"2":0,"3":0},"f":{"0":0},"b":{}},"c:\\git\\blog\\labyrinth-angular\\src\\karma.conf.js":{"path":"c:\\git\\blog\\labyrinth-angular\\src\\karma.conf.js","statementMap":{"0":{"start":{"line":4,"column":0},"end":{"line":31,"column":2}},"1":{"start":{"line":5,"column":2},"end":{"line":30,"column":5}}},"fnMap":{"0":{"name":"(anonymous_0)","decl":{"start":{"line":4,"column":17},"end":{"line":4,"column":18}},"loc":{"start":{"line":4,"column":35},"end":{"line":31,"column":1}},"line":4}},"branchMap":{},"s":{"0":0,"1":0},"f":{"0":0},"b":{}},"c:\\git\\blog\\labyrinth-front-end\\src\\public\\move.min.js":{"path":"c:\\git\\blog\\labyrinth-front-end\\src\\public\\move.min.js","statementMap":{"0":{"start":{"line":1,"column":0},"end":{"line":1,"column":14103}},"1":{"start":{"line":1,"column":46},"end":{"line":1,"column":67}},"2":{"start":{"line":1,"column":68},"end":{"line":1,"column":127}},"3":{"start":{"line":1,"column":79},"end":{"line":1,"column":127}},"4":{"start":{"line":1,"column":127},"end":{"line":1,"column":307}},"5":{"start":{"line":1,"column":192},"end":{"line":1,"column":228}},"6":{"start":{"line":1,"column":228},"end":{"line":1,"column":282}},"7":{"start":{"line":1,"column":282},"end":{"line":1,"column":306}},"8":{"start":{"line":1,"column":307},"end":{"line":1,"column":328}},"9":{"start":{"line":1,"column":329},"end":{"line":1,"column":356}},"10":{"start":{"line":1,"column":356},"end":{"line":1,"column":374}},"11":{"start":{"line":1,"column":374},"end":{"line":1,"column":853}},"12":{"start":{"line":1,"column":425},"end":{"line":1,"column":445}},"13":{"start":{"line":1,"column":457},"end":{"line":1,"column":477}},"14":{"start":{"line":1,"column":478},"end":{"line":1,"column":843}},"15":{"start":{"line":1,"column":520},"end":{"line":1,"column":542}},"16":{"start":{"line":1,"column":552},"end":{"line":1,"column":574}},"17":{"start":{"line":1,"column":575},"end":{"line":1,"column":842}},"18":{"start":{"line":1,"column":600},"end":{"line":1,"column":634}},"19":{"start":{"line":1,"column":644},"end":{"line":1,"column":678}},"20":{"start":{"line":1,"column":679},"end":{"line":1,"column":712}},"21":{"start":{"line":1,"column":703},"end":{"line":1,"column":712}},"22":{"start":{"line":1,"column":712},"end":{"line":1,"column":745}},"23":{"start":{"line":1,"column":736},"end":{"line":1,"column":745}},"24":{"start":{"line":1,"column":745},"end":{"line":1,"column":791}},"25":{"start":{"line":1,"column":769},"end":{"line":1,"column":791}},"26":{"start":{"line":1,"column":791},"end":{"line":1,"column":799}},"27":{"start":{"line":1,"column":805},"end":{"line":1,"column":842}},"28":{"start":{"line":1,"column":819},"end":{"line":1,"column":827}},"29":{"start":{"line":1,"column":833},"end":{"line":1,"column":841}},"30":{"start":{"line":1,"column":843},"end":{"line":1,"column":851}},"31":{"start":{"line":1,"column":853},"end":{"line":1,"column":1914}},"32":{"start":{"line":1,"column":919},"end":{"line":1,"column":980}},"33":{"start":{"line":1,"column":999},"end":{"line":1,"column":1035}},"34":{"start":{"line":1,"column":1053},"end":{"line":1,"column":1064}},"35":{"start":{"line":1,"column":1065},"end":{"line":1,"column":1109}},"36":{"start":{"line":1,"column":1093},"end":{"line":1,"column":1109}},"37":{"start":{"line":1,"column":1125},"end":{"line":1,"column":1153}},"38":{"start":{"line":1,"column":1175},"end":{"line":1,"column":1177}},"39":{"start":{"line":1,"column":1198},"end":{"line":1,"column":1200}},"40":{"start":{"line":1,"column":1201},"end":{"line":1,"column":1545}},"41":{"start":{"line":1,"column":1254},"end":{"line":1,"column":1268}},"42":{"start":{"line":1,"column":1269},"end":{"line":1,"column":1544}},"43":{"start":{"line":1,"column":1323},"end":{"line":1,"column":1355}},"44":{"start":{"line":1,"column":1372},"end":{"line":1,"column":1402}},"45":{"start":{"line":1,"column":1403},"end":{"line":1,"column":1543}},"46":{"start":{"line":1,"column":1425},"end":{"line":1,"column":1481}},"47":{"start":{"line":1,"column":1487},"end":{"line":1,"column":1542}},"48":{"start":{"line":1,"column":1545},"end":{"line":1,"column":1617}},"49":{"start":{"line":1,"column":1601},"end":{"line":1,"column":1616}},"50":{"start":{"line":1,"column":1617},"end":{"line":1,"column":1777}},"51":{"start":{"line":1,"column":1658},"end":{"line":1,"column":1717}},"52":{"start":{"line":1,"column":1718},"end":{"line":1,"column":1754}},"53":{"start":{"line":1,"column":1740},"end":{"line":1,"column":1753}},"54":{"start":{"line":1,"column":1754},"end":{"line":1,"column":1776}},"55":{"start":{"line":1,"column":1788},"end":{"line":1,"column":1853}},"56":{"start":{"line":1,"column":1823},"end":{"line":1,"column":1843}},"57":{"start":{"line":1,"column":1854},"end":{"line":1,"column":1890}},"58":{"start":{"line":1,"column":1876},"end":{"line":1,"column":1889}},"59":{"start":{"line":1,"column":1890},"end":{"line":1,"column":1912}},"60":{"start":{"line":1,"column":1914},"end":{"line":1,"column":1933}},"61":{"start":{"line":1,"column":1933},"end":{"line":1,"column":2023}},"62":{"start":{"line":1,"column":1976},"end":{"line":1,"column":2021}},"63":{"start":{"line":1,"column":2023},"end":{"line":1,"column":2102}},"64":{"start":{"line":1,"column":2061},"end":{"line":1,"column":2100}},"65":{"start":{"line":1,"column":2102},"end":{"line":1,"column":2417}},"66":{"start":{"line":1,"column":2192},"end":{"line":1,"column":2265}},"67":{"start":{"line":1,"column":2273},"end":{"line":1,"column":2300}},"68":{"start":{"line":1,"column":2311},"end":{"line":1,"column":2414}},"69":{"start":{"line":1,"column":2344},"end":{"line":1,"column":2360}},"70":{"start":{"line":1,"column":2360},"end":{"line":1,"column":2413}},"71":{"start":{"line":1,"column":2386},"end":{"line":1,"column":2407}},"72":{"start":{"line":1,"column":2407},"end":{"line":1,"column":2412}},"73":{"start":{"line":1,"column":2417},"end":{"line":1,"column":3017}},"74":{"start":{"line":1,"column":2502},"end":{"line":1,"column":2547}},"75":{"start":{"line":1,"column":2548},"end":{"line":1,"column":3014}},"76":{"start":{"line":1,"column":2584},"end":{"line":1,"column":2604}},"77":{"start":{"line":1,"column":2618},"end":{"line":1,"column":2761}},"78":{"start":{"line":1,"column":2769},"end":{"line":1,"column":2798}},"79":{"start":{"line":1,"column":2799},"end":{"line":1,"column":2841}},"80":{"start":{"line":1,"column":2841},"end":{"line":1,"column":2877}},"81":{"start":{"line":1,"column":2885},"end":{"line":1,"column":2933}},"82":{"start":{"line":1,"column":2934},"end":{"line":1,"column":2964}},"83":{"start":{"line":1,"column":2964},"end":{"line":1,"column":3013}},"84":{"start":{"line":1,"column":3017},"end":{"line":1,"column":3485}},"85":{"start":{"line":1,"column":3090},"end":{"line":1,"column":3212}},"86":{"start":{"line":1,"column":3126},"end":{"line":1,"column":3210}},"87":{"start":{"line":1,"column":3158},"end":{"line":1,"column":3170}},"88":{"start":{"line":1,"column":3177},"end":{"line":1,"column":3209}},"89":{"start":{"line":1,"column":3242},"end":{"line":1,"column":3271}},"90":{"start":{"line":1,"column":3259},"end":{"line":1,"column":3271}},"91":{"start":{"line":1,"column":3271},"end":{"line":1,"column":3304}},"92":{"start":{"line":1,"column":3304},"end":{"line":1,"column":3350}},"93":{"start":{"line":1,"column":3360},"end":{"line":1,"column":3379}},"94":{"start":{"line":1,"column":3389},"end":{"line":1,"column":3482}},"95":{"start":{"line":1,"column":3485},"end":{"line":1,"column":3920}},"96":{"start":{"line":1,"column":3560},"end":{"line":1,"column":3616}},"97":{"start":{"line":1,"column":3624},"end":{"line":1,"column":3686}},"98":{"start":{"line":1,"column":3694},"end":{"line":1,"column":3727}},"99":{"start":{"line":1,"column":3728},"end":{"line":1,"column":3821}},"100":{"start":{"line":1,"column":3770},"end":{"line":1,"column":3810}},"101":{"start":{"line":1,"column":3810},"end":{"line":1,"column":3819}},"102":{"start":{"line":1,"column":3821},"end":{"line":1,"column":3917}},"103":{"start":{"line":1,"column":3865},"end":{"line":1,"column":3907}},"104":{"start":{"line":1,"column":3907},"end":{"line":1,"column":3916}},"105":{"start":{"line":1,"column":3920},"end":{"line":1,"column":4701}},"106":{"start":{"line":1,"column":4001},"end":{"line":1,"column":4033}},"107":{"start":{"line":1,"column":4044},"end":{"line":1,"column":4187}},"108":{"start":{"line":1,"column":4188},"end":{"line":1,"column":4214}},"109":{"start":{"line":1,"column":4243},"end":{"line":1,"column":4307}},"110":{"start":{"line":1,"column":4276},"end":{"line":1,"column":4307}},"111":{"start":{"line":1,"column":4307},"end":{"line":1,"column":4322}},"112":{"start":{"line":1,"column":4323},"end":{"line":1,"column":4440}},"113":{"start":{"line":1,"column":4362},"end":{"line":1,"column":4427}},"114":{"start":{"line":1,"column":4394},"end":{"line":1,"column":4426}},"115":{"start":{"line":1,"column":4427},"end":{"line":1,"column":4438}},"116":{"start":{"line":1,"column":4440},"end":{"line":1,"column":4561}},"117":{"start":{"line":1,"column":4481},"end":{"line":1,"column":4548}},"118":{"start":{"line":1,"column":4513},"end":{"line":1,"column":4547}},"119":{"start":{"line":1,"column":4548},"end":{"line":1,"column":4559}},"120":{"start":{"line":1,"column":4561},"end":{"line":1,"column":4698}},"121":{"start":{"line":1,"column":4609},"end":{"line":1,"column":4613}},"122":{"start":{"line":1,"column":4628},"end":{"line":1,"column":4644}},"123":{"start":{"line":1,"column":4644},"end":{"line":1,"column":4671}},"124":{"start":{"line":1,"column":4672},"end":{"line":1,"column":4686}},"125":{"start":{"line":1,"column":4686},"end":{"line":1,"column":4697}},"126":{"start":{"line":1,"column":4701},"end":{"line":1,"column":5064}},"127":{"start":{"line":1,"column":4772},"end":{"line":1,"column":4773}},"128":{"start":{"line":1,"column":4785},"end":{"line":1,"column":4810}},"129":{"start":{"line":1,"column":4796},"end":{"line":1,"column":4807}},"130":{"start":{"line":1,"column":4811},"end":{"line":1,"column":5061}},"131":{"start":{"line":1,"column":4846},"end":{"line":1,"column":4849}},"132":{"start":{"line":1,"column":4866},"end":{"line":1,"column":4954}},"133":{"start":{"line":1,"column":4883},"end":{"line":1,"column":4905}},"134":{"start":{"line":1,"column":4898},"end":{"line":1,"column":4905}},"135":{"start":{"line":1,"column":4905},"end":{"line":1,"column":4922}},"136":{"start":{"line":1,"column":4922},"end":{"line":1,"column":4953}},"137":{"start":{"line":1,"column":4962},"end":{"line":1,"column":4981}},"138":{"start":{"line":1,"column":4982},"end":{"line":1,"column":5002}},"139":{"start":{"line":1,"column":4995},"end":{"line":1,"column":5002}},"140":{"start":{"line":1,"column":5002},"end":{"line":1,"column":5017}},"141":{"start":{"line":1,"column":5017},"end":{"line":1,"column":5048}},"142":{"start":{"line":1,"column":5049},"end":{"line":1,"column":5060}},"143":{"start":{"line":1,"column":5064},"end":{"line":1,"column":5509}},"144":{"start":{"line":1,"column":5146},"end":{"line":1,"column":5185}},"145":{"start":{"line":1,"column":5194},"end":{"line":1,"column":5230}},"146":{"start":{"line":1,"column":5236},"end":{"line":1,"column":5267}},"147":{"start":{"line":1,"column":5282},"end":{"line":1,"column":5287}},"148":{"start":{"line":1,"column":5288},"end":{"line":1,"column":5309}},"149":{"start":{"line":1,"column":5331},"end":{"line":1,"column":5367}},"150":{"start":{"line":1,"column":5355},"end":{"line":1,"column":5367}},"151":{"start":{"line":1,"column":5367},"end":{"line":1,"column":5388}},"152":{"start":{"line":1,"column":5388},"end":{"line":1,"column":5397}},"153":{"start":{"line":1,"column":5398},"end":{"line":1,"column":5506}},"154":{"start":{"line":1,"column":5438},"end":{"line":1,"column":5446}},"155":{"start":{"line":1,"column":5447},"end":{"line":1,"column":5505}},"156":{"start":{"line":1,"column":5470},"end":{"line":1,"column":5493}},"157":{"start":{"line":1,"column":5493},"end":{"line":1,"column":5503}},"158":{"start":{"line":1,"column":5509},"end":{"line":1,"column":7064}},"159":{"start":{"line":1,"column":5577},"end":{"line":1,"column":5600}},"160":{"start":{"line":1,"column":5622},"end":{"line":1,"column":5646}},"161":{"start":{"line":1,"column":5629},"end":{"line":1,"column":5646}},"162":{"start":{"line":1,"column":5667},"end":{"line":1,"column":5733}},"163":{"start":{"line":1,"column":5701},"end":{"line":1,"column":5732}},"164":{"start":{"line":1,"column":5733},"end":{"line":1,"column":5743}},"165":{"start":{"line":1,"column":5744},"end":{"line":1,"column":5937}},"166":{"start":{"line":1,"column":5819},"end":{"line":1,"column":5855}},"167":{"start":{"line":1,"column":5855},"end":{"line":1,"column":5924}},"168":{"start":{"line":1,"column":5924},"end":{"line":1,"column":5935}},"169":{"start":{"line":1,"column":5937},"end":{"line":1,"column":6077}},"170":{"start":{"line":1,"column":5993},"end":{"line":1,"column":6012}},"171":{"start":{"line":1,"column":6012},"end":{"line":1,"column":6036}},"172":{"start":{"line":1,"column":6037},"end":{"line":1,"column":6046}},"173":{"start":{"line":1,"column":6046},"end":{"line":1,"column":6064}},"174":{"start":{"line":1,"column":6064},"end":{"line":1,"column":6075}},"175":{"start":{"line":1,"column":6077},"end":{"line":1,"column":6579}},"176":{"start":{"line":1,"column":6226},"end":{"line":1,"column":6262}},"177":{"start":{"line":1,"column":6262},"end":{"line":1,"column":6317}},"178":{"start":{"line":1,"column":6286},"end":{"line":1,"column":6305}},"179":{"start":{"line":1,"column":6305},"end":{"line":1,"column":6316}},"180":{"start":{"line":1,"column":6331},"end":{"line":1,"column":6357}},"181":{"start":{"line":1,"column":6358},"end":{"line":1,"column":6384}},"182":{"start":{"line":1,"column":6372},"end":{"line":1,"column":6384}},"183":{"start":{"line":1,"column":6384},"end":{"line":1,"column":6454}},"184":{"start":{"line":1,"column":6408},"end":{"line":1,"column":6442}},"185":{"start":{"line":1,"column":6442},"end":{"line":1,"column":6453}},"186":{"start":{"line":1,"column":6461},"end":{"line":1,"column":6566}},"187":{"start":{"line":1,"column":6497},"end":{"line":1,"column":6513}},"188":{"start":{"line":1,"column":6513},"end":{"line":1,"column":6565}},"189":{"start":{"line":1,"column":6537},"end":{"line":1,"column":6559}},"190":{"start":{"line":1,"column":6559},"end":{"line":1,"column":6564}},"191":{"start":{"line":1,"column":6566},"end":{"line":1,"column":6577}},"192":{"start":{"line":1,"column":6579},"end":{"line":1,"column":6858}},"193":{"start":{"line":1,"column":6618},"end":{"line":1,"column":6654}},"194":{"start":{"line":1,"column":6663},"end":{"line":1,"column":6689}},"195":{"start":{"line":1,"column":6700},"end":{"line":1,"column":6726}},"196":{"start":{"line":1,"column":6727},"end":{"line":1,"column":6845}},"197":{"start":{"line":1,"column":6741},"end":{"line":1,"column":6770}},"198":{"start":{"line":1,"column":6770},"end":{"line":1,"column":6844}},"199":{"start":{"line":1,"column":6814},"end":{"line":1,"column":6843}},"200":{"start":{"line":1,"column":6845},"end":{"line":1,"column":6856}},"201":{"start":{"line":1,"column":6858},"end":{"line":1,"column":6977}},"202":{"start":{"line":1,"column":6902},"end":{"line":1,"column":6938}},"203":{"start":{"line":1,"column":6938},"end":{"line":1,"column":6975}},"204":{"start":{"line":1,"column":6977},"end":{"line":1,"column":7061}},"205":{"start":{"line":1,"column":7024},"end":{"line":1,"column":7060}},"206":{"start":{"line":1,"column":7064},"end":{"line":1,"column":8719}},"207":{"start":{"line":1,"column":7130},"end":{"line":1,"column":8716}},"208":{"start":{"line":1,"column":8719},"end":{"line":1,"column":9206}},"209":{"start":{"line":1,"column":8811},"end":{"line":1,"column":8844}},"210":{"start":{"line":1,"column":8845},"end":{"line":1,"column":8931}},"211":{"start":{"line":1,"column":8890},"end":{"line":1,"column":8906}},"212":{"start":{"line":1,"column":8906},"end":{"line":1,"column":8929}},"213":{"start":{"line":1,"column":8931},"end":{"line":1,"column":9019}},"214":{"start":{"line":1,"column":8965},"end":{"line":1,"column":8981}},"215":{"start":{"line":1,"column":8981},"end":{"line":1,"column":9017}},"216":{"start":{"line":1,"column":9019},"end":{"line":1,"column":9203}},"217":{"start":{"line":1,"column":9048},"end":{"line":1,"column":9102}},"218":{"start":{"line":1,"column":9060},"end":{"line":1,"column":9102}},"219":{"start":{"line":1,"column":9102},"end":{"line":1,"column":9156}},"220":{"start":{"line":1,"column":9114},"end":{"line":1,"column":9156}},"221":{"start":{"line":1,"column":9156},"end":{"line":1,"column":9168}},"222":{"start":{"line":1,"column":9168},"end":{"line":1,"column":9188}},"223":{"start":{"line":1,"column":9188},"end":{"line":1,"column":9202}},"224":{"start":{"line":1,"column":9206},"end":{"line":1,"column":13894}},"225":{"start":{"line":1,"column":9267},"end":{"line":1,"column":9301}},"226":{"start":{"line":1,"column":9312},"end":{"line":1,"column":9344}},"227":{"start":{"line":1,"column":9355},"end":{"line":1,"column":9395}},"228":{"start":{"line":1,"column":9406},"end":{"line":1,"column":9448}},"229":{"start":{"line":1,"column":9458},"end":{"line":1,"column":9490}},"230":{"start":{"line":1,"column":9505},"end":{"line":1,"column":9553}},"231":{"start":{"line":1,"column":9554},"end":{"line":1,"column":9574}},"232":{"start":{"line":1,"column":9584},"end":{"line":1,"column":9628}},"233":{"start":{"line":1,"column":9629},"end":{"line":1,"column":9650}},"234":{"start":{"line":1,"column":9650},"end":{"line":1,"column":9665}},"235":{"start":{"line":1,"column":9665},"end":{"line":1,"column":9694}},"236":{"start":{"line":1,"column":9694},"end":{"line":1,"column":9794}},"237":{"start":{"line":1,"column":9725},"end":{"line":1,"column":9770}},"238":{"start":{"line":1,"column":9754},"end":{"line":1,"column":9770}},"239":{"start":{"line":1,"column":9770},"end":{"line":1,"column":9792}},"240":{"start":{"line":1,"column":9812},"end":{"line":1,"column":9859}},"241":{"start":{"line":1,"column":9839},"end":{"line":1,"column":9859}},"242":{"start":{"line":1,"column":9859},"end":{"line":1,"column":9895}},"243":{"start":{"line":1,"column":9882},"end":{"line":1,"column":9895}},"244":{"start":{"line":1,"column":9895},"end":{"line":1,"column":9975}},"245":{"start":{"line":1,"column":9902},"end":{"line":1,"column":9975}},"246":{"start":{"line":1,"column":9975},"end":{"line":1,"column":9986}},"247":{"start":{"line":1,"column":9986},"end":{"line":1,"column":10001}},"248":{"start":{"line":1,"column":10001},"end":{"line":1,"column":10016}},"249":{"start":{"line":1,"column":10016},"end":{"line":1,"column":10041}},"250":{"start":{"line":1,"column":10041},"end":{"line":1,"column":10061}},"251":{"start":{"line":1,"column":10061},"end":{"line":1,"column":10098}},"252":{"start":{"line":1,"column":10099},"end":{"line":1,"column":10123}},"253":{"start":{"line":1,"column":10123},"end":{"line":1,"column":10214}},"254":{"start":{"line":1,"column":10168},"end":{"line":1,"column":10201}},"255":{"start":{"line":1,"column":10201},"end":{"line":1,"column":10212}},"256":{"start":{"line":1,"column":10214},"end":{"line":1,"column":10304}},"257":{"start":{"line":1,"column":10248},"end":{"line":1,"column":10302}},"258":{"start":{"line":1,"column":10304},"end":{"line":1,"column":10379}},"259":{"start":{"line":1,"column":10337},"end":{"line":1,"column":10377}},"260":{"start":{"line":1,"column":10379},"end":{"line":1,"column":10454}},"261":{"start":{"line":1,"column":10412},"end":{"line":1,"column":10452}},"262":{"start":{"line":1,"column":10454},"end":{"line":1,"column":10575}},"263":{"start":{"line":1,"column":10511},"end":{"line":1,"column":10573}},"264":{"start":{"line":1,"column":10575},"end":{"line":1,"column":10676}},"265":{"start":{"line":1,"column":10630},"end":{"line":1,"column":10674}},"266":{"start":{"line":1,"column":10676},"end":{"line":1,"column":10777}},"267":{"start":{"line":1,"column":10731},"end":{"line":1,"column":10775}},"268":{"start":{"line":1,"column":10777},"end":{"line":1,"column":10863}},"269":{"start":{"line":1,"column":10812},"end":{"line":1,"column":10861}},"270":{"start":{"line":1,"column":10863},"end":{"line":1,"column":10937}},"271":{"start":{"line":1,"column":10897},"end":{"line":1,"column":10935}},"272":{"start":{"line":1,"column":10937},"end":{"line":1,"column":11067}},"273":{"start":{"line":1,"column":10993},"end":{"line":1,"column":11065}},"274":{"start":{"line":1,"column":11067},"end":{"line":1,"column":11141}},"275":{"start":{"line":1,"column":11101},"end":{"line":1,"column":11139}},"276":{"start":{"line":1,"column":11141},"end":{"line":1,"column":11218}},"277":{"start":{"line":1,"column":11175},"end":{"line":1,"column":11216}},"278":{"start":{"line":1,"column":11218},"end":{"line":1,"column":11339}},"279":{"start":{"line":1,"column":11251},"end":{"line":1,"column":11275}},"280":{"start":{"line":1,"column":11275},"end":{"line":1,"column":11337}},"281":{"start":{"line":1,"column":11339},"end":{"line":1,"column":11534}},"282":{"start":{"line":1,"column":11383},"end":{"line":1,"column":11480}},"283":{"start":{"line":1,"column":11403},"end":{"line":1,"column":11479}},"284":{"start":{"line":1,"column":11431},"end":{"line":1,"column":11478}},"285":{"start":{"line":1,"column":11480},"end":{"line":1,"column":11532}},"286":{"start":{"line":1,"column":11534},"end":{"line":1,"column":11687}},"287":{"start":{"line":1,"column":11570},"end":{"line":1,"column":11626}},"288":{"start":{"line":1,"column":11626},"end":{"line":1,"column":11685}},"289":{"start":{"line":1,"column":11687},"end":{"line":1,"column":11819}},"290":{"start":{"line":1,"column":11720},"end":{"line":1,"column":11761}},"291":{"start":{"line":1,"column":11761},"end":{"line":1,"column":11817}},"292":{"start":{"line":1,"column":11819},"end":{"line":1,"column":11900}},"293":{"start":{"line":1,"column":11865},"end":{"line":1,"column":11887}},"294":{"start":{"line":1,"column":11887},"end":{"line":1,"column":11898}},"295":{"start":{"line":1,"column":11900},"end":{"line":1,"column":12105}},"296":{"start":{"line":1,"column":11952},"end":{"line":1,"column":11990}},"297":{"start":{"line":1,"column":11990},"end":{"line":1,"column":12025}},"298":{"start":{"line":1,"column":12025},"end":{"line":1,"column":12059}},"299":{"start":{"line":1,"column":12059},"end":{"line":1,"column":12092}},"300":{"start":{"line":1,"column":12092},"end":{"line":1,"column":12103}},"301":{"start":{"line":1,"column":12105},"end":{"line":1,"column":12200}},"302":{"start":{"line":1,"column":12143},"end":{"line":1,"column":12165}},"303":{"start":{"line":1,"column":12165},"end":{"line":1,"column":12187}},"304":{"start":{"line":1,"column":12187},"end":{"line":1,"column":12198}},"305":{"start":{"line":1,"column":12200},"end":{"line":1,"column":12376}},"306":{"start":{"line":1,"column":12238},"end":{"line":1,"column":12255}},"307":{"start":{"line":1,"column":12248},"end":{"line":1,"column":12255}},"308":{"start":{"line":1,"column":12264},"end":{"line":1,"column":12268}},"309":{"start":{"line":1,"column":12269},"end":{"line":1,"column":12374}},"310":{"start":{"line":1,"column":12312},"end":{"line":1,"column":12343}},"311":{"start":{"line":1,"column":12344},"end":{"line":1,"column":12372}},"312":{"start":{"line":1,"column":12376},"end":{"line":1,"column":12552}},"313":{"start":{"line":1,"column":12414},"end":{"line":1,"column":12431}},"314":{"start":{"line":1,"column":12424},"end":{"line":1,"column":12431}},"315":{"start":{"line":1,"column":12440},"end":{"line":1,"column":12444}},"316":{"start":{"line":1,"column":12445},"end":{"line":1,"column":12550}},"317":{"start":{"line":1,"column":12488},"end":{"line":1,"column":12519}},"318":{"start":{"line":1,"column":12520},"end":{"line":1,"column":12548}},"319":{"start":{"line":1,"column":12552},"end":{"line":1,"column":12636}},"320":{"start":{"line":1,"column":12590},"end":{"line":1,"column":12634}},"321":{"start":{"line":1,"column":12636},"end":{"line":1,"column":12775}},"322":{"start":{"line":1,"column":12677},"end":{"line":1,"column":12729}},"323":{"start":{"line":1,"column":12717},"end":{"line":1,"column":12729}},"324":{"start":{"line":1,"column":12729},"end":{"line":1,"column":12762}},"325":{"start":{"line":1,"column":12762},"end":{"line":1,"column":12773}},"326":{"start":{"line":1,"column":12775},"end":{"line":1,"column":12912}},"327":{"start":{"line":1,"column":12817},"end":{"line":1,"column":12899}},"328":{"start":{"line":1,"column":12846},"end":{"line":1,"column":12898}},"329":{"start":{"line":1,"column":12899},"end":{"line":1,"column":12910}},"330":{"start":{"line":1,"column":12912},"end":{"line":1,"column":13016}},"331":{"start":{"line":1,"column":12973},"end":{"line":1,"column":13003}},"332":{"start":{"line":1,"column":13003},"end":{"line":1,"column":13014}},"333":{"start":{"line":1,"column":13016},"end":{"line":1,"column":13295}},"334":{"start":{"line":1,"column":13049},"end":{"line":1,"column":13282}},"335":{"start":{"line":1,"column":13072},"end":{"line":1,"column":13107}},"336":{"start":{"line":1,"column":13097},"end":{"line":1,"column":13105}},"337":{"start":{"line":1,"column":13113},"end":{"line":1,"column":13282}},"338":{"start":{"line":1,"column":13139},"end":{"line":1,"column":13156}},"339":{"start":{"line":1,"column":13172},"end":{"line":1,"column":13189}},"340":{"start":{"line":1,"column":13190},"end":{"line":1,"column":13234}},"341":{"start":{"line":1,"column":13234},"end":{"line":1,"column":13251}},"342":{"start":{"line":1,"column":13251},"end":{"line":1,"column":13269}},"343":{"start":{"line":1,"column":13269},"end":{"line":1,"column":13281}},"344":{"start":{"line":1,"column":13282},"end":{"line":1,"column":13293}},"345":{"start":{"line":1,"column":13295},"end":{"line":1,"column":13345}},"346":{"start":{"line":1,"column":13325},"end":{"line":1,"column":13343}},"347":{"start":{"line":1,"column":13345},"end":{"line":1,"column":13537}},"348":{"start":{"line":1,"column":13377},"end":{"line":1,"column":13524}},"349":{"start":{"line":1,"column":13524},"end":{"line":1,"column":13535}},"350":{"start":{"line":1,"column":13537},"end":{"line":1,"column":13891}},"351":{"start":{"line":1,"column":13578},"end":{"line":1,"column":13582}},"352":{"start":{"line":1,"column":13583},"end":{"line":1,"column":13602}},"353":{"start":{"line":1,"column":13602},"end":{"line":1,"column":13693}},"354":{"start":{"line":1,"column":13630},"end":{"line":1,"column":13692}},"355":{"start":{"line":1,"column":13693},"end":{"line":1,"column":13774}},"356":{"start":{"line":1,"column":13774},"end":{"line":1,"column":13797}},"357":{"start":{"line":1,"column":13797},"end":{"line":1,"column":13817}},"358":{"start":{"line":1,"column":13803},"end":{"line":1,"column":13817}},"359":{"start":{"line":1,"column":13817},"end":{"line":1,"column":13879}},"360":{"start":{"line":1,"column":13847},"end":{"line":1,"column":13860}},"361":{"start":{"line":1,"column":13860},"end":{"line":1,"column":13876}},"362":{"start":{"line":1,"column":13879},"end":{"line":1,"column":13890}},"363":{"start":{"line":1,"column":13894},"end":{"line":1,"column":14098}},"364":{"start":{"line":1,"column":13923},"end":{"line":1,"column":13953}},"365":{"start":{"line":1,"column":13959},"end":{"line":1,"column":14098}},"366":{"start":{"line":1,"column":14001},"end":{"line":1,"column":14053}},"367":{"start":{"line":1,"column":14029},"end":{"line":1,"column":14051}},"368":{"start":{"line":1,"column":14059},"end":{"line":1,"column":14097}}},"fnMap":{"0":{"name":"(anonymous_0)","decl":{"start":{"line":1,"column":1},"end":{"line":1,"column":2}},"loc":{"start":{"line":1,"column":11},"end":{"line":1,"column":14099}},"line":1},"1":{"name":"require","decl":{"start":{"line":1,"column":21},"end":{"line":1,"column":28}},"loc":{"start":{"line":1,"column":34},"end":{"line":1,"column":329}},"line":1},"2":{"name":"(anonymous_2)","decl":{"start":{"line":1,"column":400},"end":{"line":1,"column":401}},"loc":{"start":{"line":1,"column":413},"end":{"line":1,"column":852}},"line":1},"3":{"name":"(anonymous_3)","decl":{"start":{"line":1,"column":868},"end":{"line":1,"column":869}},"loc":{"start":{"line":1,"column":893},"end":{"line":1,"column":1913}},"line":1},"4":{"name":"showError","decl":{"start":{"line":1,"column":903},"end":{"line":1,"column":912}},"loc":{"start":{"line":1,"column":918},"end":{"line":1,"column":981}},"line":1},"5":{"name":"(anonymous_5)","decl":{"start":{"line":1,"column":1809},"end":{"line":1,"column":1810}},"loc":{"start":{"line":1,"column":1822},"end":{"line":1,"column":1844}},"line":1},"6":{"name":"(anonymous_6)","decl":{"start":{"line":1,"column":1950},"end":{"line":1,"column":1951}},"loc":{"start":{"line":1,"column":1975},"end":{"line":1,"column":2022}},"line":1},"7":{"name":"(anonymous_7)","decl":{"start":{"line":1,"column":2038},"end":{"line":1,"column":2039}},"loc":{"start":{"line":1,"column":2060},"end":{"line":1,"column":2101}},"line":1},"8":{"name":"(anonymous_8)","decl":{"start":{"line":1,"column":2156},"end":{"line":1,"column":2157}},"loc":{"start":{"line":1,"column":2180},"end":{"line":1,"column":2415}},"line":1},"9":{"name":"(anonymous_9)","decl":{"start":{"line":1,"column":2468},"end":{"line":1,"column":2469}},"loc":{"start":{"line":1,"column":2492},"end":{"line":1,"column":3015}},"line":1},"10":{"name":"(anonymous_10)","decl":{"start":{"line":1,"column":3065},"end":{"line":1,"column":3066}},"loc":{"start":{"line":1,"column":3089},"end":{"line":1,"column":3483}},"line":1},"11":{"name":"(anonymous_11)","decl":{"start":{"line":1,"column":3113},"end":{"line":1,"column":3114}},"loc":{"start":{"line":1,"column":3125},"end":{"line":1,"column":3211}},"line":1},"12":{"name":"transitions","decl":{"start":{"line":1,"column":3221},"end":{"line":1,"column":3232}},"loc":{"start":{"line":1,"column":3241},"end":{"line":1,"column":3351}},"line":1},"13":{"name":"(anonymous_13)","decl":{"start":{"line":1,"column":3526},"end":{"line":1,"column":3527}},"loc":{"start":{"line":1,"column":3550},"end":{"line":1,"column":3918}},"line":1},"14":{"name":"(anonymous_14)","decl":{"start":{"line":1,"column":3741},"end":{"line":1,"column":3742}},"loc":{"start":{"line":1,"column":3769},"end":{"line":1,"column":3820}},"line":1},"15":{"name":"(anonymous_15)","decl":{"start":{"line":1,"column":3836},"end":{"line":1,"column":3837}},"loc":{"start":{"line":1,"column":3864},"end":{"line":1,"column":3917}},"line":1},"16":{"name":"(anonymous_16)","decl":{"start":{"line":1,"column":3965},"end":{"line":1,"column":3966}},"loc":{"start":{"line":1,"column":3989},"end":{"line":1,"column":4699}},"line":1},"17":{"name":"CssEmitter","decl":{"start":{"line":1,"column":4223},"end":{"line":1,"column":4233}},"loc":{"start":{"line":1,"column":4242},"end":{"line":1,"column":4323}},"line":1},"18":{"name":"(anonymous_18)","decl":{"start":{"line":1,"column":4349},"end":{"line":1,"column":4350}},"loc":{"start":{"line":1,"column":4361},"end":{"line":1,"column":4439}},"line":1},"19":{"name":"(anonymous_19)","decl":{"start":{"line":1,"column":4468},"end":{"line":1,"column":4469}},"loc":{"start":{"line":1,"column":4480},"end":{"line":1,"column":4560}},"line":1},"20":{"name":"(anonymous_20)","decl":{"start":{"line":1,"column":4587},"end":{"line":1,"column":4588}},"loc":{"start":{"line":1,"column":4599},"end":{"line":1,"column":4698}},"line":1},"21":{"name":"on","decl":{"start":{"line":1,"column":4623},"end":{"line":1,"column":4625}},"loc":{"start":{"line":1,"column":4627},"end":{"line":1,"column":4672}},"line":1},"22":{"name":"(anonymous_22)","decl":{"start":{"line":1,"column":4741},"end":{"line":1,"column":4742}},"loc":{"start":{"line":1,"column":4765},"end":{"line":1,"column":5062}},"line":1},"23":{"name":"(anonymous_23)","decl":{"start":{"line":1,"column":4785},"end":{"line":1,"column":4786}},"loc":{"start":{"line":1,"column":4795},"end":{"line":1,"column":4808}},"line":1},"24":{"name":"(anonymous_24)","decl":{"start":{"line":1,"column":4826},"end":{"line":1,"column":4827}},"loc":{"start":{"line":1,"column":4838},"end":{"line":1,"column":5061}},"line":1},"25":{"name":"once","decl":{"start":{"line":1,"column":4859},"end":{"line":1,"column":4863}},"loc":{"start":{"line":1,"column":4865},"end":{"line":1,"column":5049}},"line":1},"26":{"name":"(anonymous_26)","decl":{"start":{"line":1,"column":5113},"end":{"line":1,"column":5114}},"loc":{"start":{"line":1,"column":5137},"end":{"line":1,"column":5507}},"line":1},"27":{"name":"after","decl":{"start":{"line":1,"column":5318},"end":{"line":1,"column":5323}},"loc":{"start":{"line":1,"column":5330},"end":{"line":1,"column":5398}},"line":1},"28":{"name":"(anonymous_28)","decl":{"start":{"line":1,"column":5409},"end":{"line":1,"column":5410}},"loc":{"start":{"line":1,"column":5424},"end":{"line":1,"column":5506}},"line":1},"29":{"name":"(anonymous_29)","decl":{"start":{"line":1,"column":5459},"end":{"line":1,"column":5460}},"loc":{"start":{"line":1,"column":5469},"end":{"line":1,"column":5504}},"line":1},"30":{"name":"(anonymous_30)","decl":{"start":{"line":1,"column":5552},"end":{"line":1,"column":5553}},"loc":{"start":{"line":1,"column":5576},"end":{"line":1,"column":7062}},"line":1},"31":{"name":"Emitter","decl":{"start":{"line":1,"column":5609},"end":{"line":1,"column":5616}},"loc":{"start":{"line":1,"column":5621},"end":{"line":1,"column":5647}},"line":1},"32":{"name":"mixin","decl":{"start":{"line":1,"column":5656},"end":{"line":1,"column":5661}},"loc":{"start":{"line":1,"column":5666},"end":{"line":1,"column":5744}},"line":1},"33":{"name":"(anonymous_33)","decl":{"start":{"line":1,"column":5800},"end":{"line":1,"column":5801}},"loc":{"start":{"line":1,"column":5818},"end":{"line":1,"column":5936}},"line":1},"34":{"name":"(anonymous_34)","decl":{"start":{"line":1,"column":5960},"end":{"line":1,"column":5961}},"loc":{"start":{"line":1,"column":5978},"end":{"line":1,"column":6076}},"line":1},"35":{"name":"on","decl":{"start":{"line":1,"column":5988},"end":{"line":1,"column":5990}},"loc":{"start":{"line":1,"column":5992},"end":{"line":1,"column":6037}},"line":1},"36":{"name":"(anonymous_36)","decl":{"start":{"line":1,"column":6207},"end":{"line":1,"column":6208}},"loc":{"start":{"line":1,"column":6225},"end":{"line":1,"column":6578}},"line":1},"37":{"name":"(anonymous_37)","decl":{"start":{"line":1,"column":6602},"end":{"line":1,"column":6603}},"loc":{"start":{"line":1,"column":6617},"end":{"line":1,"column":6857}},"line":1},"38":{"name":"(anonymous_38)","decl":{"start":{"line":1,"column":6886},"end":{"line":1,"column":6887}},"loc":{"start":{"line":1,"column":6901},"end":{"line":1,"column":6976}},"line":1},"39":{"name":"(anonymous_39)","decl":{"start":{"line":1,"column":7008},"end":{"line":1,"column":7009}},"loc":{"start":{"line":1,"column":7023},"end":{"line":1,"column":7061}},"line":1},"40":{"name":"(anonymous_40)","decl":{"start":{"line":1,"column":7105},"end":{"line":1,"column":7106}},"loc":{"start":{"line":1,"column":7129},"end":{"line":1,"column":8717}},"line":1},"41":{"name":"(anonymous_41)","decl":{"start":{"line":1,"column":8760},"end":{"line":1,"column":8761}},"loc":{"start":{"line":1,"column":8784},"end":{"line":1,"column":9204}},"line":1},"42":{"name":"one","decl":{"start":{"line":1,"column":8794},"end":{"line":1,"column":8797}},"loc":{"start":{"line":1,"column":8810},"end":{"line":1,"column":8845}},"line":1},"43":{"name":"(anonymous_43)","decl":{"start":{"line":1,"column":8868},"end":{"line":1,"column":8869}},"loc":{"start":{"line":1,"column":8889},"end":{"line":1,"column":8930}},"line":1},"44":{"name":"(anonymous_44)","decl":{"start":{"line":1,"column":8943},"end":{"line":1,"column":8944}},"loc":{"start":{"line":1,"column":8964},"end":{"line":1,"column":9018}},"line":1},"45":{"name":"(anonymous_45)","decl":{"start":{"line":1,"column":9034},"end":{"line":1,"column":9035}},"loc":{"start":{"line":1,"column":9047},"end":{"line":1,"column":9203}},"line":1},"46":{"name":"(anonymous_46)","decl":{"start":{"line":1,"column":9230},"end":{"line":1,"column":9231}},"loc":{"start":{"line":1,"column":9254},"end":{"line":1,"column":13892}},"line":1},"47":{"name":"(anonymous_47)","decl":{"start":{"line":1,"column":9706},"end":{"line":1,"column":9707}},"loc":{"start":{"line":1,"column":9724},"end":{"line":1,"column":9793}},"line":1},"48":{"name":"Move","decl":{"start":{"line":1,"column":9803},"end":{"line":1,"column":9807}},"loc":{"start":{"line":1,"column":9811},"end":{"line":1,"column":10099}},"line":1},"49":{"name":"(anonymous_49)","decl":{"start":{"line":1,"column":10148},"end":{"line":1,"column":10149}},"loc":{"start":{"line":1,"column":10167},"end":{"line":1,"column":10213}},"line":1},"50":{"name":"(anonymous_50)","decl":{"start":{"line":1,"column":10234},"end":{"line":1,"column":10235}},"loc":{"start":{"line":1,"column":10247},"end":{"line":1,"column":10303}},"line":1},"51":{"name":"(anonymous_51)","decl":{"start":{"line":1,"column":10325},"end":{"line":1,"column":10326}},"loc":{"start":{"line":1,"column":10336},"end":{"line":1,"column":10378}},"line":1},"52":{"name":"(anonymous_52)","decl":{"start":{"line":1,"column":10400},"end":{"line":1,"column":10401}},"loc":{"start":{"line":1,"column":10411},"end":{"line":1,"column":10453}},"line":1},"53":{"name":"(anonymous_53)","decl":{"start":{"line":1,"column":10497},"end":{"line":1,"column":10498}},"loc":{"start":{"line":1,"column":10510},"end":{"line":1,"column":10574}},"line":1},"54":{"name":"(anonymous_54)","decl":{"start":{"line":1,"column":10618},"end":{"line":1,"column":10619}},"loc":{"start":{"line":1,"column":10629},"end":{"line":1,"column":10675}},"line":1},"55":{"name":"(anonymous_55)","decl":{"start":{"line":1,"column":10719},"end":{"line":1,"column":10720}},"loc":{"start":{"line":1,"column":10730},"end":{"line":1,"column":10776}},"line":1},"56":{"name":"(anonymous_56)","decl":{"start":{"line":1,"column":10798},"end":{"line":1,"column":10799}},"loc":{"start":{"line":1,"column":10811},"end":{"line":1,"column":10862}},"line":1},"57":{"name":"(anonymous_57)","decl":{"start":{"line":1,"column":10885},"end":{"line":1,"column":10886}},"loc":{"start":{"line":1,"column":10896},"end":{"line":1,"column":10936}},"line":1},"58":{"name":"(anonymous_58)","decl":{"start":{"line":1,"column":10959},"end":{"line":1,"column":10960}},"loc":{"start":{"line":1,"column":10992},"end":{"line":1,"column":11066}},"line":1},"59":{"name":"(anonymous_59)","decl":{"start":{"line":1,"column":11089},"end":{"line":1,"column":11090}},"loc":{"start":{"line":1,"column":11100},"end":{"line":1,"column":11140}},"line":1},"60":{"name":"(anonymous_60)","decl":{"start":{"line":1,"column":11163},"end":{"line":1,"column":11164}},"loc":{"start":{"line":1,"column":11174},"end":{"line":1,"column":11217}},"line":1},"61":{"name":"(anonymous_61)","decl":{"start":{"line":1,"column":11238},"end":{"line":1,"column":11239}},"loc":{"start":{"line":1,"column":11250},"end":{"line":1,"column":11338}},"line":1},"62":{"name":"(anonymous_62)","decl":{"start":{"line":1,"column":11362},"end":{"line":1,"column":11363}},"loc":{"start":{"line":1,"column":11382},"end":{"line":1,"column":11533}},"line":1},"63":{"name":"(anonymous_63)","decl":{"start":{"line":1,"column":11558},"end":{"line":1,"column":11559}},"loc":{"start":{"line":1,"column":11569},"end":{"line":1,"column":11686}},"line":1},"64":{"name":"(anonymous_64)","decl":{"start":{"line":1,"column":11708},"end":{"line":1,"column":11709}},"loc":{"start":{"line":1,"column":11719},"end":{"line":1,"column":11818}},"line":1},"65":{"name":"(anonymous_65)","decl":{"start":{"line":1,"column":11846},"end":{"line":1,"column":11847}},"loc":{"start":{"line":1,"column":11864},"end":{"line":1,"column":11899}},"line":1},"66":{"name":"(anonymous_66)","decl":{"start":{"line":1,"column":11933},"end":{"line":1,"column":11934}},"loc":{"start":{"line":1,"column":11951},"end":{"line":1,"column":12104}},"line":1},"67":{"name":"(anonymous_67)","decl":{"start":{"line":1,"column":12124},"end":{"line":1,"column":12125}},"loc":{"start":{"line":1,"column":12142},"end":{"line":1,"column":12199}},"line":1},"68":{"name":"(anonymous_68)","decl":{"start":{"line":1,"column":12219},"end":{"line":1,"column":12220}},"loc":{"start":{"line":1,"column":12237},"end":{"line":1,"column":12375}},"line":1},"69":{"name":"(anonymous_69)","decl":{"start":{"line":1,"column":12292},"end":{"line":1,"column":12293}},"loc":{"start":{"line":1,"column":12302},"end":{"line":1,"column":12373}},"line":1},"70":{"name":"(anonymous_70)","decl":{"start":{"line":1,"column":12395},"end":{"line":1,"column":12396}},"loc":{"start":{"line":1,"column":12413},"end":{"line":1,"column":12551}},"line":1},"71":{"name":"(anonymous_71)","decl":{"start":{"line":1,"column":12468},"end":{"line":1,"column":12469}},"loc":{"start":{"line":1,"column":12478},"end":{"line":1,"column":12549}},"line":1},"72":{"name":"(anonymous_72)","decl":{"start":{"line":1,"column":12575},"end":{"line":1,"column":12576}},"loc":{"start":{"line":1,"column":12589},"end":{"line":1,"column":12635}},"line":1},"73":{"name":"(anonymous_73)","decl":{"start":{"line":1,"column":12662},"end":{"line":1,"column":12663}},"loc":{"start":{"line":1,"column":12676},"end":{"line":1,"column":12774}},"line":1},"74":{"name":"(anonymous_74)","decl":{"start":{"line":1,"column":12806},"end":{"line":1,"column":12807}},"loc":{"start":{"line":1,"column":12816},"end":{"line":1,"column":12911}},"line":1},"75":{"name":"(anonymous_75)","decl":{"start":{"line":1,"column":12954},"end":{"line":1,"column":12955}},"loc":{"start":{"line":1,"column":12972},"end":{"line":1,"column":13015}},"line":1},"76":{"name":"(anonymous_76)","decl":{"start":{"line":1,"column":13036},"end":{"line":1,"column":13037}},"loc":{"start":{"line":1,"column":13048},"end":{"line":1,"column":13294}},"line":1},"77":{"name":"(anonymous_77)","decl":{"start":{"line":1,"column":13086},"end":{"line":1,"column":13087}},"loc":{"start":{"line":1,"column":13096},"end":{"line":1,"column":13106}},"line":1},"78":{"name":"(anonymous_78)","decl":{"start":{"line":1,"column":13314},"end":{"line":1,"column":13315}},"loc":{"start":{"line":1,"column":13324},"end":{"line":1,"column":13344}},"line":1},"79":{"name":"(anonymous_79)","decl":{"start":{"line":1,"column":13366},"end":{"line":1,"column":13367}},"loc":{"start":{"line":1,"column":13376},"end":{"line":1,"column":13536}},"line":1},"80":{"name":"(anonymous_80)","decl":{"start":{"line":1,"column":13556},"end":{"line":1,"column":13557}},"loc":{"start":{"line":1,"column":13568},"end":{"line":1,"column":13891}},"line":1},"81":{"name":"(anonymous_81)","decl":{"start":{"line":1,"column":13836},"end":{"line":1,"column":13837}},"loc":{"start":{"line":1,"column":13846},"end":{"line":1,"column":13877}},"line":1},"82":{"name":"(anonymous_82)","decl":{"start":{"line":1,"column":14018},"end":{"line":1,"column":14019}},"loc":{"start":{"line":1,"column":14028},"end":{"line":1,"column":14052}},"line":1}},"branchMap":{"0":{"loc":{"start":{"line":1,"column":68},"end":{"line":1,"column":127}},"type":"if","locations":[{"start":{"line":1,"column":68},"end":{"line":1,"column":127}},{"start":{"line":1,"column":68},"end":{"line":1,"column":127}}],"line":1},"1":{"loc":{"start":{"line":1,"column":127},"end":{"line":1,"column":307}},"type":"if","locations":[{"start":{"line":1,"column":127},"end":{"line":1,"column":307}},{"start":{"line":1,"column":127},"end":{"line":1,"column":307}}],"line":1},"2":{"loc":{"start":{"line":1,"column":130},"end":{"line":1,"column":190}},"type":"binary-expr","locations":[{"start":{"line":1,"column":130},"end":{"line":1,"column":151}},{"start":{"line":1,"column":153},"end":{"line":1,"column":190}}],"line":1},"3":{"loc":{"start":{"line":1,"column":575},"end":{"line":1,"column":842}},"type":"if","locations":[{"start":{"line":1,"column":575},"end":{"line":1,"column":842}},{"start":{"line":1,"column":575},"end":{"line":1,"column":842}}],"line":1},"4":{"loc":{"start":{"line":1,"column":679},"end":{"line":1,"column":712}},"type":"if","locations":[{"start":{"line":1,"column":679},"end":{"line":1,"column":712}},{"start":{"line":1,"column":679},"end":{"line":1,"column":712}}],"line":1},"5":{"loc":{"start":{"line":1,"column":682},"end":{"line":1,"column":702}},"type":"binary-expr","locations":[{"start":{"line":1,"column":682},"end":{"line":1,"column":691}},{"start":{"line":1,"column":693},"end":{"line":1,"column":702}}],"line":1},"6":{"loc":{"start":{"line":1,"column":712},"end":{"line":1,"column":745}},"type":"if","locations":[{"start":{"line":1,"column":712},"end":{"line":1,"column":745}},{"start":{"line":1,"column":712},"end":{"line":1,"column":745}}],"line":1},"7":{"loc":{"start":{"line":1,"column":715},"end":{"line":1,"column":735}},"type":"binary-expr","locations":[{"start":{"line":1,"column":715},"end":{"line":1,"column":724}},{"start":{"line":1,"column":726},"end":{"line":1,"column":735}}],"line":1},"8":{"loc":{"start":{"line":1,"column":745},"end":{"line":1,"column":791}},"type":"if","locations":[{"start":{"line":1,"column":745},"end":{"line":1,"column":791}},{"start":{"line":1,"column":745},"end":{"line":1,"column":791}}],"line":1},"9":{"loc":{"start":{"line":1,"column":748},"end":{"line":1,"column":768}},"type":"binary-expr","locations":[{"start":{"line":1,"column":748},"end":{"line":1,"column":757}},{"start":{"line":1,"column":759},"end":{"line":1,"column":768}}],"line":1},"10":{"loc":{"start":{"line":1,"column":776},"end":{"line":1,"column":790}},"type":"cond-expr","locations":[{"start":{"line":1,"column":786},"end":{"line":1,"column":787}},{"start":{"line":1,"column":788},"end":{"line":1,"column":790}}],"line":1},"11":{"loc":{"start":{"line":1,"column":805},"end":{"line":1,"column":842}},"type":"if","locations":[{"start":{"line":1,"column":805},"end":{"line":1,"column":842}},{"start":{"line":1,"column":805},"end":{"line":1,"column":842}}],"line":1},"12":{"loc":{"start":{"line":1,"column":1065},"end":{"line":1,"column":1109}},"type":"if","locations":[{"start":{"line":1,"column":1065},"end":{"line":1,"column":1109}},{"start":{"line":1,"column":1065},"end":{"line":1,"column":1109}}],"line":1},"13":{"loc":{"start":{"line":1,"column":1269},"end":{"line":1,"column":1544}},"type":"if","locations":[{"start":{"line":1,"column":1269},"end":{"line":1,"column":1544}},{"start":{"line":1,"column":1269},"end":{"line":1,"column":1544}}],"line":1},"14":{"loc":{"start":{"line":1,"column":1403},"end":{"line":1,"column":1543}},"type":"if","locations":[{"start":{"line":1,"column":1403},"end":{"line":1,"column":1543}},{"start":{"line":1,"column":1403},"end":{"line":1,"column":1543}}],"line":1},"15":{"loc":{"start":{"line":1,"column":1545},"end":{"line":1,"column":1617}},"type":"if","locations":[{"start":{"line":1,"column":1545},"end":{"line":1,"column":1617}},{"start":{"line":1,"column":1545},"end":{"line":1,"column":1617}}],"line":1},"16":{"loc":{"start":{"line":1,"column":1617},"end":{"line":1,"column":1777}},"type":"if","locations":[{"start":{"line":1,"column":1617},"end":{"line":1,"column":1777}},{"start":{"line":1,"column":1617},"end":{"line":1,"column":1777}}],"line":1},"17":{"loc":{"start":{"line":1,"column":1718},"end":{"line":1,"column":1754}},"type":"if","locations":[{"start":{"line":1,"column":1718},"end":{"line":1,"column":1754}},{"start":{"line":1,"column":1718},"end":{"line":1,"column":1754}}],"line":1},"18":{"loc":{"start":{"line":1,"column":1854},"end":{"line":1,"column":1890}},"type":"if","locations":[{"start":{"line":1,"column":1854},"end":{"line":1,"column":1890}},{"start":{"line":1,"column":1854},"end":{"line":1,"column":1890}}],"line":1},"19":{"loc":{"start":{"line":1,"column":2360},"end":{"line":1,"column":2413}},"type":"if","locations":[{"start":{"line":1,"column":2360},"end":{"line":1,"column":2413}},{"start":{"line":1,"column":2360},"end":{"line":1,"column":2413}}],"line":1},"20":{"loc":{"start":{"line":1,"column":2548},"end":{"line":1,"column":3014}},"type":"if","locations":[{"start":{"line":1,"column":2548},"end":{"line":1,"column":3014}},{"start":{"line":1,"column":2548},"end":{"line":1,"column":3014}}],"line":1},"21":{"loc":{"start":{"line":1,"column":2551},"end":{"line":1,"column":2582}},"type":"binary-expr","locations":[{"start":{"line":1,"column":2551},"end":{"line":1,"column":2556}},{"start":{"line":1,"column":2558},"end":{"line":1,"column":2582}}],"line":1},"22":{"loc":{"start":{"line":1,"column":2979},"end":{"line":1,"column":3013}},"type":"binary-expr","locations":[{"start":{"line":1,"column":2979},"end":{"line":1,"column":2988}},{"start":{"line":1,"column":2990},"end":{"line":1,"column":3000}},{"start":{"line":1,"column":3002},"end":{"line":1,"column":3013}}],"line":1},"23":{"loc":{"start":{"line":1,"column":3126},"end":{"line":1,"column":3210}},"type":"switch","locations":[{"start":{"line":1,"column":3151},"end":{"line":1,"column":3170}},{"start":{"line":1,"column":3170},"end":{"line":1,"column":3209}}],"line":1},"24":{"loc":{"start":{"line":1,"column":3184},"end":{"line":1,"column":3209}},"type":"cond-expr","locations":[{"start":{"line":1,"column":3189},"end":{"line":1,"column":3204}},{"start":{"line":1,"column":3205},"end":{"line":1,"column":3209}}],"line":1},"25":{"loc":{"start":{"line":1,"column":3242},"end":{"line":1,"column":3271}},"type":"if","locations":[{"start":{"line":1,"column":3242},"end":{"line":1,"column":3271}},{"start":{"line":1,"column":3242},"end":{"line":1,"column":3271}}],"line":1},"26":{"loc":{"start":{"line":1,"column":3389},"end":{"line":1,"column":3482}},"type":"binary-expr","locations":[{"start":{"line":1,"column":3389},"end":{"line":1,"column":3408}},{"start":{"line":1,"column":3410},"end":{"line":1,"column":3435}},{"start":{"line":1,"column":3437},"end":{"line":1,"column":3459}},{"start":{"line":1,"column":3461},"end":{"line":1,"column":3482}}],"line":1},"27":{"loc":{"start":{"line":1,"column":3560},"end":{"line":1,"column":3616}},"type":"cond-expr","locations":[{"start":{"line":1,"column":3584},"end":{"line":1,"column":3602}},{"start":{"line":1,"column":3603},"end":{"line":1,"column":3616}}],"line":1},"28":{"loc":{"start":{"line":1,"column":3624},"end":{"line":1,"column":3686}},"type":"cond-expr","locations":[{"start":{"line":1,"column":3651},"end":{"line":1,"column":3672}},{"start":{"line":1,"column":3673},"end":{"line":1,"column":3686}}],"line":1},"29":{"loc":{"start":{"line":1,"column":3694},"end":{"line":1,"column":3727}},"type":"cond-expr","locations":[{"start":{"line":1,"column":3720},"end":{"line":1,"column":3724}},{"start":{"line":1,"column":3725},"end":{"line":1,"column":3727}}],"line":1},"30":{"loc":{"start":{"line":1,"column":3794},"end":{"line":1,"column":3808}},"type":"binary-expr","locations":[{"start":{"line":1,"column":3794},"end":{"line":1,"column":3801}},{"start":{"line":1,"column":3803},"end":{"line":1,"column":3808}}],"line":1},"31":{"loc":{"start":{"line":1,"column":3891},"end":{"line":1,"column":3905}},"type":"binary-expr","locations":[{"start":{"line":1,"column":3891},"end":{"line":1,"column":3898}},{"start":{"line":1,"column":3900},"end":{"line":1,"column":3905}}],"line":1},"32":{"loc":{"start":{"line":1,"column":4243},"end":{"line":1,"column":4307}},"type":"if","locations":[{"start":{"line":1,"column":4243},"end":{"line":1,"column":4307}},{"start":{"line":1,"column":4243},"end":{"line":1,"column":4307}}],"line":1},"33":{"loc":{"start":{"line":1,"column":4866},"end":{"line":1,"column":4954}},"type":"if","locations":[{"start":{"line":1,"column":4866},"end":{"line":1,"column":4954}},{"start":{"line":1,"column":4866},"end":{"line":1,"column":4954}}],"line":1},"34":{"loc":{"start":{"line":1,"column":4883},"end":{"line":1,"column":4905}},"type":"if","locations":[{"start":{"line":1,"column":4883},"end":{"line":1,"column":4905}},{"start":{"line":1,"column":4883},"end":{"line":1,"column":4905}}],"line":1},"35":{"loc":{"start":{"line":1,"column":4982},"end":{"line":1,"column":5002}},"type":"if","locations":[{"start":{"line":1,"column":4982},"end":{"line":1,"column":5002}},{"start":{"line":1,"column":4982},"end":{"line":1,"column":5002}}],"line":1},"36":{"loc":{"start":{"line":1,"column":5331},"end":{"line":1,"column":5367}},"type":"if","locations":[{"start":{"line":1,"column":5331},"end":{"line":1,"column":5367}},{"start":{"line":1,"column":5331},"end":{"line":1,"column":5367}}],"line":1},"37":{"loc":{"start":{"line":1,"column":5334},"end":{"line":1,"column":5354}},"type":"binary-expr","locations":[{"start":{"line":1,"column":5334},"end":{"line":1,"column":5344}},{"start":{"line":1,"column":5346},"end":{"line":1,"column":5354}}],"line":1},"38":{"loc":{"start":{"line":1,"column":5622},"end":{"line":1,"column":5646}},"type":"if","locations":[{"start":{"line":1,"column":5622},"end":{"line":1,"column":5646}},{"start":{"line":1,"column":5622},"end":{"line":1,"column":5646}}],"line":1},"39":{"loc":{"start":{"line":1,"column":5835},"end":{"line":1,"column":5854}},"type":"binary-expr","locations":[{"start":{"line":1,"column":5835},"end":{"line":1,"column":5850}},{"start":{"line":1,"column":5852},"end":{"line":1,"column":5854}}],"line":1},"40":{"loc":{"start":{"line":1,"column":5883},"end":{"line":1,"column":5913}},"type":"binary-expr","locations":[{"start":{"line":1,"column":5883},"end":{"line":1,"column":5909}},{"start":{"line":1,"column":5911},"end":{"line":1,"column":5913}}],"line":1},"41":{"loc":{"start":{"line":1,"column":6242},"end":{"line":1,"column":6261}},"type":"binary-expr","locations":[{"start":{"line":1,"column":6242},"end":{"line":1,"column":6257}},{"start":{"line":1,"column":6259},"end":{"line":1,"column":6261}}],"line":1},"42":{"loc":{"start":{"line":1,"column":6262},"end":{"line":1,"column":6317}},"type":"if","locations":[{"start":{"line":1,"column":6262},"end":{"line":1,"column":6317}},{"start":{"line":1,"column":6262},"end":{"line":1,"column":6317}}],"line":1},"43":{"loc":{"start":{"line":1,"column":6358},"end":{"line":1,"column":6384}},"type":"if","locations":[{"start":{"line":1,"column":6358},"end":{"line":1,"column":6384}},{"start":{"line":1,"column":6358},"end":{"line":1,"column":6384}}],"line":1},"44":{"loc":{"start":{"line":1,"column":6384},"end":{"line":1,"column":6454}},"type":"if","locations":[{"start":{"line":1,"column":6384},"end":{"line":1,"column":6454}},{"start":{"line":1,"column":6384},"end":{"line":1,"column":6454}}],"line":1},"45":{"loc":{"start":{"line":1,"column":6513},"end":{"line":1,"column":6565}},"type":"if","locations":[{"start":{"line":1,"column":6513},"end":{"line":1,"column":6565}},{"start":{"line":1,"column":6513},"end":{"line":1,"column":6565}}],"line":1},"46":{"loc":{"start":{"line":1,"column":6516},"end":{"line":1,"column":6535}},"type":"binary-expr","locations":[{"start":{"line":1,"column":6516},"end":{"line":1,"column":6523}},{"start":{"line":1,"column":6525},"end":{"line":1,"column":6535}}],"line":1},"47":{"loc":{"start":{"line":1,"column":6634},"end":{"line":1,"column":6653}},"type":"binary-expr","locations":[{"start":{"line":1,"column":6634},"end":{"line":1,"column":6649}},{"start":{"line":1,"column":6651},"end":{"line":1,"column":6653}}],"line":1},"48":{"loc":{"start":{"line":1,"column":6727},"end":{"line":1,"column":6845}},"type":"if","locations":[{"start":{"line":1,"column":6727},"end":{"line":1,"column":6845}},{"start":{"line":1,"column":6727},"end":{"line":1,"column":6845}}],"line":1},"49":{"loc":{"start":{"line":1,"column":6918},"end":{"line":1,"column":6937}},"type":"binary-expr","locations":[{"start":{"line":1,"column":6918},"end":{"line":1,"column":6933}},{"start":{"line":1,"column":6935},"end":{"line":1,"column":6937}}],"line":1},"50":{"loc":{"start":{"line":1,"column":6945},"end":{"line":1,"column":6975}},"type":"binary-expr","locations":[{"start":{"line":1,"column":6945},"end":{"line":1,"column":6971}},{"start":{"line":1,"column":6973},"end":{"line":1,"column":6975}}],"line":1},"51":{"loc":{"start":{"line":1,"column":8893},"end":{"line":1,"column":8905}},"type":"binary-expr","locations":[{"start":{"line":1,"column":8893},"end":{"line":1,"column":8895}},{"start":{"line":1,"column":8897},"end":{"line":1,"column":8905}}],"line":1},"52":{"loc":{"start":{"line":1,"column":8968},"end":{"line":1,"column":8980}},"type":"binary-expr","locations":[{"start":{"line":1,"column":8968},"end":{"line":1,"column":8970}},{"start":{"line":1,"column":8972},"end":{"line":1,"column":8980}}],"line":1},"53":{"loc":{"start":{"line":1,"column":9048},"end":{"line":1,"column":9102}},"type":"if","locations":[{"start":{"line":1,"column":9048},"end":{"line":1,"column":9102}},{"start":{"line":1,"column":9048},"end":{"line":1,"column":9102}}],"line":1},"54":{"loc":{"start":{"line":1,"column":9102},"end":{"line":1,"column":9156}},"type":"if","locations":[{"start":{"line":1,"column":9102},"end":{"line":1,"column":9156}},{"start":{"line":1,"column":9102},"end":{"line":1,"column":9156}}],"line":1},"55":{"loc":{"start":{"line":1,"column":9505},"end":{"line":1,"column":9553}},"type":"cond-expr","locations":[{"start":{"line":1,"column":9511},"end":{"line":1,"column":9534}},{"start":{"line":1,"column":9535},"end":{"line":1,"column":9553}}],"line":1},"56":{"loc":{"start":{"line":1,"column":9584},"end":{"line":1,"column":9628}},"type":"binary-expr","locations":[{"start":{"line":1,"column":9584},"end":{"line":1,"column":9607}},{"start":{"line":1,"column":9609},"end":{"line":1,"column":9628}}],"line":1},"57":{"loc":{"start":{"line":1,"column":9725},"end":{"line":1,"column":9770}},"type":"if","locations":[{"start":{"line":1,"column":9725},"end":{"line":1,"column":9770}},{"start":{"line":1,"column":9725},"end":{"line":1,"column":9770}}],"line":1},"58":{"loc":{"start":{"line":1,"column":9812},"end":{"line":1,"column":9859}},"type":"if","locations":[{"start":{"line":1,"column":9812},"end":{"line":1,"column":9859}},{"start":{"line":1,"column":9812},"end":{"line":1,"column":9859}}],"line":1},"59":{"loc":{"start":{"line":1,"column":9859},"end":{"line":1,"column":9895}},"type":"if","locations":[{"start":{"line":1,"column":9859},"end":{"line":1,"column":9895}},{"start":{"line":1,"column":9859},"end":{"line":1,"column":9895}}],"line":1},"60":{"loc":{"start":{"line":1,"column":9895},"end":{"line":1,"column":9975}},"type":"if","locations":[{"start":{"line":1,"column":9895},"end":{"line":1,"column":9975}},{"start":{"line":1,"column":9895},"end":{"line":1,"column":9975}}],"line":1},"61":{"loc":{"start":{"line":1,"column":10289},"end":{"line":1,"column":10293}},"type":"binary-expr","locations":[{"start":{"line":1,"column":10289},"end":{"line":1,"column":10290}},{"start":{"line":1,"column":10292},"end":{"line":1,"column":10293}}],"line":1},"62":{"loc":{"start":{"line":1,"column":10561},"end":{"line":1,"column":10565}},"type":"binary-expr","locations":[{"start":{"line":1,"column":10561},"end":{"line":1,"column":10562}},{"start":{"line":1,"column":10564},"end":{"line":1,"column":10565}}],"line":1},"63":{"loc":{"start":{"line":1,"column":10851},"end":{"line":1,"column":10855}},"type":"binary-expr","locations":[{"start":{"line":1,"column":10851},"end":{"line":1,"column":10852}},{"start":{"line":1,"column":10854},"end":{"line":1,"column":10855}}],"line":1},"64":{"loc":{"start":{"line":1,"column":11254},"end":{"line":1,"column":11274}},"type":"binary-expr","locations":[{"start":{"line":1,"column":11254},"end":{"line":1,"column":11262}},{"start":{"line":1,"column":11264},"end":{"line":1,"column":11266}},{"start":{"line":1,"column":11268},"end":{"line":1,"column":11274}}],"line":1},"65":{"loc":{"start":{"line":1,"column":11403},"end":{"line":1,"column":11479}},"type":"if","locations":[{"start":{"line":1,"column":11403},"end":{"line":1,"column":11479}},{"start":{"line":1,"column":11403},"end":{"line":1,"column":11479}}],"line":1},"66":{"loc":{"start":{"line":1,"column":11587},"end":{"line":1,"column":11625}},"type":"cond-expr","locations":[{"start":{"line":1,"column":11606},"end":{"line":1,"column":11623}},{"start":{"line":1,"column":11624},"end":{"line":1,"column":11625}}],"line":1},"67":{"loc":{"start":{"line":1,"column":11722},"end":{"line":1,"column":11760}},"type":"cond-expr","locations":[{"start":{"line":1,"column":11741},"end":{"line":1,"column":11758}},{"start":{"line":1,"column":11759},"end":{"line":1,"column":11760}}],"line":1},"68":{"loc":{"start":{"line":1,"column":12238},"end":{"line":1,"column":12255}},"type":"if","locations":[{"start":{"line":1,"column":12238},"end":{"line":1,"column":12255}},{"start":{"line":1,"column":12238},"end":{"line":1,"column":12255}}],"line":1},"69":{"loc":{"start":{"line":1,"column":12414},"end":{"line":1,"column":12431}},"type":"if","locations":[{"start":{"line":1,"column":12414},"end":{"line":1,"column":12431}},{"start":{"line":1,"column":12414},"end":{"line":1,"column":12431}}],"line":1},"70":{"loc":{"start":{"line":1,"column":12677},"end":{"line":1,"column":12729}},"type":"if","locations":[{"start":{"line":1,"column":12677},"end":{"line":1,"column":12729}},{"start":{"line":1,"column":12677},"end":{"line":1,"column":12729}}],"line":1},"71":{"loc":{"start":{"line":1,"column":13049},"end":{"line":1,"column":13282}},"type":"if","locations":[{"start":{"line":1,"column":13049},"end":{"line":1,"column":13282}},{"start":{"line":1,"column":13049},"end":{"line":1,"column":13282}}],"line":1},"72":{"loc":{"start":{"line":1,"column":13113},"end":{"line":1,"column":13282}},"type":"if","locations":[{"start":{"line":1,"column":13113},"end":{"line":1,"column":13282}},{"start":{"line":1,"column":13113},"end":{"line":1,"column":13282}}],"line":1},"73":{"loc":{"start":{"line":1,"column":13602},"end":{"line":1,"column":13693}},"type":"if","locations":[{"start":{"line":1,"column":13602},"end":{"line":1,"column":13693}},{"start":{"line":1,"column":13602},"end":{"line":1,"column":13693}}],"line":1},"74":{"loc":{"start":{"line":1,"column":13797},"end":{"line":1,"column":13817}},"type":"if","locations":[{"start":{"line":1,"column":13797},"end":{"line":1,"column":13817}},{"start":{"line":1,"column":13797},"end":{"line":1,"column":13817}}],"line":1},"75":{"loc":{"start":{"line":1,"column":13894},"end":{"line":1,"column":14098}},"type":"if","locations":[{"start":{"line":1,"column":13894},"end":{"line":1,"column":14098}},{"start":{"line":1,"column":13894},"end":{"line":1,"column":14098}}],"line":1},"76":{"loc":{"start":{"line":1,"column":13959},"end":{"line":1,"column":14098}},"type":"if","locations":[{"start":{"line":1,"column":13959},"end":{"line":1,"column":14098}},{"start":{"line":1,"column":13959},"end":{"line":1,"column":14098}}],"line":1},"77":{"loc":{"start":{"line":1,"column":13962},"end":{"line":1,"column":13999}},"type":"binary-expr","locations":[{"start":{"line":1,"column":13962},"end":{"line":1,"column":13987}},{"start":{"line":1,"column":13989},"end":{"line":1,"column":13999}}],"line":1},"78":{"loc":{"start":{"line":1,"column":14060},"end":{"line":1,"column":14072}},"type":"binary-expr","locations":[{"start":{"line":1,"column":14060},"end":{"line":1,"column":14064}},{"start":{"line":1,"column":14066},"end":{"line":1,"column":14072}}],"line":1}},"s":{"0":0,"1":0,"2":0,"3":0,"4":0,"5":0,"6":0,"7":0,"8":0,"9":0,"10":0,"11":0,"12":0,"13":0,"14":0,"15":0,"16":0,"17":0,"18":0,"19":0,"20":0,"21":0,"22":0,"23":0,"24":0,"25":0,"26":0,"27":0,"28":0,"29":0,"30":0,"31":0,"32":0,"33":0,"34":0,"35":0,"36":0,"37":0,"38":0,"39":0,"40":0,"41":0,"42":0,"43":0,"44":0,"45":0,"46":0,"47":0,"48":0,"49":0,"50":0,"51":0,"52":0,"53":0,"54":0,"55":0,"56":0,"57":0,"58":0,"59":0,"60":0,"61":0,"62":0,"63":0,"64":0,"65":0,"66":0,"67":0,"68":0,"69":0,"70":0,"71":0,"72":0,"73":0,"74":0,"75":0,"76":0,"77":0,"78":0,"79":0,"80":0,"81":0,"82":0,"83":0,"84":0,"85":0,"86":0,"87":0,"88":0,"89":0,"90":0,"91":0,"92":0,"93":0,"94":0,"95":0,"96":0,"97":0,"98":0,"99":0,"100":0,"101":0,"102":0,"103":0,"104":0,"105":0,"106":0,"107":0,"108":0,"109":0,"110":0,"111":0,"112":0,"113":0,"114":0,"115":0,"116":0,"117":0,"118":0,"119":0,"120":0,"121":0,"122":0,"123":0,"124":0,"125":0,"126":0,"127":0,"128":0,"129":0,"130":0,"131":0,"132":0,"133":0,"134":0,"135":0,"136":0,"137":0,"138":0,"139":0,"140":0,"141":0,"142":0,"143":0,"144":0,"145":0,"146":0,"147":0,"148":0,"149":0,"150":0,"151":0,"152":0,"153":0,"154":0,"155":0,"156":0,"157":0,"158":0,"159":0,"160":0,"161":0,"162":0,"163":0,"164":0,"165":0,"166":0,"167":0,"168":0,"169":0,"170":0,"171":0,"172":0,"173":0,"174":0,"175":0,"176":0,"177":0,"178":0,"179":0,"180":0,"181":0,"182":0,"183":0,"184":0,"185":0,"186":0,"187":0,"188":0,"189":0,"190":0,"191":0,"192":0,"193":0,"194":0,"195":0,"196":0,"197":0,"198":0,"199":0,"200":0,"201":0,"202":0,"203":0,"204":0,"205":0,"206":0,"207":0,"208":0,"209":0,"210":0,"211":0,"212":0,"213":0,"214":0,"215":0,"216":0,"217":0,"218":0,"219":0,"220":0,"221":0,"222":0,"223":0,"224":0,"225":0,"226":0,"227":0,"228":0,"229":0,"230":0,"231":0,"232":0,"233":0,"234":0,"235":0,"236":0,"237":0,"238":0,"239":0,"240":0,"241":0,"242":0,"243":0,"244":0,"245":0,"246":0,"247":0,"248":0,"249":0,"250":0,"251":0,"252":0,"253":0,"254":0,"255":0,"256":0,"257":0,"258":0,"259":0,"260":0,"261":0,"262":0,"263":0,"264":0,"265":0,"266":0,"267":0,"268":0,"269":0,"270":0,"271":0,"272":0,"273":0,"274":0,"275":0,"276":0,"277":0,"278":0,"279":0,"280":0,"281":0,"282":0,"283":0,"284":0,"285":0,"286":0,"287":0,"288":0,"289":0,"290":0,"291":0,"292":0,"293":0,"294":0,"295":0,"296":0,"297":0,"298":0,"299":0,"300":0,"301":0,"302":0,"303":0,"304":0,"305":0,"306":0,"307":0,"308":0,"309":0,"310":0,"311":0,"312":0,"313":0,"314":0,"315":0,"316":0,"317":0,"318":0,"319":0,"320":0,"321":0,"322":0,"323":0,"324":0,"325":0,"326":0,"327":0,"328":0,"329":0,"330":0,"331":0,"332":0,"333":0,"334":0,"335":0,"336":0,"337":0,"338":0,"339":0,"340":0,"341":0,"342":0,"343":0,"344":0,"345":0,"346":0,"347":0,"348":0,"349":0,"350":0,"351":0,"352":0,"353":0,"354":0,"355":0,"356":0,"357":0,"358":0,"359":0,"360":0,"361":0,"362":0,"363":0,"364":0,"365":0,"366":0,"367":0,"368":0},"f":{"0":0,"1":0,"2":0,"3":0,"4":0,"5":0,"6":0,"7":0,"8":0,"9":0,"10":0,"11":0,"12":0,"13":0,"14":0,"15":0,"16":0,"17":0,"18":0,"19":0,"20":0,"21":0,"22":0,"23":0,"24":0,"25":0,"26":0,"27":0,"28":0,"29":0,"30":0,"31":0,"32":0,"33":0,"34":0,"35":0,"36":0,"37":0,"38":0,"39":0,"40":0,"41":0,"42":0,"43":0,"44":0,"45":0,"46":0,"47":0,"48":0,"49":0,"50":0,"51":0,"52":0,"53":0,"54":0,"55":0,"56":0,"57":0,"58":0,"59":0,"60":0,"61":0,"62":0,"63":0,"64":0,"65":0,"66":0,"67":0,"68":0,"69":0,"70":0,"71":0,"72":0,"73":0,"74":0,"75":0,"76":0,"77":0,"78":0,"79":0,"80":0,"81":0,"82":0},"b":{"0":[0,0],"1":[0,0],"2":[0,0],"3":[0,0],"4":[0,0],"5":[0,0],"6":[0,0],"7":[0,0],"8":[0,0],"9":[0,0],"10":[0,0],"11":[0,0],"12":[0,0],"13":[0,0],"14":[0,0],"15":[0,0],"16":[0,0],"17":[0,0],"18":[0,0],"19":[0,0],"20":[0,0],"21":[0,0],"22":[0,0,0],"23":[0,0],"24":[0,0],"25":[0,0],"26":[0,0,0,0],"27":[0,0],"28":[0,0],"29":[0,0],"30":[0,0],"31":[0,0],"32":[0,0],"33":[0,0],"34":[0,0],"35":[0,0],"36":[0,0],"37":[0,0],"38":[0,0],"39":[0,0],"40":[0,0],"41":[0,0],"42":[0,0],"43":[0,0],"44":[0,0],"45":[0,0],"46":[0,0],"47":[0,0],"48":[0,0],"49":[0,0],"50":[0,0],"51":[0,0],"52":[0,0],"53":[0,0],"54":[0,0],"55":[0,0],"56":[0,0],"57":[0,0],"58":[0,0],"59":[0,0],"60":[0,0],"61":[0,0],"62":[0,0],"63":[0,0],"64":[0,0,0],"65":[0,0],"66":[0,0],"67":[0,0],"68":[0,0],"69":[0,0],"70":[0,0],"71":[0,0],"72":[0,0],"73":[0,0],"74":[0,0],"75":[0,0],"76":[0,0],"77":[0,0],"78":[0,0]}},"c:\\git\\blog\\labyrinth-front-end\\webpack.config.js":{"path":"c:\\git\\blog\\labyrinth-front-end\\webpack.config.js","statementMap":{"0":{"start":{"line":1,"column":13},"end":{"line":1,"column":28}},"1":{"start":{"line":2,"column":22},"end":{"line":2,"column":55}},"2":{"start":{"line":3,"column":22},"end":{"line":3,"column":55}},"3":{"start":{"line":4,"column":26},"end":{"line":4,"column":56}},"4":{"start":{"line":6,"column":0},"end":{"line":52,"column":2}}},"fnMap":{},"branchMap":{},"s":{"0":0,"1":0,"2":0,"3":0,"4":0},"f":{},"b":{}},"c:\\git\\blog\\labyrinth\\dist\\bundle.js":{"path":"c:\\git\\blog\\labyrinth\\dist\\bundle.js","statementMap":{"0":{"start":{"line":1,"column":9},"end":{"line":312,"column":12}},"1":{"start":{"line":3,"column":33},"end":{"line":3,"column":35}},"2":{"start":{"line":9,"column":11},"end":{"line":11,"column":12}},"3":{"start":{"line":10,"column":12},"end":{"line":10,"column":54}},"4":{"start":{"line":13,"column":24},"end":{"line":17,"column":12}},"5":{"start":{"line":20,"column":11},"end":{"line":20,"column":95}},"6":{"start":{"line":23,"column":11},"end":{"line":23,"column":27}},"7":{"start":{"line":26,"column":11},"end":{"line":26,"column":33}},"8":{"start":{"line":31,"column":10},"end":{"line":31,"column":42}},"9":{"start":{"line":34,"column":10},"end":{"line":34,"column":51}},"10":{"start":{"line":37,"column":10},"end":{"line":41,"column":12}},"11":{"start":{"line":38,"column":11},"end":{"line":40,"column":12}},"12":{"start":{"line":39,"column":12},"end":{"line":39,"column":84}},"13":{"start":{"line":44,"column":10},"end":{"line":49,"column":12}},"14":{"start":{"line":45,"column":11},"end":{"line":47,"column":12}},"15":{"start":{"line":46,"column":12},"end":{"line":46,"column":84}},"16":{"start":{"line":48,"column":11},"end":{"line":48,"column":73}},"17":{"start":{"line":56,"column":10},"end":{"line":65,"column":12}},"18":{"start":{"line":57,"column":11},"end":{"line":57,"column":59}},"19":{"start":{"line":57,"column":24},"end":{"line":57,"column":59}},"20":{"start":{"line":58,"column":11},"end":{"line":58,"column":37}},"21":{"start":{"line":58,"column":24},"end":{"line":58,"column":37}},"22":{"start":{"line":59,"column":11},"end":{"line":59,"column":97}},"23":{"start":{"line":59,"column":84},"end":{"line":59,"column":97}},"24":{"start":{"line":60,"column":20},"end":{"line":60,"column":39}},"25":{"start":{"line":61,"column":11},"end":{"line":61,"column":37}},"26":{"start":{"line":62,"column":11},"end":{"line":62,"column":84}},"27":{"start":{"line":63,"column":11},"end":{"line":63,"column":159}},"28":{"start":{"line":63,"column":52},"end":{"line":63,"column":159}},"29":{"start":{"line":63,"column":74},"end":{"line":63,"column":159}},"30":{"start":{"line":63,"column":121},"end":{"line":63,"column":139}},"31":{"start":{"line":64,"column":11},"end":{"line":64,"column":21}},"32":{"start":{"line":68,"column":10},"end":{"line":74,"column":12}},"33":{"start":{"line":69,"column":24},"end":{"line":71,"column":58}},"34":{"start":{"line":70,"column":36},"end":{"line":70,"column":61}},"35":{"start":{"line":71,"column":42},"end":{"line":71,"column":56}},"36":{"start":{"line":72,"column":11},"end":{"line":72,"column":54}},"37":{"start":{"line":73,"column":11},"end":{"line":73,"column":25}},"38":{"start":{"line":77,"column":10},"end":{"line":77,"column":128}},"39":{"start":{"line":77,"column":63},"end":{"line":77,"column":125}},"40":{"start":{"line":80,"column":10},"end":{"line":80,"column":43}},"41":{"start":{"line":84,"column":10},"end":{"line":84,"column":77}},"42":{"start":{"line":97,"column":0},"end":{"line":97,"column":1519}},"43":{"start":{"line":109,"column":0},"end":{"line":109,"column":988}},"44":{"start":{"line":121,"column":0},"end":{"line":121,"column":3724}},"45":{"start":{"line":133,"column":0},"end":{"line":133,"column":5335}},"46":{"start":{"line":145,"column":0},"end":{"line":145,"column":519}},"47":{"start":{"line":157,"column":0},"end":{"line":157,"column":450}},"48":{"start":{"line":169,"column":0},"end":{"line":169,"column":1124}},"49":{"start":{"line":181,"column":0},"end":{"line":181,"column":895}},"50":{"start":{"line":193,"column":0},"end":{"line":193,"column":8093}},"51":{"start":{"line":205,"column":0},"end":{"line":205,"column":5784}},"52":{"start":{"line":217,"column":0},"end":{"line":217,"column":15455}},"53":{"start":{"line":229,"column":0},"end":{"line":229,"column":374}},"54":{"start":{"line":241,"column":0},"end":{"line":241,"column":8019}},"55":{"start":{"line":253,"column":0},"end":{"line":253,"column":4714}},"56":{"start":{"line":264,"column":0},"end":{"line":264,"column":107}},"57":{"start":{"line":275,"column":0},"end":{"line":275,"column":93}},"58":{"start":{"line":286,"column":0},"end":{"line":286,"column":99}},"59":{"start":{"line":297,"column":0},"end":{"line":297,"column":97}},"60":{"start":{"line":308,"column":0},"end":{"line":308,"column":89}}},"fnMap":{"0":{"name":"(anonymous_0)","decl":{"start":{"line":1,"column":10},"end":{"line":1,"column":11}},"loc":{"start":{"line":1,"column":28},"end":{"line":85,"column":10}},"line":1},"1":{"name":"__webpack_require__","decl":{"start":{"line":6,"column":19},"end":{"line":6,"column":38}},"loc":{"start":{"line":6,"column":49},"end":{"line":27,"column":11}},"line":6},"2":{"name":"(anonymous_2)","decl":{"start":{"line":37,"column":34},"end":{"line":37,"column":35}},"loc":{"start":{"line":37,"column":66},"end":{"line":41,"column":11}},"line":37},"3":{"name":"(anonymous_3)","decl":{"start":{"line":4
[...]
[0,0],"43":[0,0,0,0],"44":[0,0],"45":[0,0],"46":[0,0,0,0],"47":[0,0],"48":[0,0],"49":[0,0],"50":[0,0],"51":[0,0],"52":[0,0],"53":[0,0,0],"54":[0,0],"55":[0,0],"56":[0,0],"57":[0,0],"58":[0,0],"59":[0,0],"60":[0,0],"61":[0,0,0,0,0,0,0],"62":[0,0,0],"63":[0,0],"64":[0,0],"65":[0,0],"66":[0,0,0],"67":[0,0],"68":[0,0],"69":[0,0],"70":[0,0],"71":[0,0],"72":[0,0],"73":[0,0,0],"74":[0,0],"75":[0,0],"76":[0,0,0,0],"77":[0,0],"78":[0,0],"79":[0,0],"80":[0,0],"81":[0,0],"82":[0,0],"83":[0,0],"84":[0,0,0],"85":[0,0],"86":[0,0],"87":[0,0],"88":[0,0,0,0,0],"89":[0,0],"90":[0,0],"91":[0,0],"92":[0,0,0],"93":[0,0],"94":[0,0],"95":[0,0],"96":[0,0],"97":[0,0],"98":[0,0],"99":[0,0],"100":[0,0],"101":[0,0],"102":[0,0],"103":[0,0],"104":[0,0],"105":[0,0],"106":[0,0],"107":[0,0],"108":[0,0],"109":[0,0],"110":[0,0],"111":[0,0],"112":[0,0],"113":[0,0],"114":[0,0,0],"115":[0,0],"116":[0,0],"117":[0,0],"118":[0,0],"119":[0,0],"120":[0,0],"121":[0,0],"122":[0,0],"123":[0,0],"124":[0,0],"125":[0,0],"126":[0,0],"127":[0,0],"128":[0,0],"129":[0,0],"130":[0,0],"131":[0,0],"132":[0,0],"133":[0,0],"134":[0,0],"135":[0,0],"136":[0,0],"137":[0,0],"138":[0,0],"139":[0,0],"140":[0,0,0],"141":[0,0],"142":[0,0],"143":[0,0],"144":[0,0],"145":[0,0],"146":[0,0,0],"147":[0,0],"148":[0,0],"149":[0,0],"150":[0,0,0,0],"151":[0,0],"152":[0,0],"153":[0,0],"154":[0,0],"155":[0,0],"156":[0,0],"157":[0,0],"158":[0,0],"159":[0,0],"160":[0,0],"161":[0,0],"162":[0,0],"163":[0,0,0],"164":[0,0],"165":[0,0],"166":[0,0],"167":[0,0,0],"168":[0,0],"169":[0,0],"170":[0,0],"171":[0,0],"172":[0,0],"173":[0,0],"174":[0,0],"175":[0,0],"176":[0,0],"177":[0,0],"178":[0,0,0,0],"179":[0,0],"180":[0,0],"181":[0,0],"182":[0,0],"183":[0,0],"184":[0,0],"185":[0,0],"186":[0,0],"187":[0,0],"188":[0,0],"189":[0,0],"190":[0,0],"191":[0,0],"192":[0,0],"193":[0,0],"194":[0,0],"195":[0,0],"196":[0,0],"197":[0,0],"198":[0,0],"199":[0,0],"200":[0,0],"201":[0,0],"202":[0,0],"203":[0,0,0],"204":[0,0],"205":[0,0],"206":[0,0,0],"207":[0,0],"208":[0,0],"209":[0,0],"210":[0,0],"211":[0,0],"212":[0,0],"213":[0,0,0,0,0],"214":[0,0,0],"215":[0,0,0,0],"216":[0,0],"217":[0,0],"218":[0,0],"219":[0,0],"220":[0,0,0],"221":[0,0],"222":[0,0],"223":[0,0],"224":[0,0],"225":[0,0,0,0],"226":[0,0,0,0],"227":[0,0],"228":[0,0],"229":[0,0],"230":[0,0],"231":[0,0],"232":[0,0,0],"233":[0,0],"234":[0,0],"235":[0,0],"236":[0,0],"237":[0,0],"238":[0,0],"239":[0,0],"240":[0,0],"241":[0,0],"242":[0,0],"243":[0,0],"244":[0,0,0],"245":[0,0,0],"246":[0,0],"247":[0,0],"248":[0,0],"249":[0,0],"250":[0,0],"251":[0,0],"252":[0,0],"253":[0,0],"254":[0,0],"255":[0,0],"256":[0,0],"257":[0,0],"258":[0,0],"259":[0,0],"260":[0,0],"261":[0,0],"262":[0,0],"263":[0,0],"264":[0,0],"265":[0,0],"266":[0,0,0],"267":[0,0],"268":[0,0],"269":[0,0],"270":[0,0],"271":[0,0],"272":[0,0],"273":[0,0],"274":[0,0],"275":[0,0],"276":[0,0],"277":[0,0],"278":[0,0],"279":[0,0],"280":[0,0],"281":[0,0],"282":[0,0],"283":[0,0],"284":[0,0],"285":[0,0],"286":[0,0],"287":[0,0],"288":[0,0],"289":[0,0],"290":[0,0],"291":[0,0],"292":[0,0],"293":[0,0],"294":[0,0],"295":[0,0],"296":[0,0],"297":[0,0],"298":[0,0],"299":[0,0],"300":[0,0],"301":[0,0],"302":[0,0],"303":[0,0],"304":[0,0],"305":[0,0,0],"306":[0,0],"307":[0,0],"308":[0,0],"309":[0,0],"310":[0,0],"311":[0,0],"312":[0,0,0],"313":[0,0],"314":[0,0],"315":[0,0],"316":[0,0],"317":[0,0],"318":[0,0],"319":[0,0],"320":[0,0],"321":[0,0],"322":[0,0,0],"323":[0,0],"324":[0,0],"325":[0,0,0],"326":[0,0],"327":[0,0],"328":[0,0],"329":[0,0],"330":[0,0],"331":[0,0],"332":[0,0],"333":[0,0],"334":[0,0],"335":[0,0,0],"336":[0,0],"337":[0,0],"338":[0,0],"339":[0,0,0],"340":[0,0],"341":[0,0],"342":[0,0],"343":[0,0],"344":[0,0,0,0],"345":[0,0],"346":[0,0],"347":[0,0],"348":[0,0],"349":[0,0],"350":[0,0],"351":[0,0],"352":[0,0],"353":[0,0],"354":[0,0],"355":[0,0],"356":[0,0],"357":[0,0],"358":[0,0,0],"359":[0,0],"360":[0,0],"361":[0,0],"362":[0,0],"363":[0,0],"364":[0,0],"365":[0,0],"366":[0,0],"367":[0,0],"368":[0,0],"369":[0,0],"370":[0,0],"371":[0,0],"372":[0,0],"373":[0,0],"374":[0,0],"375":[0,0,0],"376":[0,0],"377":[0,0],"378":[0,0],"379":[0,0,0],"380":[0,0],"381":[0,0],"382":[0,0],"383":[0,0],"384":[0,0],"385":[0,0],"386":[0,0,0],"387":[0,0,0],"388":[0,0],"389":[0,0],"390":[0,0],"391":[0,0],"392":[0,0],"393":[0,0],"394":[0,0],"395":[0,0],"396":[0,0],"397":[0,0],"398":[0,0],"399":[0,0],"400":[0,0],"401":[0,0],"402":[0,0],"403":[0,0],"404":[0,0],"405":[0,0],"406":[0,0,0],"407":[0,0],"408":[0,0],"409":[0,0],"410":[0,0],"411":[0,0,0],"412":[0,0],"413":[0,0,0],"414":[0,0],"415":[0,0],"416":[0,0],"417":[0,0],"418":[0,0,0],"419":[0,0],"420":[0,0],"421":[0,0],"422":[0,0],"423":[0,0],"424":[0,0],"425":[0,0],"426":[0,0,0,0,0],"427":[0,0],"428":[0,0],"429":[0,0],"430":[0,0],"431":[0,0],"432":[0,0],"433":[0,0],"434":[0,0],"435":[0,0],"436":[0,0],"437":[0,0],"438":[0,0],"439":[0,0,0],"440":[0,0,0],"441":[0,0],"442":[0,0],"443":[0,0],"444":[0,0],"445":[0,0,0],"446":[0,0,0,0],"447":[0,0],"448":[0,0],"449":[0,0],"450":[0,0],"451":[0,0],"452":[0,0],"453":[0,0],"454":[0,0],"455":[0,0],"456":[0,0],"457":[0,0],"458":[0,0,0],"459":[0,0],"460":[0,0],"461":[0,0],"462":[0,0],"463":[0,0],"464":[0,0],"465":[0,0],"466":[0,0],"467":[0,0],"468":[0,0],"469":[0,0],"470":[0,0],"471":[0,0,0,0,0],"472":[0,0],"473":[0,0],"474":[0,0],"475":[0,0],"476":[0,0],"477":[0,0,0],"478":[0,0],"479":[0,0],"480":[0,0],"481":[0,0],"482":[0,0],"483":[0,0],"484":[0,0],"485":[0,0],"486":[0,0],"487":[0,0],"488":[0,0],"489":[0,0],"490":[0,0],"491":[0,0],"492":[0,0],"493":[0,0],"494":[0,0],"495":[0,0],"496":[0,0],"497":[0,0],"498":[0,0],"499":[0,0],"500":[0,0],"501":[0,0,0,0],"502":[0,0],"503":[0,0],"504":[0,0,0,0],"505":[0,0],"506":[0,0],"507":[0,0],"508":[0,0],"509":[0,0],"510":[0,0],"511":[0,0],"512":[0,0],"513":[0,0],"514":[0,0],"515":[0,0,0,0,0,0],"516":[0,0],"517":[0,0],"518":[0,0],"519":[0,0,0],"520":[0,0,0],"521":[0,0],"522":[0,0],"523":[0,0],"524":[0,0],"525":[0,0],"526":[0,0],"527":[0,0],"528":[0,0],"529":[0,0],"530":[0,0],"531":[0,0],"532":[0,0],"533":[0,0,0],"534":[0,0],"535":[0,0,0],"536":[0,0],"537":[0,0,0,0,0,0,0,0,0],"538":[0,0],"539":[0,0],"540":[0,0],"541":[0,0],"542":[0,0],"543":[0,0],"544":[0,0],"545":[0,0],"546":[0,0,0],"547":[0,0],"548":[0,0],"549":[0,0],"550":[0,0],"551":[0,0],"552":[0,0],"553":[0,0],"554":[0,0],"555":[0,0],"556":[0,0],"557":[0,0,0,0,0],"558":[0,0],"559":[0,0],"560":[0,0],"561":[0,0],"562":[0,0],"563":[0,0],"564":[0,0],"565":[0,0],"566":[0,0],"567":[0,0,0,0,0,0,0,0],"568":[0,0],"569":[0,0,0],"570":[0,0,0],"571":[0,0,0],"572":[0,0],"573":[0,0,0],"574":[0,0],"575":[0,0,0],"576":[0,0,0],"577":[0,0],"578":[0,0],"579":[0,0],"580":[0,0],"581":[0,0],"582":[0,0],"583":[0,0],"584":[0,0],"585":[0,0],"586":[0,0],"587":[0,0],"588":[0,0],"589":[0,0,0,0],"590":[0,0],"591":[0,0],"592":[0,0],"593":[0,0],"594":[0,0,0,0],"595":[0,0],"596":[0,0],"597":[0,0],"598":[0,0],"599":[0,0],"600":[0,0],"601":[0,0],"602":[0,0],"603":[0,0],"604":[0,0],"605":[0,0],"606":[0,0],"607":[0,0],"608":[0,0],"609":[0,0],"610":[0,0,0,0,0],"611":[0,0],"612":[0,0,0,0,0],"613":[0,0,0],"614":[0,0,0],"615":[0,0],"616":[0,0],"617":[0,0],"618":[0,0],"619":[0,0],"620":[0,0,0],"621":[0,0],"622":[0,0,0],"623":[0,0],"624":[0,0,0],"625":[0,0],"626":[0,0,0],"627":[0,0],"628":[0,0,0,0,0,0],"629":[0,0,0,0,0,0,0,0,0],"630":[0,0],"631":[0,0],"632":[0,0,0],"633":[0,0],"634":[0,0],"635":[0,0],"636":[0,0],"637":[0,0],"638":[0,0],"639":[0,0],"640":[0,0],"641":[0,0],"642":[0,0],"643":[0,0],"644":[0,0],"645":[0,0],"646":[0,0],"647":[0,0],"648":[0,0],"649":[0,0],"650":[0,0],"651":[0,0],"652":[0,0],"653":[0,0],"654":[0,0],"655":[0,0],"656":[0,0],"657":[0,0],"658":[0,0],"659":[0,0],"660":[0,0],"661":[0,0],"662":[0,0],"663":[0,0],"664":[0,0],"665":[0,0],"666":[0,0],"667":[0,0],"668":[0,0],"669":[0,0],"670":[0,0],"671":[0,0],"672":[0,0],"673":[0,0],"674":[0,0],"675":[0,0],"676":[0,0],"677":[0,0],"678":[0,0],"679":[0,0],"680":[0,0],"681":[0,0],"682":[0,0],"683":[0,0],"684":[0,0],"685":[0,0],"686":[0,0],"687":[0,0],"688":[0,0],"689":[0,0],"690":[0,0],"691":[0,0],"692":[0,0],"693":[0,0],"694":[0,0],"695":[0,0],"696":[0,0],"697":[0,0],"698":[0,0],"699":[0,0],"700":[0,0],"701":[0,0],"702":[0,0],"703":[0,0],"704":[0,0],"705":[0,0],"706":[0,0],"707":[0,0],"708":[0,0,0,0,0],"709":[0,0],"710":[0,0],"711":[0,0],"712":[0,0],"713":[0,0],"714":[0,0],"715":[0,0],"716":[0,0],"717":[0,0],"718":[0,0],"719":[0,0],"720":[0,0],"721":[0,0],"722":[0,0],"723":[0,0],"724":[0,0],"725":[0,0],"726":[0,0],"727":[0,0,0,0],"728":[0,0,0],"729":[0,0],"730":[0,0],"731":[0,0],"732":[0,0,0,0],"733":[0,0],"734":[0,0,0],"735":[0,0],"736":[0,0],"737":[0,0],"738":[0,0],"739":[0,0],"740":[0,0],"741":[0,0],"742":[0,0],"743":[0,0],"744":[0,0],"745":[0,0],"746":[0,0],"747":[0,0],"748":[0,0],"749":[0,0],"750":[0,0],"751":[0,0],"752":[0,0],"753":[0,0],"754":[0,0],"755":[0,0],"756":[0,0],"757":[0,0,0],"758":[0,0,0],"759":[0,0],"760":[0,0],"761":[0,0],"762":[0,0],"763":[0,0],"764":[0,0],"765":[0,0],"766":[0,0,0],"767":[0,0],"768":[0,0],"769":[0,0],"770":[0,0],"771":[0,0],"772":[0,0],"773":[0,0],"774":[0,0],"775":[0,0],"776":[0,0],"777":[0,0],"778":[0,0],"779":[0,0,0],"780":[0,0],"781":[0,0],"782":[0,0],"783":[0,0,0],"784":[0,0],"785":[0,0],"786":[0,0],"787":[0,0],"788":[0,0],"789":[0,0],"790":[0,0,0],"791":[0,0],"792":[0,0],"793":[0,0,0],"794":[0,0,0],"795":[0,0],"796":[0,0],"797":[0,0],"798":[0,0],"799":[0,0],"800":[0,0],"801":[0,0],"802":[0,0],"803":[0,0,0],"804":[0,0,0,0],"805":[0,0],"806":[0,0],"807":[0,0],"808":[0,0],"809":[0,0],"810":[0,0],"811":[0,0],"812":[0,0],"813":[0,0],"814":[0,0,0],"815":[0,0],"816":[0,0],"817":[0,0],"818":[0,0],"819":[0,0],"820":[0,0],"821":[0,0,0],"822":[0,0],"823":[0,0],"824":[0,0],"825":[0,0],"826":[0,0],"827":[0,0],"828":[0,0],"829":[0,0],"830":[0,0],"831":[0,0],"832":[0,0],"833":[0,0],"834":[0,0],"835":[0,0],"836":[0,0],"837":[0,0,0],"838":[0,0],"839":[0,0],"840":[0,0],"841":[0,0],"842":[0,0],"843":[0,0],"844":[0,0],"845":[0,0],"846":[0,0],"847":[0,0,0],"848":[0,0],"849":[0,0],"850":[0,0],"851":[0,0,0],"852":[0,0],"853":[0,0],"854":[0,0],"855":[0,0],"856":[0,0],"857":[0,0],"858":[0,0],"859":[0,0],"860":[0,0],"861":[0,0],"862":[0,0],"863":[0,0],"864":[0,0],"865":[0,0],"866":[0,0],"867":[0,0],"868":[0,0],"869":[0,0],"870":[0,0,0],"871":[0,0,0,0,0],"872":[0,0],"873":[0,0,0],"874":[0,0],"875":[0,0],"876":[0,0],"877":[0,0],"878":[0,0],"879":[0,0],"880":[0,0],"881":[0,0,0,0],"882":[0,0],"883":[0,0],"884":[0,0],"885":[0,0],"886":[0,0],"887":[0,0],"888":[0,0],"889":[0,0,0],"890":[0,0],"891":[0,0],"892":[0,0],"893":[0,0,0],"894":[0,0],"895":[0,0],"896":[0,0],"897":[0,0],"898":[0,0,0],"899":[0,0],"900":[0,0],"901":[0,0],"902":[0,0],"903":[0,0],"904":[0,0],"905":[0,0],"906":[0,0,0],"907":[0,0],"908":[0,0],"909":[0,0],"910":[0,0],"911":[0,0],"912":[0,0],"913":[0,0],"914":[0,0],"915":[0,0],"916":[0,0,0,0,0],"917":[0,0,0,0],"918":[0,0],"919":[0,0],"920":[0,0,0],"921":[0,0],"922":[0,0],"923":[0,0],"924":[0,0],"925":[0,0],"926":[0,0],"927":[0,0],"928":[0,0],"929":[0,0],"930":[0,0],"931":[0,0],"932":[0,0],"933":[0,0],"934":[0,0],"935":[0,0],"936":[0,0],"937":[0,0],"938":[0,0],"939":[0,0],"940":[0,0],"941":[0,0],"942":[0,0],"943":[0,0],"944":[0,0],"945":[0,0],"946":[0,0],"947":[0,0,0,0],"948":[0,0],"949":[0,0],"950":[0,0,0],"951":[0,0],"952":[0,0],"953":[0,0],"954":[0,0],"955":[0,0],"956":[0,0],"957":[0,0],"958":[0,0],"959":[0,0],"960":[0,0],"961":[0,0],"962":[0,0,0],"963":[0,0],"964":[0,0],"965":[0,0],"966":[0,0,0],"967":[0,0],"968":[0,0],"969":[0,0],"970":[0,0,0],"971":[0,0],"972":[0,0],"973":[0,0,0],"974":[0,0],"975":[0,0],"976":[0,0],"977":[0,0],"978":[0,0],"979":[0,0],"980":[0,0],"981":[0,0],"982":[0,0],"983":[0,0],"984":[0,0,0],"985":[0,0],"986":[0,0],"987":[0,0],"988":[0,0],"989":[0,0],"990":[0,0],"991":[0,0],"992":[0,0],"993":[0,0],"994":[0,0],"995":[0,0],"996":[0,0],"997":[0,0],"998":[0,0],"999":[0,0],"1000":[0,0],"1001":[0,0],"1002":[0,0],"1003":[0,0],"1004":[0,0],"1005":[0,0],"1006":[0,0],"1007":[0,0],"1008":[0,0],"1009":[0,0],"1010":[0,0],"1011":[0,0],"1012":[0,0],"1013":[0,0,0],"1014":[0,0,0,0,0,0],"1015":[0,0],"1016":[0,0],"1017":[0,0],"1018":[0,0],"1019":[0,0],"1020":[0,0],"1021":[0,0],"1022":[0,0],"1023":[0,0,0,0],"1024":[0,0],"1025":[0,0],"1026":[0,0],"1027":[0,0],"1028":[0,0],"1029":[0,0,0],"1030":[0,0],"1031":[0,0,0],"1032":[0,0],"1033":[0,0],"1034":[0,0],"1035":[0,0],"1036":[0,0],"1037":[0,0],"1038":[0,0],"1039":[0,0],"1040":[0,0],"1041":[0,0],"1042":[0,0],"1043":[0,0],"1044":[0,0],"1045":[0,0],"1046":[0,0,0],"1047":[0,0],"1048":[0,0],"1049":[0,0],"1050":[0,0],"1051":[0,0],"1052":[0,0],"1053":[0,0],"1054":[0,0],"1055":[0,0,0],"1056":[0,0],"1057":[0,0],"1058":[0,0],"1059":[0,0],"1060":[0,0],"1061":[0,0],"1062":[0,0],"1063":[0,0],"1064":[0,0],"1065":[0,0],"1066":[0,0],"1067":[0,0,0],"1068":[0,0],"1069":[0,0],"1070":[0,0],"1071":[0,0],"1072":[0,0],"1073":[0,0],"1074":[0,0],"1075":[0,0],"1076":[0,0],"1077":[0,0],"1078":[0,0],"1079":[0,0],"1080":[0,0,0],"1081":[0,0],"1082":[0,0],"1083":[0,0],"1084":[0,0],"1085":[0,0,0,0],"1086":[0,0],"1087":[0,0],"1088":[0,0],"1089":[0,0],"1090":[0,0],"1091":[0,0],"1092":[0,0],"1093":[0,0],"1094":[0,0],"1095":[0,0],"1096":[0,0,0],"1097":[0,0,0,0],"1098":[0,0],"1099":[0,0],"1100":[0,0],"1101":[0,0],"1102":[0,0],"1103":[0,0],"1104":[0,0],"1105":[0,0],"1106":[0,0],"1107":[0,0],"1108":[0,0],"1109":[0,0],"1110":[0,0],"1111":[0,0],"1112":[0,0],"1113":[0,0],"1114":[0,0],"1115":[0,0],"1116":[0,0],"1117":[0,0],"1118":[0,0],"1119":[0,0],"1120":[0,0],"1121":[0,0],"1122":[0,0],"1123":[0,0],"1124":[0,0],"1125":[0,0],"1126":[0,0],"1127":[0,0,0],"1128":[0,0],"1129":[0,0],"1130":[0,0],"1131":[0,0],"1132":[0,0],"1133":[0,0],"1134":[0,0],"1135":[0,0],"1136":[0,0],"1137":[0,0],"1138":[0,0],"1139":[0,0],"1140":[0,0],"1141":[0,0],"1142":[0,0],"1143":[0,0],"1144":[0,0],"1145":[0,0],"1146":[0,0],"1147":[0,0],"1148":[0,0],"1149":[0,0],"1150":[0,0],"1151":[0,0],"1152":[0,0],"1153":[0,0],"1154":[0,0],"1155":[0,0],"1156":[0,0],"1157":[0,0],"1158":[0,0],"1159":[0,0],"1160":[0,0],"1161":[0,0],"1162":[0,0],"1163":[0,0],"1164":[0,0],"1165":[0,0],"1166":[0,0],"1167":[0,0],"1168":[0,0],"1169":[0,0],"1170":[0,0,0,0],"1171":[0,0],"1172":[0,0],"1173":[0,0],"1174":[0,0],"1175":[0,0],"1176":[0,0],"1177":[0,0],"1178":[0,0],"1179":[0,0],"1180":[0,0],"1181":[0,0],"1182":[0,0],"1183":[0,0],"1184":[0,0],"1185":[0,0],"1186":[0,0],"1187":[0,0],"1188":[0,0],"1189":[0,0],"1190":[0,0],"1191":[0,0],"1192":[0,0],"1193":[0,0],"1194":[0,0],"1195":[0,0],"1196":[0,0],"1197":[0,0],"1198":[0,0],"1199":[0,0],"1200":[0,0],"1201":[0,0],"1202":[0,0],"1203":[0,0],"1204":[0,0],"1205":[0,0],"1206":[0,0],"1207":[0,0],"1208":[0,0],"1209":[0,0],"1210":[0,0],"1211":[0,0,0],"1212":[0,0],"1213":[0,0],"1214":[0,0],"1215":[0,0],"1216":[0,0],"1217":[0,0],"1218":[0,0],"1219":[0,0],"1220":[0,0],"1221":[0,0],"1222":[0,0],"1223":[0,0],"1224":[0,0],"1225":[0,0],"1226":[0,0],"1227":[0,0],"1228":[0,0,0,0],"1229":[0,0],"1230":[0,0],"1231":[0,0],"1232":[0,0],"1233":[0,0,0],"1234":[0,0,0,0],"1235":[0,0],"1236":[0,0],"1237":[0,0,0],"1238":[0,0],"1239":[0,0],"1240":[0,0],"1241":[0,0],"1242":[0,0],"1243":[0,0],"1244":[0,0],"1245":[0,0],"1246":[0,0],"1247":[0,0],"1248":[0,0],"1249":[0,0],"1250":[0,0],"1251":[0,0,0],"1252":[0,0],"1253":[0,0],"1254":[0,0],"1255":[0,0],"1256":[0,0],"1257":[0,0],"1258":[0,0],"1259":[0,0],"1260":[0,0],"1261":[0,0],"1262":[0,0],"1263":[0,0],"1264":[0,0],"1265":[0,0,0,0,0],"1266":[0,0],"1267":[0,0,0],"1268":[0,0],"1269":[0,0],"1270":[0,0],"1271":[0,0],"1272":[0,0],"1273":[0,0],"1274":[0,0,0],"1275":[0,0,0],"1276":[0,0,0],"1277":[0,0],"1278":[0,0],"1279":[0,0],"1280":[0,0,0,0],"1281":[0,0],"1282":[0,0],"1283":[0,0],"1284":[0,0],"1285":[0,0],"1286":[0,0],"1287":[0,0],"1288":[0,0],"1289":[0,0],"1290":[0,0],"1291":[0,0],"1292":[0,0],"1293":[0,0],"1294":[0,0],"1295":[0,0],"1296":[0,0],"1297":[0,0],"1298":[0,0],"1299":[0,0,0],"1300":[0,0,0],"1301":[0,0],"1302":[0,0],"1303":[0,0,0,0,0,0],"1304":[0,0],"1305":[0,0],"1306":[0,0],"1307":[0,0],"1308":[0,0],"1309":[0,0],"1310":[0,0],"1311":[0,0],"1312":[0,0],"1313":[0,0],"1314":[0,0],"1315":[0,0],"1316":[0,0],"1317":[0,0],"1318":[0,0],"1319":[0,0,0,0,0],"1320":[0,0],"1321":[0,0],"1322":[0,0],"1323":[0,0,0],"1324":[0,0],"1325":[0,0],"1326":[0,0],"1327":[0,0],"1328":[0,0],"1329":[0,0,0,0,0],"1330":[0,0],"1331":[0,0,0,0],"1332":[0,0],"1333":[0,0],"1334":[0,0],"1335":[0,0],"1336":[0,0],"1337":[0,0],"1338":[0,0],"1339":[0,0],"1340":[0,0,0],"1341":[0,0],"1342":[0,0],"1343":[0,0],"1344":[0,0],"1345":[0,0,0,0],"1346":[0,0],"1347":[0,0],"1348":[0,0],"1349":[0,0],"1350":[0,0],"1351":[0,0,0],"1352":[0,0,0,0,0,0,0,0],"1353":[0,0],"1354":[0,0],"1355":[0,0],"1356":[0,0,0],"1357":[0,0],"1358":[0,0],"1359":[0,0],"1360":[0,0],"1361":[0,0],"1362":[0,0,0],"1363":[0,0,0,0],"1364":[0,0],"1365":[0,0],"1366":[0,0],"1367":[0,0],"1368":[0,0],"1369":[0,0],"1370":[0,0],"1371":[0,0],"1372":[0,0],"1373":[0,0,0],"1374":[0,0],"1375":[0,0],"1376":[0,0],"1377":[0,0],"1378":[0,0],"1379":[0,0],"1380":[0,0],"1381":[0,0],"1382":[0,0],"1383":[0,0],"1384":[0,0],"1385":[0,0],"1386":[0,0],"1387":[0,0],"1388":[0,0],"1389":[0,0],"1390":[0,0],"1391":[0,0]}},"c:\\git\\blog\\vue-frontend\\src\\main.js":{"path":"c:\\git\\blog\\vue-frontend\\src\\main.js","statementMap":{"0":{"start":{"line":18,"column":0},"end":{"line":18,"column":20}},"1":{"start":{"line":19,"column":0},"end":{"line":19,"column":19}},"2":{"start":{"line":21,"column":15},"end":{"line":24,"column":1}},"3":{"start":{"line":26,"column":15},"end":{"line":28,"column":2}},"4":{"start":{"line":30,"column":12},"end":{"line":32,"column":2}},"5":{"start":{"line":34,"column":0},"end":{"line":38,"column":18}},"6":{"start":{"line":37,"column":15},"end":{"line":37,"column":21}}},"fnMap":{"0":{"name":"(anonymous_0)","decl":{"start":{"line":37,"column":10},"end":{"line":37,"column":11}},"loc":{"start":{"line":37,"column":15},"end":{"line":37,"column":21}},"line":37}},"branchMap":{},"s":{"0":0,"1":0,"2":0,"3":0,"4":0,"5":0,"6":0},"f":{"0":0},"b":{}},"c:\\git\\blog\\vue-frontend\\src\\services\\labyrinth\\labyrinth-service.js":{"path":"c:\\git\\blog\\vue-frontend\\src\\services\\labyrinth\\labyrinth-service.js","statementMap":{"0":{"start":{"line":5,"column":8},"end":{"line":12,"column":11}},"1":{"start":{"line":9,"column":12},"end":{"line":9,"column":35}},"2":{"start":{"line":11,"column":12},"end":{"line":11,"column":29}}},"fnMap":{"0":{"name":"(anonymous_0)","decl":{"start":{"line":4,"column":18},"end":{"line":4,"column":19}},"loc":{"start":{"line":4,"column":29},"end":{"line":13,"column":5}},"line":4},"1":{"name":"(anonymous_1)","decl":{"start":{"line":8,"column":16},"end":{"line":8,"column":17}},"loc":{"start":{"line":8,"column":28},"end":{"line":10,"column":9}},"line":8},"2":{"name":"(anonymous_2)","decl":{"start":{"line":10,"column":17},"end":{"line":10,"column":18}},"loc":{"start":{"line":10,"column":24},"end":{"line":12,"column":9}},"line":10}},"branchMap":{},"s":{"0":0,"1":0,"2":0},"f":{"0":0,"1":0,"2":0},"b":{}},"c:\\git\\blog\\vue-frontend\\webpack.config.js":{"path":"c:\\git\\blog\\vue-frontend\\webpack.config.js","statementMap":{"0":{"start":{"line":1,"column":11},"end":{"line":1,"column":26}},"1":{"start":{"line":2,"column":14},"end":{"line":2,"column":32}},"2":{"start":{"line":4,"column":0},"end":{"line":91,"column":1}},"3":{"start":{"line":93,"column":0},"end":{"line":112,"column":1}},"4":{"start":{"line":94,"column":2},"end":{"line":94,"column":40}},"5":{"start":{"line":96,"column":2},"end":{"line":111,"column":4}}},"fnMap":{},"branchMap":{"0":{"loc":{"start":{"line":93,"column":0},"end":{"line":112,"column":1}},"type":"if","locations":[{"start":{"line":93,"column":0},"end":{"line":112,"column":1}},{"start":{"line":93,"column":0},"end":{"line":112,"column":1}}],"line":93},"1":{"loc":{"start":{"line":96,"column":28},"end":{"line":96,"column":56}},"type":"binary-expr","locations":[{"start":{"line":96,"column":28},"end":{"line":96,"column":50}},{"start":{"line":96,"column":54},"end":{"line":96,"column":56}}],"line":96}},"s":{"0":0,"1":0,"2":0,"3":0,"4":0,"5":0},"f":{},"b":{"0":[0,0],"1":[0,0]}}}