{"c:\\git\\blog\\labyrinth\\dist\\bundle.js":{"path":"c:\\git\\blog\\labyrinth\\dist\\bundle.js","statementMap":{"0":{"start":{"line":1,"column":9},"end":{"line":1521,"column":12}},"1":{"start":{"line":3,"column":33},"end":{"line":3,"column":35}},"2":{"start":{"line":9,"column":11},"end":{"line":11,"column":12}},"3":{"start":{"line":10,"column":12},"end":{"line":10,"column":54}},"4":{"start":{"line":13,"column":24},"end":{"line":17,"column":12}},"5":{"start":{"line":20,"column":11},"end":{"line":20,"column":95}},"6":{"start":{"line":23,"column":11},"end":{"line":23,"column":27}},"7":{"start":{"line":26,"column":11},"end":{"line":26,"column":33}},"8":{"start":{"line":31,"column":10},"end":{"line":31,"column":42}},"9":{"start":{"line":34,"column":10},"end":{"line":34,"column":51}},"10":{"start":{"line":37,"column":10},"end":{"line":41,"column":12}},"11":{"start":{"line":38,"column":11},"end":{"line":40,"column":12}},"12":{"start":{"line":39,"column":12},"end":{"line":39,"column":84}},"13":{"start":{"line":44,"column":10},"end":{"line":49,"column":12}},"14":{"start":{"line":45,"column":11},"end":{"line":47,"column":12}},"15":{"start":{"line":46,"column":12},"end":{"line":46,"column":84}},"16":{"start":{"line":48,"column":11},"end":{"line":48,"column":73}},"17":{"start":{"line":56,"column":10},"end":{"line":65,"column":12}},"18":{"start":{"line":57,"column":11},"end":{"line":57,"column":59}},"19":{"start":{"line":57,"column":24},"end":{"line":57,"column":59}},"20":{"start":{"line":58,"column":11},"end":{"line":58,"column":37}},"21":{"start":{"line":58,"column":24},"end":{"line":58,"column":37}},"22":{"start":{"line":59,"column":11},"end":{"line":59,"column":97}},"23":{"start":{"line":59,"column":84},"end":{"line":59,"column":97}},"24":{"start":{"line":60,"column":20},"end":{"line":60,"column":39}},"25":{"start":{"line":61,"column":11},"end":{"line":61,"column":37}},"26":{"start":{"line":62,"column":11},"end":{"line":62,"column":84}},"27":{"start":{"line":63,"column":11},"end":{"line":63,"column":159}},"28":{"start":{"line":63,"column":52},"end":{"line":63,"column":159}},"29":{"start":{"line":63,"column":74},"end":{"line":63,"column":159}},"30":{"start":{"line":63,"column":121},"end":{"line":63,"column":139}},"31":{"start":{"line":64,"column":11},"end":{"line":64,"column":21}},"32":{"start":{"line":68,"column":10},"end":{"line":74,"column":12}},"33":{"start":{"line":69,"column":24},"end":{"line":71,"column":58}},"34":{"start":{"line":70,"column":36},"end":{"line":70,"column":61}},"35":{"start":{"line":71,"column":42},"end":{"line":71,"column":56}},"36":{"start":{"line":72,"column":11},"end":{"line":72,"column":54}},"37":{"start":{"line":73,"column":11},"end":{"line":73,"column":25}},"38":{"start":{"line":77,"column":10},"end":{"line":77,"column":128}},"39":{"start":{"line":77,"column":63},"end":{"line":77,"column":125}},"40":{"start":{"line":80,"column":10},"end":{"line":80,"column":43}},"41":{"start":{"line":84,"column":10},"end":{"line":84,"column":77}},"42":{"start":{"line":97,"column":0},"end":{"line":97,"column":5687}},"43":{"start":{"line":109,"column":0},"end":{"line":109,"column":1332}},"44":{"start":{"line":121,"column":0},"end":{"line":121,"column":3200}},"45":{"start":{"line":133,"column":0},"end":{"line":133,"column":4407}},"46":{"start":{"line":145,"column":0},"end":{"line":145,"column":5491}},"47":{"start":{"line":157,"column":0},"end":{"line":157,"column":2250}},"48":{"start":{"line":169,"column":0},"end":{"line":169,"column":2731}},"49":{"start":{"line":181,"column":0},"end":{"line":181,"column":6607}},"50":{"start":{"line":193,"column":0},"end":{"line":193,"column":3614}},"51":{"start":{"line":205,"column":0},"end":{"line":205,"column":11121}},"52":{"start":{"line":217,"column":0},"end":{"line":217,"column":5172}},"53":{"start":{"line":228,"column":0},"end":{"line":228,"column":1398}},"54":{"start":{"line":240,"column":0},"end":{"line":240,"column":4229}},"55":{"start":{"line":251,"column":0},"end":{"line":251,"column":11429}},"56":{"start":{"line":263,"column":0},"end":{"line":263,"column":2411}},"57":{"start":{"line":275,"column":0},"end":{"line":275,"column":442}},"58":{"start":{"line":287,"column":0},"end":{"line":287,"column":1746}},"59":{"start":{"line":299,"column":0},"end":{"line":299,"column":1229}},"60":{"start":{"line":311,"column":0},"end":{"line":311,"column":1839}},"61":{"start":{"line":323,"column":0},"end":{"line":323,"column":1734}},"62":{"start":{"line":335,"column":0},"end":{"line":335,"column":1506}},"63":{"start":{"line":347,"column":0},"end":{"line":347,"column":2724}},"64":{"start":{"line":359,"column":0},"end":{"line":359,"column":353}},"65":{"start":{"line":370,"column":0},"end":{"line":370,"column":435}},"66":{"start":{"line":382,"column":0},"end":{"line":382,"column":15877}},"67":{"start":{"line":394,"column":0},"end":{"line":394,"column":3075}},"68":{"start":{"line":406,"column":0},"end":{"line":406,"column":1029}},"69":{"start":{"line":418,"column":0},"end":{"line":418,"column":1171}},"70":{"start":{"line":430,"column":0},"end":{"line":430,"column":13424}},"71":{"start":{"line":442,"column":0},"end":{"line":442,"column":29127}},"72":{"start":{"line":454,"column":0},"end":{"line":454,"column":16123}},"73":{"start":{"line":466,"column":0},"end":{"line":466,"column":3636}},"74":{"start":{"line":478,"column":0},"end":{"line":478,"column":4648}},"75":{"start":{"line":490,"column":0},"end":{"line":490,"column":6882}},"76":{"start":{"line":502,"column":0},"end":{"line":502,"column":3716}},"77":{"start":{"line":514,"column":0},"end":{"line":514,"column":7290}},"78":{"start":{"line":526,"column":0},"end":{"line":526,"column":1497}},"79":{"start":{"line":538,"column":0},"end":{"line":538,"column":2907}},"80":{"start":{"line":550,"column":0},"end":{"line":550,"column":6285}},"81":{"start":{"line":562,"column":0},"end":{"line":562,"column":22097}},"82":{"start":{"line":574,"column":0},"end":{"line":574,"column":9480}},"83":{"start":{"line":586,"column":0},"end":{"line":586,"column":1373}},"84":{"start":{"line":598,"column":0},"end":{"line":598,"column":6453}},"85":{"start":{"line":610,"column":0},"end":{"line":610,"column":2383}},"86":{"start":{"line":622,"column":0},"end":{"line":622,"column":20882}},"87":{"start":{"line":634,"column":0},"end":{"line":634,"column":4758}},"88":{"start":{"line":645,"column":0},"end":{"line":645,"column":8646}},"89":{"start":{"line":656,"column":0},"end":{"line":656,"column":23181}},"90":{"start":{"line":667,"column":0},"end":{"line":667,"column":19444}},"91":{"start":{"line":678,"column":0},"end":{"line":678,"column":16348}},"92":{"start":{"line":689,"column":0},"end":{"line":689,"column":16353}},"93":{"start":{"line":700,"column":0},"end":{"line":700,"column":2340}},"94":{"start":{"line":711,"column":0},"end":{"line":711,"column":1230}},"95":{"start":{"line":722,"column":0},"end":{"line":722,"column":9607}},"96":{"start":{"line":734,"column":0},"end":{"line":734,"column":5278}},"97":{"start":{"line":746,"column":0},"end":{"line":746,"column":9658}},"98":{"start":{"line":758,"column":0},"end":{"line":758,"column":1234}},"99":{"start":{"line":770,"column":0},"end":{"line":770,"column":8985}},"100":{"start":{"line":782,"column":0},"end":{"line":782,"column":5254}},"101":{"start":{"line":794,"column":0},"end":{"line":794,"column":3635}},"102":{"start":{"line":805,"column":0},"end":{"line":805,"column":18865}},"103":{"start":{"line":816,"column":0},"end":{"line":816,"column":6834}},"104":{"start":{"line":828,"column":0},"end":{"line":828,"column":1344}},"105":{"start":{"line":840,"column":0},"end":{"line":840,"column":1195}},"106":{"start":{"line":851,"column":0},"end":{"line":851,"column":137414}},"107":{"start":{"line":862,"column":0},"end":{"line":862,"column":271}},"108":{"start":{"line":874,"column":0},"end":{"line":874,"column":4001}},"109":{"start":{"line":885,"column":0},"end":{"line":885,"column":3026}},"110":{"start":{"line":896,"column":0},"end":{"line":896,"column":35474}},"111":{"start":{"line":908,"column":0},"end":{"line":908,"column":3787}},"112":{"start":{"line":920,"column":0},"end":{"line":920,"column":3321}},"113":{"start":{"line":932,"column":0},"end":{"line":932,"column":3762}},"114":{"start":{"line":944,"column":0},"end":{"line":944,"column":3667}},"115":{"start":{"line":956,"column":0},"end":{"line":956,"column":5730}},"116":{"start":{"line":968,"column":0},"end":{"line":968,"column":4000}},"117":{"start":{"line":980,"column":0},"end":{"line":980,"column":3021}},"118":{"start":{"line":991,"column":0},"end":{"line":991,"column":3567}},"119":{"start":{"line":1003,"column":0},"end":{"line":1003,"column":6483}},"120":{"start":{"line":1015,"column":0},"end":{"line":1015,"column":464}},"121":{"start":{"line":1027,"column":0},"end":{"line":1027,"column":444}},"122":{"start":{"line":1039,"column":0},"end":{"line":1039,"column":6107}},"123":{"start":{"line":1051,"column":0},"end":{"line":1051,"column":6667}},"124":{"start":{"line":1063,"column":0},"end":{"line":1063,"column":5666}},"125":{"start":{"line":1075,"column":0},"end":{"line":1075,"column":3029}},"126":{"start":{"line":1087,"column":0},"end":{"line":1087,"column":6651}},"127":{"start":{"line":1098,"column":0},"end":{"line":1098,"column":11444}},"128":{"start":{"line":1110,"column":0},"end":{"line":1110,"column":2433}},"129":{"start":{"line":1122,"column":0},"end":{"line":1122,"column":464}},"130":{"start":{"line":1134,"column":0},"end":{"line":1134,"column":1812}},"131":{"start":{"line":1146,"column":0},"end":{"line":1146,"column":6351}},"132":{"start":{"line":1157,"column":0},"end":{"line":1157,"column":461}},"133":{"start":{"line":1169,"column":0},"end":{"line":1169,"column":25320}},"134":{"start":{"line":1181,"column":0},"end":{"line":1181,"column":5134}},"135":{"start":{"line":1192,"column":0},"end":{"line":1192,"column":439}},"136":{"start":{"line":1203,"column":0},"end":{"line":1203,"column":1887}},"137":{"start":{"line":1215,"column":0},"end":{"line":1215,"column":2320}},"138":{"start":{"line":1227,"column":0},"end":{"line":1227,"column":5967}},"139":{"start":{"line":1239,"column":0},"end":{"line":1239,"column":1245}},"140":{"start":{"line":1250,"column":0},"end":{"line":1250,"column":479}},"141":{"start":{"line":1261,"column":0},"end":{"line":1261,"column":636}},"142":{"start":{"line":1273,"column":0},"end":{"line":1273,"column":1432}},"143":{"start":{"line":1285,"column":0},"end":{"line":1285,"column":1218}},"144":{"start":{"line":1297,"column":0},"end":{"line":1297,"column":1074}},"145":{"start":{"line":1308,"column":0},"end":{"line":1308,"column":97}},"146":{"start":{"line":1319,"column":0},"end":{"line":1319,"column":93}},"147":{"start":{"line":1330,"column":0},"end":{"line":1330,"column":97}},"148":{"start":{"line":1341,"column":0},"end":{"line":1341,"column":95}},"149":{"start":{"line":1352,"column":0},"end":{"line":1352,"column":97}},"150":{"start":{"line":1363,"column":0},"end":{"line":1363,"column":89}},"151":{"start":{"line":1374,"column":0},"end":{"line":1374,"column":93}},"152":{"start":{"line":1385,"column":0},"end":{"line":1385,"column":101}},"153":{"start":{"line":1396,"column":0},"end":{"line":1396,"column":97}},"154":{"start":{"line":1407,"column":0},"end":{"line":1407,"column":89}},"155":{"start":{"line":1418,"column":0},"end":{"line":1418,"column":91}},"156":{"start":{"line":1429,"column":0},"end":{"line":1429,"column":93}},"157":{"start":{"line":1440,"column":0},"end":{"line":1440,"column":107}},"158":{"start":{"line":1451,"column":0},"end":{"line":1451,"column":107}},"159":{"start":{"line":1462,"column":0},"end":{"line":1462,"column":97}},"160":{"start":{"line":1473,"column":0},"end":{"line":1473,"column":113}},"161":{"start":{"line":1484,"column":0},"end":{"line":1484,"column":91}},"162":{"start":{"line":1495,"column":0},"end":{"line":1495,"column":93}},"163":{"start":{"line":1506,"column":0},"end":{"line":1506,"column":93}},"164":{"start":{"line":1517,"column":0},"end":{"line":1517,"column":93}}},"fnMap":{"0":{"name":"(anonymous_0)","decl":{"start":{"line":1,"column":10},"end":{"line":1,"column":11}},"loc":{"start":{"line":1,"column":28},"end":{"line":85,"column":10}},"line":1},"1":{"name":"__webpack_require__","decl":{"start":{"line":6,"column":19},"end":{"line":6,"column":38}},"loc":{"start":{"line":6,"column":49},"end":{"line":27,"column":11}},"line":6},"2":{"name":"(anonymous_2)","decl":{"start":{"line":37,"column":34},"end":{"line":37,"column":35}},"loc":{"start":{"line":37,"column":66},"end":{"line":41,"column":11}},"line":37},"3":{"name":"(anonymous_3)","decl":{"start":{"line":44,"column":34},"end":{"line":44,"column":35}},"loc":{"start":{"line":44,"column":52},"end":{"line":49,"column":11}},"line":44},"4":{"name":"(anonymous_4)","decl":{"start":{"line":56,"column":34},"end":{"line":56,"column":35}},"loc":{"start":{"line":56,"column":56},"end":{"line":65,"column":11}},"line":56},"5":{"name":"(anonymous_5)","decl":{"start":{"line":63,"column":105},"end":{"line":63,"column":106}},"loc":{"start":{"line":63,"column":119},"end":{"line":63,"column":141}},"line":63},"6":{"name":"(anonymous_6)","decl":{"start":{"line":68,"column":34},"end":{"line":68,"column":35}},"loc":{"start":{"line":68,"column":51},"end":{"line":74,"column":11}},"line":68},"7":{"name":"getDefault","decl":{"start":{"line":70,"column":21},"end":{"line":70,"column":31}},"loc":{"start":{"line":70,"column":34},"end":{"line":70,"column":63}},"line":70},"8":{"name":"getModuleExports","decl":{"start":{"line":71,"column":21},"end":{"line":71,"column":37}},"loc":{"start":{"line":71,"column":40},"end":{"line":71,"column":58}},"line":71},"9":{"name":"(anonymous_9)","decl":{"start":{"line":77,"column":34},"end":{"line":77,"column":35}},"loc":{"start":{"line":77,"column":61},"end":{"line":77,"column":127}},"line":77},"10":{"name":"(anonymous_10)","decl":{"start":{"line":94,"column":7},"end":{"line":94,"column":8}},"loc":{"start":{"line":94,"column":54},"end":{"line":99,"column":7}},"line":94},"11":{"name":"(anonymous_11)","decl":{"start":{"line":106,"column":7},"end":{"line":106,"column":8}},"loc":{"start":{"line":106,"column":54},"end":{"line":111,"column":7}},"line":106},"12":{"name":"(anonymous_12)","decl":{"start":{"line":118,"column":7},"end":{"line":118,"column":8}},"loc":{"start":{"line":118,"column":54},"end":{"line":123,"column":7}},"line":118},"13":{"name":"(anonymous_13)","decl":{"start":{"line":130,"column":7},"end":{"line":130,"column":8}},"loc":{"start":{"line":130,"column":54},"end":{"line":135,"column":7}},"line":130},"14":{"name":"(anonymous_14)","decl":{"start":{"line":142,"column":7},"end":{"line":142,"column":8}},"loc":{"start":{"line":142,"column":54},"end":{"line":147,"column":7}},"line":142},"15":{"name":"(anonymous_15)","decl":{"start":{"line":154,"column":7},"end":{"line":154,"column":8}},"loc":{"start":{"line":154,"column":54},"end":{"line":159,"column":7}},"line":154},"16":{"name":"(anonymous_16)","decl":{"start":{"line":166,"column":7},"end":{"line":166,"column":8}},"loc":{"start":{"line":166,"column":54},"end":{"line":171,"column":7}},"line":166},"17":{"name":"(anonymous_17)","decl":{"start":{"line":178,"column":7},"end":{"line":178,"column":8}},"loc":{"start":{"line":178,"column":54},"end":{"line":183,"column":7}},"line":178},"18":{"name":"(anonymous_18)","decl":{"start":{"line":190,"column":7},"end":{"line":190,"column":8}},"loc":{"start":{"line":190,"column":54},"end":{"line":195,"column":7}},"line":190},"19":{"name":"(anonymous_19)","decl":{"start":{"line":202,"column":7},"end":{"line":202,"column":8}},"loc":{"start":{"line":202,"column":54},"end":{"line":207,"column":7}},"line":202},"20":{"name":"(anonymous_20)","decl":{"start":{"line":214,"column":7},"end":{"line":214,"column":8}},"loc":{"start":{"line":214,"column":54},"end":{"line":219,"column":7}},"line":214},"21":{"name":"(anonymous_21)","decl":{"start":{"line":226,"column":7},"end":{"line":226,"column":8}},"loc":{"start":{"line":226,"column":54},"end":{"line":230,"column":7}},"line":226},"22":{"name":"(anonymous_22)","decl":{"start":{"line":237,"column":7},"end":{"line":237,"column":8}},"loc":{"start":{"line":237,"column":54},"end":{"line":242,"column":7}},"line":237},"23":{"name":"(anonymous_23)","decl":{"start":{"line":249,"column":7},"end":{"line":249,"column":8}},"loc":{"start":{"line":249,"column":54},"end":{"line":253,"column":7}},"line":249},"24":{"name":"(anonymous_24)","decl":{"start":{"line":260,"column":7},"end":{"line":260,"column":8}},"loc":{"start":{"line":260,"column":54},"end":{"line":265,"column":7}},"line":260},"25":{"name":"(anonymous_25)","decl":{"start":{"line":272,"column":7},"end":{"line":272,"column":8}},"loc":{"start":{"line":272,"column":54},"end":{"line":277,"column":7}},"line":272},"26":{"name":"(anonymous_26)","decl":{"start":{"line":284,"column":7},"end":{"line":284,"column":8}},"loc":{"start":{"line":284,"column":54},"end":{"line":289,"column":7}},"line":284},"27":{"name":"(anonymous_27)","decl":{"start":{"line":296,"column":7},"end":{"line":296,"column":8}},"loc":{"start":{"line":296,"column":54},"end":{"line":301,"column":7}},"line":296},"28":{"name":"(anonymous_28)","decl":{"start":{"line":308,"column":7},"end":{"line":308,"column":8}},"loc":{"start":{"line":308,"column":54},"end":{"line":313,"column":7}},"line":308},"29":{"name":"(anonymous_29)","decl":{"start":{"line":320,"column":7},"end":{"line":320,"column":8}},"loc":{"start":{"line":320,"column":54},"end":{"line":325,"column":7}},"line":320},"30":{"name":"(anonymous_30)","decl":{"start":{"line":332,"column":7},"end":{"line":332,"column":8}},"loc":{"start":{"line":332,"column":54},"end":{"line":337,"column":7}},"line":332},"31":{"name":"(anonymous_31)","decl":{"start":{"line":344,"column":7},"end":{"line":344,"column":8}},"loc":{"start":{"line":344,"column":54},"end":{"line":349,"column":7}},"line":344},"32":{"name":"(anonymous_32)","decl":{"start":{"line":356,"column":7},"end":{"line":356,"column":8}},"loc":{"start":{"line":356,"column":54},"end":{"line":361,"column":7}},"line":356},"33":{"name":"(anonymous_33)","decl":{"start":{"line":368,"column":7},"end":{"line":368,"column":8}},"loc":{"start":{"line":368,"column":33},"end":{"line":372,"column":7}},"line":368},"34":{"name":"(anonymous_34)","decl":{"start":{"line":379,"column":7},"end":{"line":379,"column":8}},"loc":{"start":{"line":379,"column":54},"end":{"line":384,"column":7}},"line":379},"35":{"name":"(anonymous_35)","decl":{"start":{"line":391,"column":7},"end":{"line":391,"column":8}},"loc":{"start":{"line":391,"column":54},"end":{"line":396,"column":7}},"line":391},"36":{"name":"(anonymous_36)","decl":{"start":{"line":403,"column":7},"end":{"line":403,"column":8}},"loc":{"start":{"line":403,"column":54},"end":{"line":408,"column":7}},"line":403},"37":{"name":"(anonymous_37)","decl":{"start":{"line":415,"column":7},"end":{"line":415,"column":8}},"loc":{"start":{"line":415,"column":54},"end":{"line":420,"column":7}},"line":415},"38":{"name":"(anonymous_38)","decl":{"start":{"line":427,"column":7},"end":{"line":427,"column":8}},"loc":{"start":{"line":427,"column":54},"end":{"line":432,"column":7}},"line":427},"39":{"name":"(anonymous_39)","decl":{"start":{"line":439,"column":7},"end":{"line":439,"column":8}},"loc":{"start":{"line":439,"column":54},"end":{"line":444,"column":7}},"line":439},"40":{"name":"(anonymous_40)","decl":{"start":{"line":451,"column":7},"end":{"line":451,"column":8}},"loc":{"start":{"line":451,"column":54},"end":{"line":456,"column":7}},"line":451},"41":{"name":"(anonymous_41)","decl":{"start":{"line":463,"column":7},"end":{"line":463,"column":8}},"loc":{"start":{"line":463,"column":54},"end":{"line":468,"column":7}},"line":463},"42":{"name":"(anonymous_42)","decl":{"start":{"line":475,"column":7},"end":{"line":475,"column":8}},"loc":{"start":{"line":475,"column":54},"end":{"line":480,"column":7}},"line":475},"43":{"name":"(anonymous_43)","decl":{"start":{"line":487,"column":7},"end":{"line":487,"column":8}},"loc":{"start":{"line":487,"column":54},"end":{"line":492,"column":7}},"line":487},"44":{"name":"(anonymous_44)","decl":{"start":{"line":499,"column":7},"end":{"line":499,"column":8}},"loc":{"start":{"line":499,"column":54},"end":{"line":504,"column":7}},"line":499},"45":{"name":"(anonymous_45)","decl":{"start":{"line":511,"column":7},"end":{"line":511,"column":8}},"loc":{"start":{"line":511,"column":54},"end":{"line":516,"column":7}},"line":511},"46":{"name":"(anonymous_46)","decl":{"start":{"line":523,"column":7},"end":{"line":523,"column":8}},"loc":{"start":{"line":523,"column":54},"end":{"line":528,"column":7}},"line":523},"47":{"name":"(anonymous_47)","decl":{"start":{"line":535,"column":7},"end":{"line":535,"column":8}},"loc":{"start":{"line":535,"column":54},"end":{"line":540,"column":7}},"line":535},"48":{"name":"(anonymous_48)","decl":{"start":{"line":547,"column":7},"end":{"line":547,"column":8}},"loc":{"start":{"line":547,"column":54},"end":{"line":552,"column":7}},"line":547},"49":{"name":"(anonymous_49)","decl":{"start":{"line":559,"column":7},"end":{"line":559,"column":8}},"loc":{"start":{"line":559,"column":54},"end":{"line":564,"column":7}},"line":559},"50":{"name":"(anonymous_50)","decl":{"start":{"line":571,"column":7},"end":{"line":571,"column":8}},"loc":{"start":{"line":571,"column":54},"end":{"line":576,"column":7}},"line":571},"51":{"name":"(anonymous_51)","decl":{"start":{"line":583,"column":7},"end":{"line":583,"column":8}},"loc":{"start":{"line":583,"column":54},"end":{"line":588,"column":7}},"line":583},"52":{"name":"(anonymous_52)","decl":{"start":{"line":595,"column":7},"end":{"line":595,"column":8}},"loc":{"start":{"line":595,"column":54},"end":{"line":600,"column":7}},"line":595},"53":{"name":"(anonymous_53)","decl":{"start":{"line":607,"column":7},"end":{"line":607,"column":8}},"loc":{"start":{"line":607,"column":54},"end":{"line":612,"column":7}},"line":607},"54":{"name":"(anonymous_54)","decl":{"start":{"line":619,"column":7},"end":{"line":619,"column":8}},"loc":{"start":{"line":619,"column":54},"end":{"line":624,"column":7}},"line":619},"55":{"name":"(anonymous_55)","decl":{"start":{"line":631,"column":7},"end":{"line":631,"column":8}},"loc":{"start":{"line":631,"column":54},"end":{"line":636,"column":7}},"line":631},"56":{"name":"(anonymous_56)","decl":{"start":{"line":643,"column":7},"end":{"line":643,"column":8}},"loc":{"start":{"line":643,"column":24},"end":{"line":647,"column":7}},"line":643},"57":{"name":"(anonymous_57)","decl":{"start":{"line":654,"column":7},"end":{"line":654,"column":8}},"loc":{"start":{"line":654,"column":24},"end":{"line":658,"column":7}},"line":654},"58":{"name":"(anonymous_58)","decl":{"start":{"line":665,"column":7},"end":{"line":665,"column":8}},"loc":{"start":{"line":665,"column":24},"end":{"line":669,"column":7}},"line":665},"59":{"name":"(anonymous_59)","decl":{"start":{"line":676,"column":7},"end":{"line":676,"column":8}},"loc":{"start":{"line":676,"column":24},"end":{"line":680,"column":7}},"line":676},"60":{"name":"(anonymous_60)","decl":{"start":{"line":687,"column":7},"end":{"line":687,"column":8}},"loc":{"start":{"line":687,"column":24},"end":{"line":691,"column":7}},"line":687},"61":{"name":"(anonymous_61)","decl":{"start":{"line":698,"column":7},"end":{"line":698,"column":8}},"loc":{"start":{"line":698,"column":24},"end":{"line":702,"column":7}},"line":698},"62":{"name":"(anonymous_62)","decl":{"start":{"line":709,"column":7},"end":{"line":709,"column":8}},"loc":{"start":{"line":709,"column":24},"end":{"line":713,"column":7}},"line":709},"63":{"name":"(anonymous_63)","decl":{"start":{"line":720,"column":7},"end":{"line":720,"column":8}},"loc":{"start":{"line":720,"column":24},"end":{"line":724,"column":7}},"line":720},"64":{"name":"(anonymous_64)","decl":{"start":{"line":731,"column":7},"end":{"line":731,"column":8}},"loc":{"start":{"line":731,"column":54},"end":{"line":736,"column":7}},"line":731},"65":{"name":"(anonymous_65)","decl":{"start":{"line":743,"column":7},"end":{"line":743,"column":8}},"loc":{"start":{"line":743,"column":54},"end":{"line":748,"column":7}},"line":743},"66":{"name":"(anonymous_66)","decl":{"start":{"line":755,"column":7},"end":{"line":755,"column":8}},"loc":{"start":{"line":755,"column":54},"end":{"line":760,"column":7}},"line":755},"67":{"name":"(anonymous_67)","decl":{"start":{"line":767,"column":7},"end":{"line":767,"column":8}},"loc":{"start":{"line":767,"column":54},"end":{"line":772,"column":7}},"line":767},"68":{"name":"(anonymous_68)","decl":{"start":{"line":779,"column":7},"end":{"line":779,"column":8}},"loc":{"start":{"line":779,"column":54},"end":{"line":784,"column":7}},"line":779},"69":{"name":"(anonymous_69)","decl":{"start":{"line":791,"column":7},"end":{"line":791,"column":8}},"loc":{"start":{"line":791,"column":54},"end":{"line":796,"column":7}},"line":791},"70":{"name":"(anonymous_70)","decl":{"start":{"line":803,"column":7},"end":{"line":803,"column":8}},"loc":{"start":{"line":803,"column":54},"end":{"line":807,"column":7}},"line":803},"71":{"name":"(anonymous_71)","decl":{"start":{"line":814,"column":7},"end":{"line":814,"column":8}},"loc":{"start":{"line":814,"column":33},"end":{"line":818,"column":7}},"line":814},"72":{"name":"(anonymous_72)","decl":{"start":{"line":825,"column":7},"end":{"line":825,"column":8}},"loc":{"start":{"line":825,"column":54},"end":{"line":830,"column":7}},"line":825},"73":{"name":"(anonymous_73)","decl":{"start":{"line":837,"column":7},"end":{"line":837,"column":8}},"loc":{"start":{"line":837,"column":54},"end":{"line":842,"column":7}},"line":837},"74":{"name":"(anonymous_74)","decl":{"start":{"line":849,"column":7},"end":{"line":849,"column":8}},"loc":{"start":{"line":849,"column":24},"end":{"line":853,"column":7}},"line":849},"75":{"name":"(anonymous_75)","decl":{"start":{"line":860,"column":7},"end":{"line":860,"column":8}},"loc":{"start":{"line":860,"column":54},"end":{"line":864,"column":7}},"line":860},"76":{"name":"(anonymous_76)","decl":{"start":{"line":871,"column":7},"end":{"line":871,"column":8}},"loc":{"start":{"line":871,"column":54},"end":{"line":876,"column":7}},"line":871},"77":{"name":"(anonymous_77)","decl":{"start":{"line":883,"column":7},"end":{"line":883,"column":8}},"loc":{"start":{"line":883,"column":54},"end":{"line":887,"column":7}},"line":883},"78":{"name":"(anonymous_78)","decl":{"start":{"line":894,"column":7},"end":{"line":894,"column":8}},"loc":{"start":{"line":894,"column":24},"end":{"line":898,"column":7}},"line":894},"79":{"name":"(anonymous_79)","decl":{"start":{"line":905,"column":7},"end":{"line":905,"column":8}},"loc":{"start":{"line":905,"column":54},"end":{"line":910,"column":7}},"line":905},"80":{"name":"(anonymous_80)","decl":{"start":{"line":917,"column":7},"end":{"line":917,"column":8}},"loc":{"start":{"line":917,"column":54},"end":{"line":922,"column":7}},"line":917},"81":{"name":"(anonymous_81)","decl":{"start":{"line":929,"column":7},"end":{"line":929,"column":8}},"loc":{"start":{"line":929,"column":54},"end":{"line":934,"column":7}},"line":929},"82":{"name":"(anonymous_82)","decl":{"start":{"line":941,"column":7},"end":{"line":941,"column":8}},"loc":{"start":{"line":941,"column":54},"end":{"line":946,"column":7}},"line":941},"83":{"name":"(anonymous_83)","decl":{"start":{"line":953,"column":7},"end":{"line":953,"column":8}},"loc":{"start":{"line":953,"column":54},"end":{"line":958,"column":7}},"line":953},"84":{"name":"(anonymous_84)","decl":{"start":{"line":965,"column":7},"end":{"line":965,"column":8}},"loc":{"start":{"line":965,"column":54},"end":{"line":970,"column":7}},"line":965},"85":{"name":"(anonymous_85)","decl":{"start":{"line":977,"column":7},"end":{"line":977,"column":8}},"loc":{"start":{"line":977,"column":54},"end":{"line":982,"column":7}},"line":977},"86":{"name":"(anonymous_86)","decl":{"start":{"line":989,"column":7},"end":{"line":989,"column":8}},"loc":{"start":{"line":989,"column":33},"end":{"line":993,"column":7}},"line":989},"87":{"name":"(anonymous_87)","decl":{"start":{"line":1000,"column":7},"end":{"line":1000,"column":8}},"loc":{"start":{"line":1000,"column":54},"end":{"line":1005,"column":7}},"line":1000},"88":{"name":"(anonymous_88)","decl":{"start":{"line":1012,"column":7},"end":{"line":1012,"column":8}},"loc":{"start":{"line":1012,"column":54},"end":{"line":1017,"column":7}},"line":1012},"89":{"name":"(anonymous_89)","decl":{"start":{"line":1024,"column":7},"end":{"line":1024,"column":8}},"loc":{"start":{"line":1024,"column":54},"end":{"line":1029,"column":7}},"line":1024},"90":{"name":"(anonymous_90)","decl":{"start":{"line":1036,"column":7},"end":{"line":1036,"column":8}},"loc":{"start":{"line":1036,"column":54},"end":{"line":1041,"column":7}},"line":1036},"91":{"name":"(anonymous_91)","decl":{"start":{"line":1048,"column":7},"end":{"line":1048,"column":8}},"loc":{"start":{"line":1048,"column":54},"end":{"line":1053,"column":7}},"line":1048},"92":{"name":"(anonymous_92)","decl":{"start":{"line":1060,"column":7},"end":{"line":1060,"column":8}},"loc":{"start":{"line":1060,"column":54},"end":{"line":1065,"column":7}},"line":1060},"93":{"name":"(anonymous_93)","decl":{"start":{"line":1072,"column":7},"end":{"line":1072,"column":8}},"loc":{"start":{"line":1072,"column":54},"end":{"line":1077,"column":7}},"line":1072},"94":{"name":"(anonymous_94)","decl":{"start":{"line":1084,"column":7},"end":{"line":1084,"column":8}},"loc":{"start":{"line":1084,"column":54},"end":{"line":1089,"column":7}},"line":1084},"95":{"name":"(anonymous_95)","decl":{"start":{"line":1096,"column":7},"end":{"line":1096,"column":8}},"loc":{"start":{"line":1096,"column":54},"end":{"line":1100,"column":7}},"line":1096},"96":{"name":"(anonymous_96)","decl":{"start":{"line":1107,"column":7},"end":{"line":1107,"column":8}},"loc":{"start":{"line":1107,"column":54},"end":{"line":1112,"column":7}},"line":1107},"97":{"name":"(anonymous_97)","decl":{"start":{"line":1119,"column":7},"end":{"line":1119,"column":8}},"loc":{"start":{"line":1119,"column":54},"end":{"line":1124,"column":7}},"line":1119},"98":{"name":"(anonymous_98)","decl":{"start":{"line":1131,"column":7},"end":{"line":1131,"column":8}},"loc":{"start":{"line":1131,"column":54},"end":{"line":1136,"column":7}},"line":1131},"99":{"name":"(anonymous_99)","decl":{"start":{"line":1143,"column":7},"end":{"line":1143,"column":8}},"loc":{"start":{"line":1143,"column":54},"end":{"line":1148,"column":7}},"line":1143},"100":{"name":"(anonymous_100)","decl":{"start":{"line":1155,"column":7},"end":{"line":1155,"column":8}},"loc":{"start":{"line":1155,"column":33},"end":{"line":1159,"column":7}},"line":1155},"101":{"name":"(anonymous_101)","decl":{"start":{"line":1166,"column":7},"end":{"line":1166,"column":8}},"loc":{"start":{"line":1166,"column":54},"end":{"line":1171,"column":7}},"line":1166},"102":{"name":"(anonymous_102)","decl":{"start":{"line":1178,"column":7},"end":{"line":1178,"column":8}},"loc":{"start":{"line":1178,"column":54},"end":{"line":1183,"column":7}},"line":1178},"103":{"name":"(anonymous_103)","decl":{"start":{"line":1190,"column":7},"end":{"line":1190,"column":8}},"loc":{"start":{"line":1190,"column":33},"end":{"line":1194,"column":7}},"line":1190},"104":{"name":"(anonymous_104)","decl":{"start":{"line":1201,"column":7},"end":{"line":1201,"column":8}},"loc":{"start":{"line":1201,"column":24},"end":{"line":1205,"column":7}},"line":1201},"105":{"name":"(anonymous_105)","decl":{"start":{"line":1212,"column":7},"end":{"line":1212,"column":8}},"loc":{"start":{"line":1212,"column":54},"end":{"line":1217,"column":7}},"line":1212},"106":{"name":"(anonymous_106)","decl":{"start":{"line":1224,"column":7},"end":{"line":1224,"column":8}},"loc":{"start":{"line":1224,"column":54},"end":{"line":1229,"column":7}},"line":1224},"107":{"name":"(anonymous_107)","decl":{"start":{"line":1236,"column":7},"end":{"line":1236,"column":8}},"loc":{"start":{"line":1236,"column":54},"end":{"line":1241,"column":7}},"line":1236},"108":{"name":"(anonymous_108)","decl":{"start":{"line":1248,"column":7},"end":{"line":1248,"column":8}},"loc":{"start":{"line":1248,"column":33},"end":{"line":1252,"column":7}},"line":1248},"109":{"name":"(anonymous_109)","decl":{"start":{"line":1259,"column":7},"end":{"line":1259,"column":8}},"loc":{"start":{"line":1259,"column":33},"end":{"line":1263,"column":7}},"line":1259},"110":{"name":"(anonymous_110)","decl":{"start":{"line":1270,"column":7},"end":{"line":1270,"column":8}},"loc":{"start":{"line":1270,"column":66},"end":{"line":1275,"column":7}},"line":1270},"111":{"name":"(anonymous_111)","decl":{"start":{"line":1282,"column":7},"end":{"line":1282,"column":8}},"loc":{"start":{"line":1282,"column":66},"end":{"line":1287,"column":7}},"line":1282},"112":{"name":"(anonymous_112)","decl":{"start":{"line":1294,"column":7},"end":{"line":1294,"column":8}},"loc":{"start":{"line":1294,"column":66},"end":{"line":1299,"column":7}},"line":1294},"113":{"name":"(anonymous_113)","decl":{"start":{"line":1306,"column":7},"end":{"line":1306,"column":8}},"loc":{"start":{"line":1306,"column":33},"end":{"line":1310,"column":7}},"line":1306},"114":{"name":"(anonymous_114)","decl":{"start":{"line":1317,"column":7},"end":{"line":1317,"column":8}},"loc":{"start":{"line":1317,"column":33},"end":{"line":1321,"column":7}},"line":1317},"115":{"name":"(anonymous_115)","decl":{"start":{"line":1328,"column":7},"end":{"line":1328,"column":8}},"loc":{"start":{"line":1328,"column":33},"end":{"line":1332,"column":7}},"line":1328},"116":{"name":"(anonymous_116)","decl":{"start":{"line":1339,"column":7},"end":{"line":1339,"column":8}},"loc":{"start":{"line":1339,"column":33},"end":{"line":1343,"column":7}},"line":1339},"117":{"name":"(anonymous_117)","decl":{"start":{"line":1350,"column":7},"end":{"line":1350,"column":8}},"loc":{"start":{"line":1350,"column":33},"end":{"line":1354,"column":7}},"line":1350},"118":{"name":"(anonymous_118)","decl":{"start":{"line":1361,"column":7},"end":{"line":1361,"column":8}},"loc":{"start":{"line":1361,"column":33},"end":{"line":1365,"column":7}},"line":1361},"119":{"name":"(anonymous_119)","decl":{"start":{"line":1372,"column":7},"end":{"line":1372,"column":8}},"loc":{"start":{"line":1372,"column":33},"end":{"line":1376,"column":7}},"line":1372},"120":{"name":"(anonymous_120)","decl":{"start":{"line":1383,"column":7},"end":{"line":1383,"column":8}},"loc":{"start":{"line":1383,"column":33},"end":{"line":1387,"column":7}},"line":1383},"121":{"name":"(anonymous_121)","decl":{"start":{"line":1394,"column":7},"end":{"line":1394,"column":8}},"loc":{"start":{"line":1394,"column":33},"end":{"line":1398,"column":7}},"line":1394},"122":{"name":"(anonymous_122)","decl":{"start":{"line":1405,"column":7},"end":{"line":1405,"column":8}},"loc":{"start":{"line":1405,"column":33},"end":{"line":1409,"column":7}},"line":1405},"123":{"name":"(anonymous_123)","decl":{"start":{"line":1416,"column":7},"end":{"line":1416,"column":8}},"loc":{"start":{"line":1416,"column":33},"end":{"line":1420,"column":7}},"line":1416},"124":{"name":"(anonymous_124)","decl":{"start":{"line":1427,"column":7},"end":{"line":1427,"column":8}},"loc":{"start":{"line":1427,"column":33},"end":{"line":1431,"column":7}},"line":1427},"125":{"name":"(anonymous_125)","decl":{"start":{"line":1438,"column":7},"end":{"line":1438,"column":8}},"loc":{"start":{"line":1438,"column":33},"end":{"line":1442,"column":7}},"line":1438},"126":{"name":"(anonymous_126)","decl":{"start":{"line":1449,"column":7},"end":{"line":1449,"column":8}},"loc":{"start":{"line":1449,"column":33},"end":{"line":1453,"column":7}},"line":1449},"127":{"name":"(anonymous_127)","decl":{"start":{"line":1460,"column":7},"end":{"line":1460,"column":8}},"loc":{"start":{"line":1460,"column":33},"end":{"line":1464,"column":7}},"line":1460},"128":{"name":"(anonymous_128)","decl":{"start":{"line":1471,"column":7},"end":{"line":1471,"column":8}},"loc":{"start":{"line":1471,"column":33},"end":{"line":1475,"column":7}},"line":1471},"129":{"name":"(anonymous_129)","decl":{"start":{"line":1482,"column":7},"end":{"line":1482,"column":8}},"loc":{"start":{"line":1482,"column":33},"end":{"line":1486,"column":7}},"line":1482},"130":{"name":"(anonymous_130)","decl":{"start":{"line":1493,"column":7},"end":{"line":1493,"column":8}},"loc":{"start":{"line":1493,"column":33},"end":{"line":1497,"column":7}},"line":1493},"131":{"name":"(anonymous_131)","decl":{"start":{"line":1504,"column":7},"end":{"line":1504,"column":8}},"loc":{"start":{"line":1504,"column":33},"end":{"line":1508,"column":7}},"line":1504},"132":{"name":"(anonymous_132)","decl":{"start":{"line":1515,"column":7},"end":{"line":1515,"column":8}},"loc":{"start":{"line":1515,"column":33},"end":{"line":1519,"column":7}},"line":1515}},"branchMap":{"0":{"loc":{"start":{"line":9,"column":11},"end":{"line":11,"column":12}},"type":"if","locations":[{"start":{"line":9,"column":11},"end":{"line":11,"column":12}},{"start":{"line":9,"column":11},"end":{"line":11,"column":12}}],"line":9},"1":{"loc":{"start":{"line":38,"column":11},"end":{"line":40,"column":12}},"type":"if","locations":[{"start":{"line":38,"column":11},"end":{"line":40,"column":12}},{"start":{"line":38,"column":11},"end":{"line":40,"column":12}}],"line":38},"2":{"loc":{"start":{"line":45,"column":11},"end":{"line":47,"column":12}},"type":"if","locations":[{"start":{"line":45,"column":11},"end":{"line":47,"column":12}},{"start":{"line":45,"column":11},"end":{"line":47,"column":12}}],"line":45},"3":{"loc":{"start":{"line":45,"column":14},"end":{"line":45,"column":65}},"type":"binary-expr","locations":[{"start":{"line":45,"column":14},"end":{"line":45,"column":43}},{"start":{"line":45,"column":47},"end":{"line":45,"column":65}}],"line":45},"4":{"loc":{"start":{"line":57,"column":11},"end":{"line":57,"column":59}},"type":"if","locations":[{"start":{"line":57,"column":11},"end":{"line":57,"column":59}},{"start":{"line":57,"column":11},"end":{"line":57,"column":59}}],"line":57},"5":{"loc":{"start":{"line":58,"column":11},"end":{"line":58,"column":37}},"type":"if","locations":[{"start":{"line":58,"column":11},"end":{"line":58,"column":37}},{"start":{"line":58,"column":11},"end":{"line":58,"column":37}}],"line":58},"6":{"loc":{"start":{"line":59,"column":11},"end":{"line":59,"column":97}},"type":"if","locations":[{"start":{"line":59,"column":11},"end":{"line":59,"column":97}},{"start":{"line":59,"column":11},"end":{"line":59,"column":97}}],"line":59},"7":{"loc":{"start":{"line":59,"column":14},"end":{"line":59,"column":82}},"type":"binary-expr","locations":[{"start":{"line":59,"column":15},"end":{"line":59,"column":23}},{"start":{"line":59,"column":28},"end":{"line":59,"column":53}},{"start":{"line":59,"column":57},"end":{"line":59,"column":62}},{"start":{"line":59,"column":66},"end":{"line":59,"column":82}}],"line":59},"8":{"loc":{"start":{"line":63,"column":11},"end":{"line":63,"column":159}},"type":"if","locations":[{"start":{"line":63,"column":11},"end":{"line":63,"column":159}},{"start":{"line":63,"column":11},"end":{"line":63,"column":159}}],"line":63},"9":{"loc":{"start":{"line":63,"column":14},"end":{"line":63,"column":50}},"type":"binary-expr","locations":[{"start":{"line":63,"column":14},"end":{"line":63,"column":22}},{"start":{"line":63,"column":26},"end":{"line":63,"column":50}}],"line":63},"10":{"loc":{"start":{"line":69,"column":24},"end":{"line":71,"column":58}},"type":"cond-expr","locations":[{"start":{"line":70,"column":12},"end":{"line":70,"column":63}},{"start":{"line":71,"column":12},"end":{"line":71,"column":58}}],"line":69},"11":{"loc":{"start":{"line":69,"column":24},"end":{"line":69,"column":51}},"type":"binary-expr","locations":[{"start":{"line":69,"column":24},"end":{"line":69,"column":30}},{"start":{"line":69,"column":34},"end":{"line":69,"column":51}}],"line":69}},"s":{"0":0,"1":0,"2":0,"3":0,"4":0,"5":0,"6":0,"7":0,"8":0,"9":0,"10":0,"11":0,"12":0,"13":0,"14":0,"15":0,"16":0,"17":0,"18":0,"19":0,"20":0,"21":0,"22":0,"23":0,"24":0,"25":0,"26":0,"27":0,"28":0,"29":0,"30":0,"31":0,"32":0,"33":0,"34":0,"35":0,"36":0,"37":0,"38":0,"39":0,"40":0,"41":0,"42":0,"43":0,"44":0,"45":0,"46":0,"47":0,"48":0,"49":0,"50":0,"51":0,"52":0,"53":0,"54":0,"55":0,"56":0,"57":0,"58":0,"59":0,"60":0,"61":0,"62":0,"63":0,"64":0,"65":0,"66":0,"67":0,"68":0,"69":0,"70":0,"71":0,"72":0,"73":0,"74":0,"75":0,"76":0,"77":0,"78":0,"79":0,"80":0,"81":0,"82":0,"83":0,"84":0,"85":0,"86":0,"87":0,"88":0,"89":0,"90":0,"91":0,"92":0,"93":0,"94":0,"95":0,"96":0,"97":0,"98":0,"99":0,"100":0,"101":0,"102":0,"103":0,"104":0,"105":0,"106":0,"107":0,"108":0,"109":0,"110":0,"111":0,"112":0,"113":0,"114":0,"115":0,"116":0,"117":0,"118":0,"119":0,"120":0,"121":0,"122":0,"123":0,"124":0,"125":0,"126":0,"127":0,"128":0,"129":0,"130":0,"131":0,"132":0,"133":0,"134":0,"135":0,"136":0,"137":0,"138":0,"139":0,"140":0,"141":0,"142":0,"143":0,"144":0,"145":0,"146":0,"147":0,"148":0,"149":0,"150":0,"151":0,"152":0,"153":0,"154":0,"155":0,"156":0,"157":0,"158":0,"159":0,"160":0,"161":0,"162":0,"163":0,"164":0},"f":{"0":0,"1":0,"2":0,"3":0,"4":0,"5":0,"6":0,"7":0,"8":0,"9":0,"10":0,"11":0,"12":0,"13":0,"14":0,"15":0,"16":0,"17":0,"18":0,"19":0,"20":0,"21":0,"22":0,"23":0,"24":0,"25":0,"26":0,"27":0,"28":0,"29":0,"30":0,"31":0,"32":0,"33":0,"34":0,"35":0,"36":0,"37":0,"38":0,"39":0,"40":0,"41":0,"42":0,"43":0,"44":0,"45":0,"46":0,"47":0,"48":0,"49":0,"50":0,"51":0,"52":0,"53":0,"54":0,"55":0,"56":0,"57":0,"58":0,"59":0,"60":0,"61":0,"62":0,"63":0,"64":0,"65":0,"66":0,"67":0,"68":0,"69":0,"70":0,"71":0,"72":0,"73":0,"74":0,"75":0,"76":0,"77":0,"78":0,"79":0,"80":0,"81":0,"82":0,"83":0,"84":0,"85":0,"86":0,"87":0,"88":0,"89":0,"90":0,"91":0,"92":0,"93":0,"94":0,"95":0,"96":0,"97":0,"98":0,"99":0,"100":0,"101":0,"102":0,"103":0,"104":0,"105":0,"106":0,"107":0,"108":0,"109":0,"110":0,"111":0,"112":0,"113":0,"114":0,"115":0,"116":0,"117":0,"118":0,"119":0,"120":0,"121":0,"122":0,"123":0,"124":0,"125":0,"126":0,"127":0,"128":0,"129":0,"130":0,"131":0,"132":0},"b":{"0":[0,0],"1":[0,0],"2":[0,0],"3":[0,0],"4":[0,0],"5":[0,0],"6":[0,0],"7":[0,0,0,0],"8":[0,0],"9":[0,0],"10":[0,0],"11":[0,0]}},"c:\\git\\blog\\labyrinth\\dist\\src\\app.js":{"path":"c:\\git\\blog\\labyrinth\\dist\\src\\app.js","statementMap":{"0":{"start":{"line":2,"column":0},"end":{"line":2,"column":62}},"1":{"start":{"line":3,"column":16},"end":{"line":3,"column":34}},"2":{"start":{"line":4,"column":13},"end":{"line":4,"column":28}},"3":{"start":{"line":5,"column":29},"end":{"line":5,"column":74}},"4":{"start":{"line":6,"column":10},"end":{"line":6,"column":29}},"5":{"start":{"line":9,"column":0},"end":{"line":9,"column":26}},"6":{"start":{"line":10,"column":0},"end":{"line":10,"column":35}},"7":{"start":{"line":12,"column":0},"end":{"line":12,"column":36}},"8":{"start":{"line":13,"column":0},"end":{"line":13,"column":72}},"9":{"start":{"line":13,"column":35},"end":{"line":13,"column":68}},"10":{"start":{"line":14,"column":0},"end":{"line":14,"column":94}},"11":{"start":{"line":14,"column":31},"end":{"line":14,"column":90}}},"fnMap":{"0":{"name":"(anonymous_0)","decl":{"start":{"line":13,"column":13},"end":{"line":13,"column":14}},"loc":{"start":{"line":13,"column":33},"end":{"line":13,"column":70}},"line":13},"1":{"name":"(anonymous_1)","decl":{"start":{"line":14,"column":17},"end":{"line":14,"column":18}},"loc":{"start":{"line":14,"column":29},"end":{"line":14,"column":92}},"line":14}},"branchMap":{},"s":{"0":0,"1":0,"2":0,"3":0,"4":0,"5":0,"6":0,"7":0,"8":0,"9":0,"10":0,"11":0},"f":{"0":0,"1":0},"b":{}},"c:\\git\\blog\\labyrinth\\dist\\src\\controllers\\labyrinth-controller.js":{"path":"c:\\git\\blog\\labyrinth\\dist\\src\\controllers\\labyrinth-controller.js","statementMap":{"0":{"start":{"line":2,"column":0},"end":{"line":2,"column":62}},"1":{"start":{"line":3,"column":26},"end":{"line":3,"column":66}},"2":{"start":{"line":4,"column":16},"end":{"line":4,"column":34}},"3":{"start":{"line":5,"column":13},"end":{"line":5,"column":32}},"4":{"start":{"line":6,"column":0},"end":{"line":8,"column":3}},"5":{"start":{"line":7,"column":4},"end":{"line":7,"column":23}},"6":{"start":{"line":9,"column":0},"end":{"line":13,"column":3}},"7":{"start":{"line":10,"column":4},"end":{"line":10,"column":54}},"8":{"start":{"line":11,"column":20},"end":{"line":11,"column":62}},"9":{"start":{"line":12,"column":4},"end":{"line":12,"column":29}},"10":{"start":{"line":15,"column":4},"end":{"line":15,"column":41}},"11":{"start":{"line":16,"column":4},"end":{"line":16,"column":34}},"12":{"start":{"line":18,"column":0},"end":{"line":18,"column":28}}},"fnMap":{"0":{"name":"(anonymous_0)","decl":{"start":{"line":6,"column":17},"end":{"line":6,"column":18}},"loc":{"start":{"line":6,"column":46},"end":{"line":8,"column":1}},"line":6},"1":{"name":"(anonymous_1)","decl":{"start":{"line":9,"column":16},"end":{"line":9,"column":17}},"loc":{"start":{"line":9,"column":45},"end":{"line":13,"column":1}},"line":9},"2":{"name":"default_1","decl":{"start":{"line":14,"column":9},"end":{"line":14,"column":18}},"loc":{"start":{"line":14,"column":24},"end":{"line":17,"column":1}},"line":14}},"branchMap":{},"s":{"0":0,"1":0,"2":0,"3":0,"4":0,"5":0,"6":0,"7":0,"8":0,"9":0,"10":0,"11":0,"12":0},"f":{"0":0,"1":0,"2":0},"b":{}},"c:\\git\\blog\\labyrinth\\dist\\src\\enums\\backtrack-status.js":{"path":"c:\\git\\blog\\labyrinth\\dist\\src\\enums\\backtrack-status.js","statementMap":{"0":{"start":{"line":2,"column":0},"end":{"line":2,"column":62}},"1":{"start":{"line":4,"column":0},"end":{"line":9,"column":46}},"2":{"start":{"line":5,"column":4},"end":{"line":5,"column":41}},"3":{"start":{"line":6,"column":4},"end":{"line":6,"column":55}},"4":{"start":{"line":7,"column":4},"end":{"line":7,"column":63}},"5":{"start":{"line":8,"column":4},"end":{"line":8,"column":41}},"6":{"start":{"line":10,"column":0},"end":{"line":10,"column":34}}},"fnMap":{"0":{"name":"(anonymous_0)","decl":{"start":{"line":4,"column":1},"end":{"line":4,"column":2}},"loc":{"start":{"line":4,"column":28},"end":{"line":9,"column":1}},"line":4}},"branchMap":{"0":{"loc":{"start":{"line":9,"column":3},"end":{"line":9,"column":44}},"type":"binary-expr","locations":[{"start":{"line":9,"column":3},"end":{"line":9,"column":18}},{"start":{"line":9,"column":23},"end":{"line":9,"column":43}}],"line":9}},"s":{"0":0,"1":0,"2":0,"3":0,"4":0,"5":0,"6":0},"f":{"0":0},"b":{"0":[0,0]}},"c:\\git\\blog\\labyrinth\\dist\\src\\enums\\direction-status.js":{"path":"c:\\git\\blog\\labyrinth\\dist\\src\\enums\\direction-status.js","statementMap":{"0":{"start":{"line":2,"column":0},"end":{"line":2,"column":62}},"1":{"start":{"line":4,"column":0},"end":{"line":8,"column":46}},"2":{"start":{"line":5,"column":4},"end":{"line":5,"column":37}},"3":{"start":{"line":6,"column":4},"end":{"line":6,"column":41}},"4":{"start":{"line":7,"column":4},"end":{"line":7,"column":61}},"5":{"start":{"line":9,"column":0},"end":{"line":9,"column":34}}},"fnMap":{"0":{"name":"(anonymous_0)","decl":{"start":{"line":4,"column":1},"end":{"line":4,"column":2}},"loc":{"start":{"line":4,"column":28},"end":{"line":8,"column":1}},"line":4}},"branchMap":{"0":{"loc":{"start":{"line":8,"column":3},"end":{"line":8,"column":44}},"type":"binary-expr","locations":[{"start":{"line":8,"column":3},"end":{"line":8,"column":18}},{"start":{"line":8,"column":23},"end":{"line":8,"column":43}}],"line":8}},"s":{"0":0,"1":0,"2":0,"3":0,"4":0,"5":0},"f":{"0":0},"b":{"0":[0,0]}},"c:\\git\\blog\\labyrinth\\dist\\src\\enums\\direction.js":{"path":"c:\\git\\blog\\labyrinth\\dist\\src\\enums\\direction.js","statementMap":{"0":{"start":{"line":2,"column":0},"end":{"line":2,"column":62}},"1":{"start":{"line":4,"column":0},"end":{"line":9,"column":34}},"2":{"start":{"line":5,"column":4},"end":{"line":5,"column":33}},"3":{"start":{"line":6,"column":4},"end":{"line":6,"column":33}},"4":{"start":{"line":7,"column":4},"end":{"line":7,"column":31}},"5":{"start":{"line":8,"column":4},"end":{"line":8,"column":31}},"6":{"start":{"line":10,"column":0},"end":{"line":30,"column":34}},"7":{"start":{"line":12,"column":8},"end":{"line":12,"column":82}},"8":{"start":{"line":14,"column":4},"end":{"line":14,"column":30}},"9":{"start":{"line":16,"column":8},"end":{"line":27,"column":9}},"10":{"start":{"line":17,"column":12},"end":{"line":17,"column":35}},"11":{"start":{"line":19,"column":13},"end":{"line":27,"column":9}},"12":{"start":{"line":20,"column":12},"end":{"line":20,"column":35}},"13":{"start":{"line":22,"column":13},"end":{"line":27,"column":9}},"14":{"start":{"line":23,"column":12},"end":{"line":23,"column":34}},"15":{"start":{"line":25,"column":13},"end":{"line":27,"column":9}},"16":{"start":{"line":26,"column":12},"end":{"line":26,"column":34}},"17":{"start":{"line":29,"column":4},"end":{"line":29,"column":32}},"18":{"start":{"line":31,"column":0},"end":{"line":31,"column":28}}},"fnMap":{"0":{"name":"(anonymous_0)","decl":{"start":{"line":4,"column":1},"end":{"line":4,"column":2}},"loc":{"start":{"line":4,"column":22},"end":{"line":9,"column":1}},"line":4},"1":{"name":"(anonymous_1)","decl":{"start":{"line":10,"column":1},"end":{"line":10,"column":2}},"loc":{"start":{"line":10,"column":22},"end":{"line":30,"column":1}},"line":10},"2":{"name":"values","decl":{"start":{"line":11,"column":13},"end":{"line":11,"column":19}},"loc":{"start":{"line":11,"column":22},"end":{"line":13,"column":5}},"line":11},"3":{"name":"oposite","decl":{"start":{"line":15,"column":13},"end":{"line":15,"column":20}},"loc":{"start":{"line":15,"column":32},"end":{"line":28,"column":5}},"line":15}},"branchMap":{"0":{"loc":{"start":{"line":9,"column":3},"end":{"line":9,"column":32}},"type":"binary-expr","locations":[{"start":{"line":9,"column":3},"end":{"line":9,"column":12}},{"start":{"line":9,"column":17},"end":{"line":9,"column":31}}],"line":9},"1":{"loc":{"start":{"line":16,"column":8},"end":{"line":27,"column":9}},"type":"if","locations":[{"start":{"line":16,"column":8},"end":{"line":27,"column":9}},{"start":{"line":16,"column":8},"end":{"line":27,"column":9}}],"line":16},"2":{"loc":{"start":{"line":19,"column":13},"end":{"line":27,"column":9}},"type":"if","locations":[{"start":{"line":19,"column":13},"end":{"line":27,"column":9}},{"start":{"line":19,"column":13},"end":{"line":27,"column":9}}],"line":19},"3":{"loc":{"start":{"line":22,"column":13},"end":{"line":27,"column":9}},"type":"if","locations":[{"start":{"line":22,"column":13},"end":{"line":27,"column":9}},{"start":{"line":22,"column":13},"end":{"line":27,"column":9}}],"line":22},"4":{"loc":{"start":{"line":25,"column":13},"end":{"line":27,"column":9}},"type":"if","locations":[{"start":{"line":25,"column":13},"end":{"line":27,"column":9}},{"start":{"line":25,"column":13},"end":{"line":27,"column":9}}],"line":25},"5":{"loc":{"start":{"line":30,"column":3},"end":{"line":30,"column":32}},"type":"binary-expr","locations":[{"start":{"line":30,"column":3},"end":{"line":30,"column":12}},{"start":{"line":30,"column":17},"end":{"line":30,"column":31}}],"line":30}},"s":{"0":0,"1":0,"2":0,"3":0,"4":0,"5":0,"6":0,"7":0,"8":0,"9":0,"10":0,"11":0,"12":0,"13":0,"14":0,"15":0,"16":0,"17":0,"18":0},"f":{"0":0,"1":0,"2":0,"3":0},"b":{"0":[0,0],"1":[0,0],"2":[0,0],"3":[0,0],"4":[0,0],"5":[0,0]}},"c:\\git\\blog\\labyrinth\\dist\\src\\init\\init-tables.js":{"path":"c:\\git\\blog\\labyrinth\\dist\\src\\init\\init-tables.js","statementMap":{"0":{"start":{"line":2,"column":0},"end":{"line":2,"column":62}},"1":{"start":{"line":3,"column":22},"end":{"line":3,"column":68}},"2":{"start":{"line":4,"column":0},"end":{"line":27,"column":28}},"3":{"start":{"line":14,"column":4},"end":{"line":14,"column":21}},"4":{"start":{"line":25,"column":4},"end":{"line":25,"column":21}}},"fnMap":{"0":{"name":"(anonymous_0)","decl":{"start":{"line":13,"column":9},"end":{"line":13,"column":10}},"loc":{"start":{"line":13,"column":24},"end":{"line":15,"column":1}},"line":13},"1":{"name":"(anonymous_1)","decl":{"start":{"line":24,"column":9},"end":{"line":24,"column":10}},"loc":{"start":{"line":24,"column":24},"end":{"line":26,"column":1}},"line":24}},"branchMap":{},"s":{"0":0,"1":0,"2":0,"3":0,"4":0},"f":{"0":0,"1":0},"b":{}},"c:\\git\\blog\\labyrinth\\dist\\src\\init\\init-test-data.js":{"path":"c:\\git\\blog\\labyrinth\\dist\\src\\init\\init-test-data.js","statementMap":{"0":{"start":{"line":2,"column":0},"end":{"line":2,"column":62}},"1":{"start":{"line":3,"column":22},"end":{"line":3,"column":68}},"2":{"start":{"line":4,"column":0},"end":{"line":47,"column":28}},"3":{"start":{"line":6,"column":4},"end":{"line":6,"column":21}},"4":{"start":{"line":24,"column":4},"end":{"line":24,"column":21}},"5":{"start":{"line":27,"column":4},"end":{"line":27,"column":21}},"6":{"start":{"line":45,"column":4},"end":{"line":45,"column":21}}},"fnMap":{"0":{"name":"(anonymous_0)","decl":{"start":{"line":5,"column":44},"end":{"line":5,"column":45}},"loc":{"start":{"line":5,"column":59},"end":{"line":7,"column":1}},"line":5},"1":{"name":"(anonymous_1)","decl":{"start":{"line":23,"column":89},"end":{"line":23,"column":90}},"loc":{"start":{"line":23,"column":104},"end":{"line":25,"column":1}},"line":23},"2":{"name":"(anonymous_2)","decl":{"start":{"line":26,"column":39},"end":{"line":26,"column":40}},"loc":{"start":{"line":26,"column":54},"end":{"line":28,"column":1}},"line":26},"3":{"name":"(anonymous_3)","decl":{"start":{"line":44,"column":50},"end":{"line":44,"column":51}},"loc":{"start":{"line":44,"column":65},"end":{"line":46,"column":1}},"line":44}},"branchMap":{},"s":{"0":0,"1":0,"2":0,"3":0,"4":0,"5":0,"6":0},"f":{"0":0,"1":0,"2":0,"3":0},"b":{}},"c:\\git\\blog\\labyrinth\\dist\\src\\models\\direction-randomizer.js":{"path":"c:\\git\\blog\\labyrinth\\dist\\src\\models\\direction-randomizer.js","statementMap":{"0":{"start":{"line":2,"column":0},"end":{"line":2,"column":62}},"1":{"start":{"line":3,"column":8},"end":{"line":3,"column":25}},"2":{"start":{"line":4,"column":41},"end":{"line":20,"column":3}},"3":{"start":{"line":6,"column":19},"end":{"line":6,"column":23}},"4":{"start":{"line":7,"column":8},"end":{"line":7,"column":34}},"5":{"start":{"line":8,"column":8},"end":{"line":13,"column":11}},"6":{"start":{"line":9,"column":27},"end":{"line":9,"column":78}},"7":{"start":{"line":10,"column":12},"end":{"line":12,"column":15}},"8":{"start":{"line":11,"column":16},"end":{"line":11,"column":76}},"9":{"start":{"line":15,"column":4},"end":{"line":18,"column":6}},"10":{"start":{"line":16,"column":26},"end":{"line":16,"column":57}},"11":{"start":{"line":17,"column":8},"end":{"line":17,"column":49}},"12":{"start":{"line":19,"column":4},"end":{"line":19,"column":31}},"13":{"start":{"line":21,"column":0},"end":{"line":21,"column":38}}},"fnMap":{"0":{"name":"(anonymous_0)","decl":{"start":{"line":4,"column":41},"end":{"line":4,"column":42}},"loc":{"start":{"line":4,"column":53},"end":{"line":20,"column":1}},"line":4},"1":{"name":"DirectionRandomizer","decl":{"start":{"line":5,"column":13},"end":{"line":5,"column":32}},"loc":{"start":{"line":5,"column":59},"end":{"line":14,"column":5}},"line":5},"2":{"name":"(anonymous_2)","decl":{"start":{"line":8,"column":41},"end":{"line":8,"column":42}},"loc":{"start":{"line":8,"column":75},"end":{"line":13,"column":9}},"line":8},"3":{"name":"(anonymous_3)","decl":{"start":{"line":10,"column":30},"end":{"line":10,"column":31}},"loc":{"start":{"line":10,"column":43},"end":{"line":12,"column":13}},"line":10},"4":{"name":"(anonymous_4)","decl":{"start":{"line":15,"column":52},"end":{"line":15,"column":53}},"loc":{"start":{"line":15,"column":64},"end":{"line":18,"column":5}},"line":15}},"branchMap":{},"s":{"0":0,"1":0,"2":0,"3":0,"4":0,"5":0,"6":0,"7":0,"8":0,"9":0,"10":0,"11":0,"12":0,"13":0},"f":{"0":0,"1":0,"2":0,"3":0,"4":0},"b":{}},"c:\\git\\blog\\labyrinth\\dist\\src\\models\\directional-distance.js":{"path":"c:\\git\\blog\\labyrinth\\dist\\src\\models\\directional-distance.js","statementMap":{"0":{"start":{"line":2,"column":0},"end":{"line":2,"column":62}},"1":{"start":{"line":3,"column":41},"end":{"line":23,"column":3}},"2":{"start":{"line":5,"column":8},"end":{"line":5,"column":36}},"3":{"start":{"line":6,"column":8},"end":{"line":6,"column":34}},"4":{"start":{"line":8,"column":4},"end":{"line":14,"column":7}},"5":{"start":{"line":10,"column":12},"end":{"line":10,"column":35}},"6":{"start":{"line":15,"column":4},"end":{"line":21,"column":7}},"7":{"start":{"line":17,"column":12},"end":{"line":17,"column":34}},"8":{"start":{"line":22,"column":4},"end":{"line":22,"column":31}},"9":{"start":{"line":24,"column":0},"end":{"line":24,"column":38}}},"fnMap":{"0":{"name":"(anonymous_0)","decl":{"start":{"line":3,"column":41},"end":{"line":3,"column":42}},"loc":{"start":{"line":3,"column":53},"end":{"line":23,"column":1}},"line":3},"1":{"name":"DirectionalDistance","decl":{"start":{"line":4,"column":13},"end":{"line":4,"column":32}},"loc":{"start":{"line":4,"column":54},"end":{"line":7,"column":5}},"line":4},"2":{"name":"(anonymous_2)","decl":{"start":{"line":9,"column":13},"end":{"line":9,"column":14}},"loc":{"start":{"line":9,"column":25},"end":{"line":11,"column":9}},"line":9},"3":{"name":"(anonymous_3)","decl":{"start":{"line":16,"column":13},"end":{"line":16,"column":14}},"loc":{"start":{"line":16,"column":25},"end":{"line":18,"column":9}},"line":16}},"branchMap":{},"s":{"0":0,"1":0,"2":0,"3":0,"4":0,"5":0,"6":0,"7":0,"8":0,"9":0},"f":{"0":0,"1":0,"2":0,"3":0},"b":{}},"c:\\git\\blog\\labyrinth\\dist\\src\\models\\directional-probability.js":{"path":"c:\\git\\blog\\labyrinth\\dist\\src\\models\\directional-probability.js","statementMap":{"0":{"start":{"line":2,"column":0},"end":{"line":2,"column":62}},"1":{"start":{"line":3,"column":44},"end":{"line":23,"column":3}},"2":{"start":{"line":5,"column":8},"end":{"line":5,"column":36}},"3":{"start":{"line":6,"column":8},"end":{"line":6,"column":40}},"4":{"start":{"line":8,"column":4},"end":{"line":14,"column":7}},"5":{"start":{"line":10,"column":12},"end":{"line":10,"column":35}},"6":{"start":{"line":15,"column":4},"end":{"line":21,"column":7}},"7":{"start":{"line":17,"column":12},"end":{"line":17,"column":37}},"8":{"start":{"line":22,"column":4},"end":{"line":22,"column":34}},"9":{"start":{"line":24,"column":0},"end":{"line":24,"column":41}}},"fnMap":{"0":{"name":"(anonymous_0)","decl":{"start":{"line":3,"column":44},"end":{"line":3,"column":45}},"loc":{"start":{"line":3,"column":56},"end":{"line":23,"column":1}},"line":3},"1":{"name":"DirectionalProbability","decl":{"start":{"line":4,"column":13},"end":{"line":4,"column":35}},"loc":{"start":{"line":4,"column":60},"end":{"line":7,"column":5}},"line":4},"2":{"name":"(anonymous_2)","decl":{"start":{"line":9,"column":13},"end":{"line":9,"column":14}},"loc":{"start":{"line":9,"column":25},"end":{"line":11,"column":9}},"line":9},"3":{"name":"(anonymous_3)","decl":{"start":{"line":16,"column":13},"end":{"line":16,"column":14}},"loc":{"start":{"line":16,"column":25},"end":{"line":18,"column":9}},"line":16}},"branchMap":{},"s":{"0":0,"1":0,"2":0,"3":0,"4":0,"5":0,"6":0,"7":0,"8":0,"9":0},"f":{"0":0,"1":0,"2":0,"3":0},"b":{}},"c:\\git\\blog\\labyrinth\\dist\\src\\models\\path.js":{"path":"c:\\git\\blog\\labyrinth\\dist\\src\\models\\path.js","statementMap":{"0":{"start":{"line":2,"column":0},"end":{"line":2,"column":62}},"1":{"start":{"line":3,"column":8},"end":{"line":3,"column":25}},"2":{"start":{"line":4,"column":26},"end":{"line":42,"column":3}},"3":{"start":{"line":6,"column":19},"end":{"line":6,"column":23}},"4":{"start":{"line":7,"column":8},"end":{"line":7,"column":24}},"5":{"start":{"line":8,"column":8},"end":{"line":19,"column":9}},"6":{"start":{"line":9,"column":12},"end":{"line":11,"column":15}},"7":{"start":{"line":10,"column":16},"end":{"line":10,"column":39}},"8":{"start":{"line":14,"column":12},"end":{"line":18,"column":13}},"9":{"start":{"line":15,"column":16},"end":{"line":17,"column":19}},"10":{"start":{"line":16,"column":20},"end":{"line":16,"column":43}},"11":{"start":{"line":21,"column":4},"end":{"line":23,"column":6}},"12":{"start":{"line":22,"column":8},"end":{"line":22,"column":43}},"13":{"start":{"line":24,"column":4},"end":{"line":26,"column":6}},"14":{"start":{"line":25,"column":8},"end":{"line":25,"column":31}},"15":{"start":{"line":27,"column":4},"end":{"line":33,"column":7}},"16":{"start":{"line":29,"column":12},"end":{"line":29,"column":30}},"17":{"start":{"line":34,"column":4},"end":{"line":40,"column":7}},"18":{"start":{"line":36,"column":12},"end":{"line":36,"column":37}},"19":{"start":{"line":41,"column":4},"end":{"line":41,"column":16}},"20":{"start":{"line":43,"column":0},"end":{"line":43,"column":23}}},"fnMap":{"0":{"name":"(anonymous_0)","decl":{"start":{"line":4,"column":26},"end":{"line":4,"column":27}},"loc":{"start":{"line":4,"column":38},"end":{"line":42,"column":1}},"line":4},"1":{"name":"Path","decl":{"start":{"line":5,"column":13},"end":{"line":5,"column":17}},"loc":{"start":{"line":5,"column":24},"end":{"line":20,"column":5}},"line":5},"2":{"name":"(anonymous_2)","decl":{"start":{"line":9,"column":33},"end":{"line":9,"column":34}},"loc":{"start":{"line":9,"column":50},"end":{"line":11,"column":13}},"line":9},"3":{"name":"(anonymous_3)","decl":{"start":{"line":15,"column":32},"end":{"line":15,"column":33}},"loc":{"start":{"line":15,"column":49},"end":{"line":17,"column":17}},"line":15},"4":{"name":"(anonymous_4)","decl":{"start":{"line":21,"column":30},"end":{"line":21,"column":31}},"loc":{"start":{"line":21,"column":47},"end":{"line":23,"column":5}},"line":21},"5":{"name":"(anonymous_5)","decl":{"start":{"line":24,"column":25},"end":{"line":24,"column":26}},"loc":{"start":{"line":24,"column":42},"end":{"line":26,"column":5}},"line":24},"6":{"name":"(anonymous_6)","decl":{"start":{"line":28,"column":13},"end":{"line":28,"column":14}},"loc":{"start":{"line":28,"column":25},"end":{"line":30,"column":9}},"line":28},"7":{"name":"(anonymous_7)","decl":{"start":{"line":35,"column":13},"end":{"line":35,"column":14}},"loc":{"start":{"line":35,"column":25},"end":{"line":37,"column":9}},"line":35}},"branchMap":{"0":{"loc":{"start":{"line":8,"column":8},"end":{"line":19,"column":9}},"type":"if","locations":[{"start":{"line":8,"column":8},"end":{"line":19,"column":9}},{"start":{"line":8,"column":8},"end":{"line":19,"column":9}}],"line":8},"1":{"loc":{"start":{"line":14,"column":12},"end":{"line":18,"column":13}},"type":"if","locations":[{"start":{"line":14,"column":12},"end":{"line":18,"column":13}},{"start":{"line":14,"column":12},"end":{"line":18,"column":13}}],"line":14}},"s":{"0":0,"1":0,"2":0,"3":0,"4":0,"5":0,"6":0,"7":0,"8":0,"9":0,"10":0,"11":0,"12":0,"13":0,"14":0,"15":0,"16":0,"17":0,"18":0,"19":0,"20":0},"f":{"0":0,"1":0,"2":0,"3":0,"4":0,"5":0,"6":0,"7":0},"b":{"0":[0,0],"1":[0,0]}},"c:\\git\\blog\\labyrinth\\dist\\src\\models\\point-backtrack-status.js":{"path":"c:\\git\\blog\\labyrinth\\dist\\src\\models\\point-backtrack-status.js","statementMap":{"0":{"start":{"line":2,"column":0},"end":{"line":2,"column":62}},"1":{"start":{"line":3,"column":18},"end":{"line":3,"column":47}},"2":{"start":{"line":4,"column":42},"end":{"line":57,"column":3}},"3":{"start":{"line":6,"column":8},"end":{"line":6,"column":28}},"4":{"start":{"line":7,"column":8},"end":{"line":7,"column":28}},"5":{"start":{"line":8,"column":8},"end":{"line":8,"column":26}},"6":{"start":{"line":9,"column":8},"end":{"line":9,"column":26}},"7":{"start":{"line":11,"column":4},"end":{"line":17,"column":7}},"8":{"start":{"line":13,"column":12},"end":{"line":13,"column":31}},"9":{"start":{"line":18,"column":4},"end":{"line":24,"column":7}},"10":{"start":{"line":20,"column":12},"end":{"line":20,"column":31}},"11":{"start":{"line":25,"column":4},"end":{"line":31,"column":7}},"12":{"start":{"line":27,"column":12},"end":{"line":27,"column":30}},"13":{"start":{"line":32,"column":4},"end":{"line":38,"column":7}},"14":{"start":{"line":34,"column":12},"end":{"line":34,"column":30}},"15":{"start":{"line":39,"column":4},"end":{"line":55,"column":6}},"16":{"start":{"line":40,"column":8},"end":{"line":54,"column":9}},"17":{"start":{"line":41,"column":12},"end":{"line":41,"column":31}},"18":{"start":{"line":43,"column":13},"end":{"line":54,"column":9}},"19":{"start":{"line":44,"column":12},"end":{"line":44,"column":31}},"20":{"start":{"line":46,"column":13},"end":{"line":54,"column":9}},"21":{"start":{"line":47,"column":12},"end":{"line":47,"column":30}},"22":{"start":{"line":49,"column":13},"end":{"line":54,"column":9}},"23":{"start":{"line":50,"column":12},"end":{"line":50,"column":30}},"24":{"start":{"line":53,"column":12},"end":{"line":53,"column":61}},"25":{"start":{"line":56,"column":4},"end":{"line":56,"column":32}},"26":{"start":{"line":58,"column":0},"end":{"line":58,"column":39}}},"fnMap":{"0":{"name":"(anonymous_0)","decl":{"start":{"line":4,"column":42},"end":{"line":4,"column":43}},"loc":{"start":{"line":4,"column":54},"end":{"line":57,"column":1}},"line":4},"1":{"name":"PointBacktrackStatus","decl":{"start":{"line":5,"column":13},"end":{"line":5,"column":33}},"loc":{"start":{"line":5,"column":60},"end":{"line":10,"column":5}},"line":5},"2":{"name":"(anonymous_2)","decl":{"start":{"line":12,"column":13},"end":{"line":12,"column":14}},"loc":{"start":{"line":12,"column":25},"end":{"line":14,"column":9}},"line":12},"3":{"name":"(anonymous_3)","decl":{"start":{"line":19,"column":13},"end":{"line":19,"column":14}},"loc":{"start":{"line":19,"column":25},"end":{"line":21,"column":9}},"line":19},"4":{"name":"(anonymous_4)","decl":{"start":{"line":26,"column":13},"end":{"line":26,"column":14}},"loc":{"start":{"line":26,"column":25},"end":{"line":28,"column":9}},"line":26},"5":{"name":"(anonymous_5)","decl":{"start":{"line":33,"column":13},"end":{"line":33,"column":14}},"loc":{"start":{"line":33,"column":25},"end":{"line":35,"column":9}},"line":33},"6":{"name":"(anonymous_6)","decl":{"start":{"line":39,"column":55},"end":{"line":39,"column":56}},"loc":{"start":{"line":39,"column":76},"end":{"line":55,"column":5}},"line":39}},"branchMap":{"0":{"loc":{"start":{"line":40,"column":8},"end":{"line":54,"column":9}},"type":"if","locations":[{"start":{"line":40,"column":8},"end":{"line":54,"column":9}},{"start":{"line":40,"column":8},"end":{"line":54,"column":9}}],"line":40},"1":{"loc":{"start":{"line":43,"column":13},"end":{"line":54,"column":9}},"type":"if","locations":[{"start":{"line":43,"column":13},"end":{"line":54,"column":9}},{"start":{"line":43,"column":13},"end":{"line":54,"column":9}}],"line":43},"2":{"loc":{"start":{"line":46,"column":13},"end":{"line":54,"column":9}},"type":"if","locations":[{"start":{"line":46,"column":13},"end":{"line":54,"column":9}},{"start":{"line":46,"column":13},"end":{"line":54,"column":9}}],"line":46},"3":{"loc":{"start":{"line":49,"column":13},"end":{"line":54,"column":9}},"type":"if","locations":[{"start":{"line":49,"column":13},"end":{"line":54,"column":9}},{"start":{"line":49,"column":13},"end":{"line":54,"column":9}}],"line":49}},"s":{"0":0,"1":0,"2":0,"3":0,"4":0,"5":0,"6":0,"7":0,"8":0,"9":0,"10":0,"11":0,"12":0,"13":0,"14":0,"15":0,"16":0,"17":0,"18":0,"19":0,"20":0,"21":0,"22":0,"23":0,"24":0,"25":0,"26":0},"f":{"0":0,"1":0,"2":0,"3":0,"4":0,"5":0,"6":0},"b":{"0":[0,0],"1":[0,0],"2":[0,0],"3":[0,0]}},"c:\\git\\blog\\labyrinth\\dist\\src\\models\\point-connection-info.js":{"path":"c:\\git\\blog\\labyrinth\\dist\\src\\models\\point-connection-info.js","statementMap":{"0":{"start":{"line":2,"column":0},"end":{"line":2,"column":62}},"1":{"start":{"line":3,"column":41},"end":{"line":11,"column":3}},"2":{"start":{"line":5,"column":8},"end":{"line":5,"column":26}},"3":{"start":{"line":6,"column":8},"end":{"line":6,"column":22}},"4":{"start":{"line":7,"column":8},"end":{"line":7,"column":36}},"5":{"start":{"line":8,"column":8},"end":{"line":8,"column":42}},"6":{"start":{"line":10,"column":4},"end":{"line":10,"column":31}}},"fnMap":{"0":{"name":"(anonymous_0)","decl":{"start":{"line":3,"column":41},"end":{"line":3,"column":42}},"loc":{"start":{"line":3,"column":53},"end":{"line":11,"column":1}},"line":3},"1":{"name":"PointConnectionInfo","decl":{"start":{"line":4,"column":13},"end":{"line":4,"column":32}},"loc":{"start":{"line":4,"column":68},"end":{"line":9,"column":5}},"line":4}},"branchMap":{},"s":{"0":0,"1":0,"2":0,"3":0,"4":0,"5":0,"6":0},"f":{"0":0,"1":0},"b":{}},"c:\\git\\blog\\labyrinth\\dist\\src\\models\\point.js":{"path":"c:\\git\\blog\\labyrinth\\dist\\src\\models\\point.js","statementMap":{"0":{"start":{"line":2,"column":0},"end":{"line":2,"column":62}},"1":{"start":{"line":3,"column":18},"end":{"line":3,"column":47}},"2":{"start":{"line":4,"column":25},"end":{"line":4,"column":61}},"3":{"start":{"line":5,"column":27},"end":{"line":158,"column":3}},"4":{"start":{"line":7,"column":8},"end":{"line":7,"column":20}},"5":{"start":{"line":8,"column":8},"end":{"line":8,"column":20}},"6":{"start":{"line":9,"column":8},"end":{"line":9,"column":28}},"7":{"start":{"line":10,"column":8},"end":{"line":10,"column":28}},"8":{"start":{"line":11,"column":8},"end":{"line":11,"column":26}},"9":{"start":{"line":12,"column":8},"end":{"line":12,"column":26}},"10":{"start":{"line":13,"column":8},"end":{"line":13,"column":46}},"11":{"start":{"line":14,"column":8},"end":{"line":14,"column":46}},"12":{"start":{"line":15,"column":8},"end":{"line":15,"column":44}},"13":{"start":{"line":16,"column":8},"end":{"line":16,"column":44}},"14":{"start":{"line":18,"column":4},"end":{"line":24,"column":7}},"15":{"start":{"line":20,"column":12},"end":{"line":20,"column":27}},"16":{"start":{"line":25,"column":4},"end":{"line":31,"column":7}},"17":{"start":{"line":27,"column":12},"end":{"line":27,"column":27}},"18":{"start":{"line":32,"column":4},"end":{"line":38,"column":7}},"19":{"start":{"line":34,"column":12},"end":{"line":34,"column":31}},"20":{"start":{"line":39,"column":4},"end":{"line":45,"column":7}},"21":{"start":{"line":41,"column":12},"end":{"line":41,"column":31}},"22":{"start":{"line":46,"column":4},"end":{"line":52,"column":7}},"23":{"start":{"line":48,"column":12},"end":{"line":48,"column":30}},"24":{"start":{"line":53,"column":4},"end":{"line":59,"column":7}},"25":{"start":{"line":55,"column":12},"end":{"line":55,"column":30}},"26":{"start":{"line":60,"column":4},"end":{"line":66,"column":7}},"27":{"start":{"line":62,"column":12},"end":{"line":62,"column":40}},"28":{"start":{"line":67,"column":4},"end":{"line":73,"column":7}},"29":{"start":{"line":69,"column":12},"end":{"line":69,"column":40}},"30":{"start":{"line":74,"column":4},"end":{"line":80,"column":7}},"31":{"start":{"line":76,"column":12},"end":{"line":76,"column":39}},"32":{"start":{"line":81,"column":4},"end":{"line":87,"column":7}},"33":{"start":{"line":83,"column":12},"end":{"line":83,"column":39}},"34":{"start":{"line":88,"column":4},"end":{"line":90,"column":6}},"35":{"start":{"line":89,"column":8},"end":{"line":89,"column":45}},"36":{"start":{"line":91,"column":4},"end":{"line":93,"column":6}},"37":{"start":{"line":92,"column":8},"end":{"line":92,"column":45}},"38":{"start":{"line":94,"column":4},"end":{"line":96,"column":6}},"39":{"start":{"line":95,"column":8},"end":{"line":95,"column":45}},"40":{"start":{"line":97,"column":4},"end":{"line":99,"column":6}},"41":{"start":{"line":98,"column":8},"end":{"line":98,"column":45}},"42":{"start":{"line":100,"column":4},"end":{"line":116,"column":6}},"43":{"start":{"line":101,"column":8},"end":{"line":115,"column":9}},"44":{"start":{"line":102,"column":12},"end":{"line":102,"column":45}},"45":{"start":{"line":104,"column":13},"end":{"line":115,"column":9}},"46":{"start":{"line":105,"column":12},"end":{"line":105,"column":45}},"47":{"start":{"line":107,"column":13},"end":{"line":115,"column":9}},"48":{"start":{"line":108,"column":12},"end":{"line":108,"column":44}},"49":{"start":{"line":110,"column":13},"end":{"line":115,"column":9}},"50":{"start":{"line":111,"column":12},"end":{"line":111,"column":44}},"51":{"start":{"line":114,"column":12},"end":{"line":114,"column":62}},"52":{"start":{"line":117,"column":4},"end":{"line":119,"column":6}},"53":{"start":{"line":118,"column":8},"end":{"line":118,"column":61}},"54":{"start":{"line":120,"column":4},"end":{"line":136,"column":6}},"55":{"start":{"line":121,"column":8},"end":{"line":135,"column":9}},"56":{"start":{"line":122,"column":12},"end":{"line":122,"column":37}},"57":{"start":{"line":124,"column":13},"end":{"line":135,"column":9}},"58":{"start":{"line":125,"column":12},"end":{"line":125,"column":37}},"59":{"start":{"line":127,"column":13},"end":{"line":135,"column":9}},"60":{"start":{"line":128,"column":12},"end":{"line":128,"column":36}},"61":{"start":{"line":130,"column":13},"end":{"line":135,"column":9}},"62":{"start":{"line":131,"column":12},"end":{"line":131,"column":36}},"63":{"start":{"line":134,"column":12},"end":{"line":134,"column":78}},"64":{"start":{"line":137,"column":4},"end":{"line":153,"column":6}},"65":{"start":{"line":138,"column":8},"end":{"line":152,"column":9}},"66":{"start":{"line":139,"column":12},"end":{"line":139,"column":31}},"67":{"start":{"line":141,"column":13},"end":{"line":152,"column":9}},"68":{"start":{"line":142,"column":12},"end":{"line":142,"column":31}},"69":{"start":{"line":144,"column":13},"end":{"line":152,"column":9}},"70":{"start":{"line":145,"column":12},"end":{"line":145,"column":30}},"71":{"start":{"line":147,"column":13},"end":{"line":152,"column":9}},"72":{"start":{"line":148,"column":12},"end":{"line":148,"column":30}},"73":{"start":{"line":151,"column":12},"end":{"line":151,"column":78}},"74":{"start":{"line":154,"column":4},"end":{"line":156,"column":6}},"75":{"start":{"line":155,"column":8},"end":{"line":155,"column":56}},"76":{"start":{"line":157,"column":4},"end":{"line":157,"column":17}},"77":{"start":{"line":159,"column":0},"end":{"line":159,"column":24}}},"fnMap":{"0":{"name":"(anonymous_0)","decl":{"start":{"line":5,"column":27},"end":{"line":5,"column":28}},"loc":{"start":{"line":5,"column":39},"end":{"line":158,"column":1}},"line":5},"1":{"name":"Point","decl":{"start":{"line":6,"column":13},"end":{"line":6,"column":18}},"loc":{"start":{"line":6,"column":113},"end":{"line":17,"column":5}},"line":6},"2":{"name":"(anonymous_2)","decl":{"start":{"line":19,"column":13},"end":{"line":19,"column":14}},"loc":{"start":{"line":19,"column":25},"end":{"line":21,"column":9}},"line":19},"3":{"name":"(anonymous_3)","decl":{"start":{"line":26,"column":13},"end":{"line":26,"column":14}},"loc":{"start":{"line":26,"column":25},"end":{"line":28,"column":9}},"line":26},"4":{"name":"(anonymous_4)","decl":{"start":{"line":33,"column":13},"end":{"line":33,"column":14}},"loc":{"start":{"line":33,"column":25},"end":{"line":35,"column":9}},"line":33},"5":{"name":"(anonymous_5)","decl":{"start":{"line":40,"column":13},"end":{"line":40,"column":14}},"loc":{"start":{"line":40,"column":25},"end":{"line":42,"column":9}},"line":40},"6":{"name":"(anonymous_6)","decl":{"start":{"line":47,"column":13},"end":{"line":47,"column":14}},"loc":{"start":{"line":47,"column":25},"end":{"line":49,"column":9}},"line":47},"7":{"name":"(anonymous_7)","decl":{"start":{"line":54,"column":13},"end":{"line":54,"column":14}},"loc":{"start":{"line":54,"column":25},"end":{"line":56,"column":9}},"line":54},"8":{"name":"(anonymous_8)","decl":{"start":{"line":61,"column":13},"end":{"line":61,"column":14}},"loc":{"start":{"line":61,"column":25},"end":{"line":63,"column":9}},"line":61},"9":{"name":"(anonymous_9)","decl":{"start":{"line":68,"column":13},"end":{"line":68,"column":14}},"loc":{"start":{"line":68,"column":25},"end":{"line":70,"column":9}},"line":68},"10":{"name":"(anonymous_10)","decl":{"start":{"line":75,"column":13},"end":{"line":75,"column":14}},"loc":{"start":{"line":75,"column":25},"end":{"line":77,"column":9}},"line":75},"11":{"name":"(anonymous_11)","decl":{"start":{"line":82,"column":13},"end":{"line":82,"column":14}},"loc":{"start":{"line":82,"column":25},"end":{"line":84,"column":9}},"line":82},"12":{"name":"(anonymous_12)","decl":{"start":{"line":88,"column":33},"end":{"line":88,"column":34}},"loc":{"start":{"line":88,"column":45},"end":{"line":90,"column":5}},"line":88},"13":{"name":"(anonymous_13)","decl":{"start":{"line":91,"column":33},"end":{"line":91,"column":34}},"loc":{"start":{"line":91,"column":45},"end":{"line":93,"column":5}},"line":91},"14":{"name":"(anonymous_14)","decl":{"start":{"line":94,"column":32},"end":{"line":94,"column":33}},"loc":{"start":{"line":94,"column":44},"end":{"line":96,"column":5}},"line":94},"15":{"name":"(anonymous_15)","decl":{"start":{"line":97,"column":32},"end":{"line":97,"column":33}},"loc":{"start":{"line":97,"column":44},"end":{"line":99,"column":5}},"line":97},"16":{"name":"(anonymous_16)","decl":{"start":{"line":100,"column":38},"end":{"line":100,"column":39}},"loc":{"start":{"line":100,"column":50},"end":{"line":116,"column":5}},"line":100},"17":{"name":"(anonymous_17)","decl":{"start":{"line":117,"column":34},"end":{"line":117,"column":35}},"loc":{"start":{"line":117,"column":46},"end":{"line":119,"column":5}},"line":117},"18":{"name":"(anonymous_18)","decl":{"start":{"line":120,"column":39},"end":{"line":120,"column":40}},"loc":{"start":{"line":120,"column":60},"end":{"line":136,"column":5}},"line":120},"19":{"name":"(anonymous_19)","decl":{"start":{"line":137,"column":40},"end":{"line":137,"column":41}},"loc":{"start":{"line":137,"column":61},"end":{"line":153,"column":5}},"line":137},"20":{"name":"(anonymous_20)","decl":{"start":{"line":154,"column":41},"end":{"line":154,"column":42}},"loc":{"start":{"line":154,"column":58},"end":{"line":156,"column":5}},"line":154}},"branchMap":{"0":{"loc":{"start":{"line":101,"column":8},"end":{"line":115,"column":9}},"type":"if","locations":[{"start":{"line":101,"column":8},"end":{"line":115,"column":9}},{"start":{"line":101,"column":8},"end":{"line":115,"column":9}}],"line":101},"1":{"loc":{"start":{"line":104,"column":13},"end":{"line":115,"column":9}},"type":"if","locations":[{"start":{"line":104,"column":13},"end":{"line":115,"column":9}},{"start":{"line":104,"column":13},"end":{"line":115,"column":9}}],"line":104},"2":{"loc":{"start":{"line":107,"column":13},"end":{"line":115,"column":9}},"type":"if","locations":[{"start":{"line":107,"column":13},"end":{"line":115,"column":9}},{"start":{"line":107,"column":13},"end":{"line":115,"column":9}}],"line":107},"3":{"loc":{"start":{"line":110,"column":13},"end":{"line":115,"column":9}},"type":"if","locations":[{"start":{"line":110,"column":13},"end":{"line":115,"column":9}},{"start":{"line":110,"column":13},"end":{"line":115,"column":9}}],"line":110},"4":{"loc":{"start":{"line":121,"column":8},"end":{"line":135,"column":9}},"type":"if","locations":[{"start":{"line":121,"column":8},"end":{"line":135,"column":9}},{"start":{"line":121,"column":8},"end":{"line":135,"column":9}}],"line":121},"5":{"loc":{"start":{"line":124,"column":13},"end":{"line":135,"column":9}},"type":"if","locations":[{"start":{"line":124,"column":13},"end":{"line":135,"column":9}},{"start":{"line":124,"column":13},"end":{"line":135,"column":9}}],"line":124},"6":{"loc":{"start":{"line":127,"column":13},"end":{"line":135,"column":9}},"type":"if","locations":[{"start":{"line":127,"column":13},"end":{"line":135,"column":9}},{"start":{"line":127,"column":13},"end":{"line":135,"column":9}}],"line":127},"7":{"loc":{"start":{"line":130,"column":13},"end":{"line":135,"column":9}},"type":"if","locations":[{"start":{"line":130,"column":13},"end":{"line":135,"column":9}},{"start":{"line":130,"column":13},"end":{"line":135,"column":9}}],"line":130},"8":{"loc":{"start":{"line":138,"column":8},"end":{"line":152,"column":9}},"type":"if","locations":[{"start":{"line":138,"column":8},"end":{"line":152,"column":9}},{"start":{"line":138,"column":8},"end":{"line":152,"column":9}}],"line":138},"9":{"loc":{"start":{"line":141,"column":13},"end":{"line":152,"column":9}},"type":"if","locations":[{"start":{"line":141,"column":13},"end":{"line":152,"column":9}},{"start":{"line":141,"column":13},"end":{"line":15
[...]
:0,"103":0,"104":0,"105":0,"106":0,"107":0,"108":0,"109":0,"110":0,"111":0,"112":0,"113":0,"114":0,"115":0,"116":0,"117":0,"118":0,"119":0,"120":0,"121":0,"122":0,"123":0,"124":0,"125":0,"126":0,"127":0},"f":{"0":0,"1":0,"2":0,"3":0,"4":0,"5":0,"6":0,"7":0,"8":0,"9":0,"10":0,"11":0,"12":0,"13":0,"14":0,"15":0,"16":0,"17":0,"18":0,"19":0,"20":0},"b":{"0":[0,0,0],"1":[0,0],"2":[0,0],"3":[0,0],"4":[0,0,0],"5":[0,0],"6":[0,0],"7":[0,0],"8":[0,0],"9":[0,0,0],"10":[0,0],"11":[0,0],"12":[0,0],"13":[0,0],"14":[0,0],"15":[0,0,0,0,0,0],"16":[0,0],"17":[0,0,0],"18":[0,0],"19":[0,0],"20":[0,0,0,0],"21":[0,0],"22":[0,0],"23":[0,0],"24":[0,0],"25":[0,0],"26":[0,0],"27":[0,0],"28":[0,0],"29":[0,0,0,0,0,0,0,0],"30":[0,0],"31":[0,0],"32":[0,0]}},"c:\\git\\blog\\labyrinth\\dist\\src\\services\\spiral-service-testx.js":{"path":"c:\\git\\blog\\labyrinth\\dist\\src\\services\\spiral-service-testx.js","statementMap":{"0":{"start":{"line":2,"column":0},"end":{"line":2,"column":62}},"1":{"start":{"line":3,"column":15},"end":{"line":3,"column":32}},"2":{"start":{"line":4,"column":23},"end":{"line":4,"column":50}},"3":{"start":{"line":5,"column":0},"end":{"line":21,"column":3}},"4":{"start":{"line":6,"column":4},"end":{"line":10,"column":7}},"5":{"start":{"line":7,"column":8},"end":{"line":9,"column":11}},"6":{"start":{"line":8,"column":12},"end":{"line":8,"column":112}},"7":{"start":{"line":16,"column":4},"end":{"line":20,"column":7}},"8":{"start":{"line":17,"column":8},"end":{"line":19,"column":11}},"9":{"start":{"line":18,"column":12},"end":{"line":18,"column":106}}},"fnMap":{"0":{"name":"(anonymous_0)","decl":{"start":{"line":5,"column":26},"end":{"line":5,"column":27}},"loc":{"start":{"line":5,"column":38},"end":{"line":21,"column":1}},"line":5},"1":{"name":"(anonymous_1)","decl":{"start":{"line":6,"column":36},"end":{"line":6,"column":37}},"loc":{"start":{"line":6,"column":48},"end":{"line":10,"column":5}},"line":6},"2":{"name":"(anonymous_2)","decl":{"start":{"line":7,"column":33},"end":{"line":7,"column":34}},"loc":{"start":{"line":7,"column":45},"end":{"line":9,"column":9}},"line":7},"3":{"name":"(anonymous_3)","decl":{"start":{"line":16,"column":42},"end":{"line":16,"column":43}},"loc":{"start":{"line":16,"column":54},"end":{"line":20,"column":5}},"line":16},"4":{"name":"(anonymous_4)","decl":{"start":{"line":17,"column":44},"end":{"line":17,"column":45}},"loc":{"start":{"line":17,"column":56},"end":{"line":19,"column":9}},"line":17}},"branchMap":{},"s":{"0":0,"1":0,"2":0,"3":0,"4":0,"5":0,"6":0,"7":0,"8":0,"9":0},"f":{"0":0,"1":0,"2":0,"3":0,"4":0},"b":{}},"c:\\git\\blog\\labyrinth\\dist\\src\\services\\spiral-service.js":{"path":"c:\\git\\blog\\labyrinth\\dist\\src\\services\\spiral-service.js","statementMap":{"0":{"start":{"line":2,"column":0},"end":{"line":2,"column":62}},"1":{"start":{"line":3,"column":15},"end":{"line":3,"column":32}},"2":{"start":{"line":4,"column":13},"end":{"line":4,"column":28}},"3":{"start":{"line":6,"column":23},"end":{"line":14,"column":6}},"4":{"start":{"line":7,"column":25},"end":{"line":7,"column":46}},"5":{"start":{"line":9,"column":12},"end":{"line":9,"column":33}},"6":{"start":{"line":11,"column":8},"end":{"line":11,"column":47}},"7":{"start":{"line":12,"column":8},"end":{"line":12,"column":47}},"8":{"start":{"line":13,"column":8},"end":{"line":13,"column":26}},"9":{"start":{"line":15,"column":16},"end":{"line":33,"column":6}},"10":{"start":{"line":16,"column":8},"end":{"line":21,"column":11}},"11":{"start":{"line":17,"column":12},"end":{"line":20,"column":15}},"12":{"start":{"line":18,"column":16},"end":{"line":18,"column":102}},"13":{"start":{"line":22,"column":8},"end":{"line":24,"column":11}},"14":{"start":{"line":23,"column":12},"end":{"line":23,"column":102}},"15":{"start":{"line":25,"column":8},"end":{"line":25,"column":48}},"16":{"start":{"line":26,"column":8},"end":{"line":28,"column":11}},"17":{"start":{"line":27,"column":12},"end":{"line":27,"column":104}},"18":{"start":{"line":29,"column":8},"end":{"line":32,"column":11}},"19":{"start":{"line":30,"column":12},"end":{"line":31,"column":26}},"20":{"start":{"line":31,"column":16},"end":{"line":31,"column":26}},"21":{"start":{"line":34,"column":4},"end":{"line":34,"column":24}},"22":{"start":{"line":37,"column":15},"end":{"line":37,"column":18}},"23":{"start":{"line":37,"column":27},"end":{"line":37,"column":31}},"24":{"start":{"line":37,"column":37},"end":{"line":37,"column":44}},"25":{"start":{"line":39,"column":24},"end":{"line":39,"column":45}},"26":{"start":{"line":40,"column":19},"end":{"line":40,"column":66}},"27":{"start":{"line":42,"column":12},"end":{"line":42,"column":46}},"28":{"start":{"line":43,"column":12},"end":{"line":43,"column":46}},"29":{"start":{"line":44,"column":4},"end":{"line":44,"column":26}},"30":{"start":{"line":47,"column":17},"end":{"line":47,"column":25}},"31":{"start":{"line":48,"column":4},"end":{"line":50,"column":7}},"32":{"start":{"line":49,"column":8},"end":{"line":49,"column":62}},"33":{"start":{"line":52,"column":8},"end":{"line":54,"column":11}},"34":{"start":{"line":53,"column":12},"end":{"line":53,"column":54}},"35":{"start":{"line":56,"column":4},"end":{"line":58,"column":7}},"36":{"start":{"line":57,"column":8},"end":{"line":57,"column":37}},"37":{"start":{"line":61,"column":4},"end":{"line":61,"column":16}},"38":{"start":{"line":63,"column":0},"end":{"line":67,"column":2}}},"fnMap":{"0":{"name":"getSpiralPoints","decl":{"start":{"line":5,"column":9},"end":{"line":5,"column":24}},"loc":{"start":{"line":5,"column":41},"end":{"line":35,"column":1}},"line":5},"1":{"name":"(anonymous_1)","decl":{"start":{"line":6,"column":62},"end":{"line":6,"column":63}},"loc":{"start":{"line":6,"column":79},"end":{"line":14,"column":5}},"line":6},"2":{"name":"transform","decl":{"start":{"line":8,"column":17},"end":{"line":8,"column":26}},"loc":{"start":{"line":8,"column":32},"end":{"line":10,"column":9}},"line":8},"3":{"name":"(anonymous_3)","decl":{"start":{"line":15,"column":47},"end":{"line":15,"column":48}},"loc":{"start":{"line":15,"column":69},"end":{"line":33,"column":5}},"line":15},"4":{"name":"(anonymous_4)","decl":{"start":{"line":16,"column":37},"end":{"line":16,"column":38}},"loc":{"start":{"line":16,"column":57},"end":{"line":21,"column":9}},"line":16},"5":{"name":"(anonymous_5)","decl":{"start":{"line":17,"column":41},"end":{"line":17,"column":42}},"loc":{"start":{"line":17,"column":61},"end":{"line":20,"column":13}},"line":17},"6":{"name":"(anonymous_6)","decl":{"start":{"line":22,"column":47},"end":{"line":22,"column":48}},"loc":{"start":{"line":22,"column":64},"end":{"line":24,"column":9}},"line":22},"7":{"name":"(anonymous_7)","decl":{"start":{"line":26,"column":61},"end":{"line":26,"column":62}},"loc":{"start":{"line":26,"column":78},"end":{"line":28,"column":9}},"line":26},"8":{"name":"(anonymous_8)","decl":{"start":{"line":29,"column":32},"end":{"line":29,"column":33}},"loc":{"start":{"line":29,"column":47},"end":{"line":32,"column":9}},"line":29},"9":{"name":"getSpiralPoint","decl":{"start":{"line":36,"column":9},"end":{"line":36,"column":23}},"loc":{"start":{"line":36,"column":31},"end":{"line":45,"column":1}},"line":36},"10":{"name":"getMustVisitSpiralPoints","decl":{"start":{"line":46,"column":9},"end":{"line":46,"column":33}},"loc":{"start":{"line":46,"column":41},"end":{"line":59,"column":1}},"line":46},"11":{"name":"(anonymous_11)","decl":{"start":{"line":48,"column":34},"end":{"line":48,"column":35}},"loc":{"start":{"line":48,"column":51},"end":{"line":50,"column":5}},"line":48},"12":{"name":"addCircle","decl":{"start":{"line":51,"column":13},"end":{"line":51,"column":22}},"loc":{"start":{"line":51,"column":38},"end":{"line":55,"column":5}},"line":51},"13":{"name":"(anonymous_13)","decl":{"start":{"line":52,"column":43},"end":{"line":52,"column":44}},"loc":{"start":{"line":52,"column":60},"end":{"line":54,"column":9}},"line":52},"14":{"name":"(anonymous_14)","decl":{"start":{"line":56,"column":40},"end":{"line":56,"column":41}},"loc":{"start":{"line":56,"column":57},"end":{"line":58,"column":5}},"line":56},"15":{"name":"getNextSpiralPoint","decl":{"start":{"line":60,"column":9},"end":{"line":60,"column":27}},"loc":{"start":{"line":60,"column":36},"end":{"line":62,"column":1}},"line":60}},"branchMap":{"0":{"loc":{"start":{"line":30,"column":12},"end":{"line":31,"column":26}},"type":"if","locations":[{"start":{"line":30,"column":12},"end":{"line":31,"column":26}},{"start":{"line":30,"column":12},"end":{"line":31,"column":26}}],"line":30}},"s":{"0":0,"1":0,"2":0,"3":0,"4":0,"5":0,"6":0,"7":0,"8":0,"9":0,"10":0,"11":0,"12":0,"13":0,"14":0,"15":0,"16":0,"17":0,"18":0,"19":0,"20":0,"21":0,"22":0,"23":0,"24":0,"25":0,"26":0,"27":0,"28":0,"29":0,"30":0,"31":0,"32":0,"33":0,"34":0,"35":0,"36":0,"37":0,"38":0},"f":{"0":0,"1":0,"2":0,"3":0,"4":0,"5":0,"6":0,"7":0,"8":0,"9":0,"10":0,"11":0,"12":0,"13":0,"14":0,"15":0},"b":{"0":[0,0]}},"c:\\git\\blog\\labyrinth\\dist\\webpack.config.js":{"path":"c:\\git\\blog\\labyrinth\\dist\\webpack.config.js","statementMap":{"0":{"start":{"line":1,"column":11},"end":{"line":1,"column":26}},"1":{"start":{"line":2,"column":20},"end":{"line":2,"column":53}},"2":{"start":{"line":3,"column":20},"end":{"line":3,"column":53}},"3":{"start":{"line":4,"column":0},"end":{"line":34,"column":2}}},"fnMap":{},"branchMap":{},"s":{"0":0,"1":0,"2":0,"3":0},"f":{},"b":{}},"c:\\git\\blog\\labyrinth\\src\\app.js":{"path":"c:\\git\\blog\\labyrinth\\src\\app.js","statementMap":{"0":{"start":{"line":6,"column":10},"end":{"line":6,"column":19}},"1":{"start":{"line":10,"column":0},"end":{"line":10,"column":16}},"2":{"start":{"line":11,"column":0},"end":{"line":11,"column":25}},"3":{"start":{"line":15,"column":0},"end":{"line":15,"column":25}},"4":{"start":{"line":17,"column":0},"end":{"line":17,"column":54}},"5":{"start":{"line":17,"column":27},"end":{"line":17,"column":52}},"6":{"start":{"line":18,"column":0},"end":{"line":18,"column":76}},"7":{"start":{"line":18,"column":23},"end":{"line":18,"column":74}}},"fnMap":{"0":{"name":"(anonymous_0)","decl":{"start":{"line":17,"column":13},"end":{"line":17,"column":14}},"loc":{"start":{"line":17,"column":27},"end":{"line":17,"column":52}},"line":17},"1":{"name":"(anonymous_1)","decl":{"start":{"line":18,"column":17},"end":{"line":18,"column":18}},"loc":{"start":{"line":18,"column":23},"end":{"line":18,"column":74}},"line":18}},"branchMap":{},"s":{"0":0,"1":0,"2":0,"3":0,"4":0,"5":0,"6":0,"7":0},"f":{"0":0,"1":0},"b":{}},"c:\\git\\blog\\labyrinth\\src\\controllers\\labyrinth-controller.js":{"path":"c:\\git\\blog\\labyrinth\\src\\controllers\\labyrinth-controller.js","statementMap":{"0":{"start":{"line":4,"column":13},"end":{"line":4,"column":21}},"1":{"start":{"line":6,"column":0},"end":{"line":8,"column":3}},"2":{"start":{"line":7,"column":4},"end":{"line":7,"column":23}},"3":{"start":{"line":10,"column":0},"end":{"line":15,"column":3}},"4":{"start":{"line":11,"column":4},"end":{"line":11,"column":43}},"5":{"start":{"line":12,"column":22},"end":{"line":12,"column":53}},"6":{"start":{"line":14,"column":4},"end":{"line":14,"column":29}},"7":{"start":{"line":18,"column":4},"end":{"line":18,"column":41}},"8":{"start":{"line":19,"column":4},"end":{"line":19,"column":34}}},"fnMap":{"0":{"name":"(anonymous_0)","decl":{"start":{"line":6,"column":17},"end":{"line":6,"column":18}},"loc":{"start":{"line":6,"column":45},"end":{"line":8,"column":1}},"line":6},"1":{"name":"(anonymous_1)","decl":{"start":{"line":10,"column":16},"end":{"line":10,"column":17}},"loc":{"start":{"line":10,"column":44},"end":{"line":15,"column":1}},"line":10},"2":{"name":"(anonymous_2)","decl":{"start":{"line":17,"column":15},"end":{"line":17,"column":16}},"loc":{"start":{"line":17,"column":30},"end":{"line":20,"column":1}},"line":17}},"branchMap":{},"s":{"0":0,"1":0,"2":0,"3":0,"4":0,"5":0,"6":0,"7":0,"8":0},"f":{"0":0,"1":0,"2":0},"b":{}},"c:\\git\\blog\\labyrinth\\src\\services\\spiral-service-testx.js":{"path":"c:\\git\\blog\\labyrinth\\src\\services\\spiral-service-testx.js","statementMap":{"0":{"start":{"line":4,"column":0},"end":{"line":20,"column":3}},"1":{"start":{"line":5,"column":4},"end":{"line":9,"column":7}},"2":{"start":{"line":6,"column":8},"end":{"line":8,"column":11}},"3":{"start":{"line":7,"column":12},"end":{"line":7,"column":91}},"4":{"start":{"line":15,"column":4},"end":{"line":19,"column":7}},"5":{"start":{"line":16,"column":8},"end":{"line":18,"column":11}},"6":{"start":{"line":17,"column":12},"end":{"line":17,"column":85}}},"fnMap":{"0":{"name":"(anonymous_0)","decl":{"start":{"line":4,"column":26},"end":{"line":4,"column":27}},"loc":{"start":{"line":4,"column":38},"end":{"line":20,"column":1}},"line":4},"1":{"name":"(anonymous_1)","decl":{"start":{"line":5,"column":36},"end":{"line":5,"column":37}},"loc":{"start":{"line":5,"column":48},"end":{"line":9,"column":5}},"line":5},"2":{"name":"(anonymous_2)","decl":{"start":{"line":6,"column":33},"end":{"line":6,"column":34}},"loc":{"start":{"line":6,"column":45},"end":{"line":8,"column":9}},"line":6},"3":{"name":"(anonymous_3)","decl":{"start":{"line":15,"column":42},"end":{"line":15,"column":43}},"loc":{"start":{"line":15,"column":53},"end":{"line":19,"column":5}},"line":15},"4":{"name":"(anonymous_4)","decl":{"start":{"line":16,"column":44},"end":{"line":16,"column":45}},"loc":{"start":{"line":16,"column":55},"end":{"line":18,"column":9}},"line":16}},"branchMap":{},"s":{"0":0,"1":0,"2":0,"3":0,"4":0,"5":0,"6":0},"f":{"0":0,"1":0,"2":0,"3":0,"4":0},"b":{}},"c:\\git\\blog\\labyrinth\\src\\services\\spiral-service.js":{"path":"c:\\git\\blog\\labyrinth\\src\\services\\spiral-service.js","statementMap":{"0":{"start":{"line":5,"column":23},"end":{"line":16,"column":6}},"1":{"start":{"line":6,"column":25},"end":{"line":6,"column":46}},"2":{"start":{"line":9,"column":12},"end":{"line":9,"column":33}},"3":{"start":{"line":12,"column":8},"end":{"line":12,"column":47}},"4":{"start":{"line":13,"column":8},"end":{"line":13,"column":47}},"5":{"start":{"line":15,"column":8},"end":{"line":15,"column":26}},"6":{"start":{"line":18,"column":16},"end":{"line":38,"column":6}},"7":{"start":{"line":19,"column":8},"end":{"line":24,"column":11}},"8":{"start":{"line":20,"column":12},"end":{"line":23,"column":15}},"9":{"start":{"line":21,"column":16},"end":{"line":21,"column":92}},"10":{"start":{"line":26,"column":8},"end":{"line":28,"column":11}},"11":{"start":{"line":27,"column":12},"end":{"line":27,"column":92}},"12":{"start":{"line":30,"column":8},"end":{"line":30,"column":48}},"13":{"start":{"line":31,"column":8},"end":{"line":33,"column":11}},"14":{"start":{"line":32,"column":12},"end":{"line":32,"column":94}},"15":{"start":{"line":35,"column":8},"end":{"line":37,"column":11}},"16":{"start":{"line":36,"column":12},"end":{"line":36,"column":31}},"17":{"start":{"line":36,"column":21},"end":{"line":36,"column":31}},"18":{"start":{"line":40,"column":4},"end":{"line":40,"column":24}},"19":{"start":{"line":44,"column":15},"end":{"line":44,"column":18}},"20":{"start":{"line":44,"column":27},"end":{"line":44,"column":31}},"21":{"start":{"line":44,"column":37},"end":{"line":44,"column":44}},"22":{"start":{"line":47,"column":24},"end":{"line":47,"column":45}},"23":{"start":{"line":48,"column":19},"end":{"line":48,"column":66}},"24":{"start":{"line":51,"column":12},"end":{"line":51,"column":46}},"25":{"start":{"line":52,"column":12},"end":{"line":52,"column":46}},"26":{"start":{"line":54,"column":4},"end":{"line":54,"column":26}},"27":{"start":{"line":58,"column":17},"end":{"line":58,"column":25}},"28":{"start":{"line":60,"column":4},"end":{"line":62,"column":7}},"29":{"start":{"line":61,"column":8},"end":{"line":61,"column":62}},"30":{"start":{"line":65,"column":8},"end":{"line":67,"column":11}},"31":{"start":{"line":66,"column":12},"end":{"line":66,"column":54}},"32":{"start":{"line":70,"column":4},"end":{"line":72,"column":7}},"33":{"start":{"line":71,"column":8},"end":{"line":71,"column":37}},"34":{"start":{"line":76,"column":4},"end":{"line":76,"column":16}}},"fnMap":{"0":{"name":"getSpiralPoints","decl":{"start":{"line":4,"column":9},"end":{"line":4,"column":24}},"loc":{"start":{"line":4,"column":41},"end":{"line":41,"column":1}},"line":4},"1":{"name":"(anonymous_1)","decl":{"start":{"line":5,"column":47},"end":{"line":5,"column":48}},"loc":{"start":{"line":5,"column":64},"end":{"line":16,"column":5}},"line":5},"2":{"name":"transform","decl":{"start":{"line":8,"column":17},"end":{"line":8,"column":26}},"loc":{"start":{"line":8,"column":32},"end":{"line":10,"column":9}},"line":8},"3":{"name":"(anonymous_3)","decl":{"start":{"line":18,"column":37},"end":{"line":18,"column":38}},"loc":{"start":{"line":18,"column":59},"end":{"line":38,"column":5}},"line":18},"4":{"name":"(anonymous_4)","decl":{"start":{"line":19,"column":22},"end":{"line":19,"column":23}},"loc":{"start":{"line":19,"column":41},"end":{"line":24,"column":9}},"line":19},"5":{"name":"(anonymous_5)","decl":{"start":{"line":20,"column":26},"end":{"line":20,"column":27}},"loc":{"start":{"line":20,"column":45},"end":{"line":23,"column":13}},"line":20},"6":{"name":"(anonymous_6)","decl":{"start":{"line":26,"column":32},"end":{"line":26,"column":33}},"loc":{"start":{"line":26,"column":48},"end":{"line":28,"column":9}},"line":26},"7":{"name":"(anonymous_7)","decl":{"start":{"line":31,"column":46},"end":{"line":31,"column":47}},"loc":{"start":{"line":31,"column":62},"end":{"line":33,"column":9}},"line":31},"8":{"name":"(anonymous_8)","decl":{"start":{"line":35,"column":32},"end":{"line":35,"column":33}},"loc":{"start":{"line":35,"column":41},"end":{"line":37,"column":9}},"line":35},"9":{"name":"getSpiralPoint","decl":{"start":{"line":43,"column":9},"end":{"line":43,"column":23}},"loc":{"start":{"line":43,"column":31},"end":{"line":55,"column":1}},"line":43},"10":{"name":"getMustVisitSpiralPoints","decl":{"start":{"line":57,"column":9},"end":{"line":57,"column":33}},"loc":{"start":{"line":57,"column":41},"end":{"line":73,"column":1}},"line":57},"11":{"name":"(anonymous_11)","decl":{"start":{"line":60,"column":19},"end":{"line":60,"column":20}},"loc":{"start":{"line":60,"column":35},"end":{"line":62,"column":5}},"line":60},"12":{"name":"addCircle","decl":{"start":{"line":64,"column":13},"end":{"line":64,"column":22}},"loc":{"start":{"line":64,"column":38},"end":{"line":68,"column":5}},"line":64},"13":{"name":"(anonymous_13)","decl":{"start":{"line":65,"column":28},"end":{"line":65,"column":29}},"loc":{"start":{"line":65,"column":44},"end":{"line":67,"column":9}},"line":65},"14":{"name":"(anonymous_14)","decl":{"start":{"line":70,"column":25},"end":{"line":70,"column":26}},"loc":{"start":{"line":70,"column":41},"end":{"line":72,"column":5}},"line":70},"15":{"name":"getNextSpiralPoint","decl":{"start":{"line":75,"column":9},"end":{"line":75,"column":27}},"loc":{"start":{"line":75,"column":36},"end":{"line":77,"column":1}},"line":75}},"branchMap":{"0":{"loc":{"start":{"line":36,"column":12},"end":{"line":36,"column":31}},"type":"if","locations":[{"start":{"line":36,"column":12},"end":{"line":36,"column":31}},{"start":{"line":36,"column":12},"end":{"line":36,"column":31}}],"line":36}},"s":{"0":0,"1":0,"2":0,"3":0,"4":0,"5":0,"6":0,"7":0,"8":0,"9":0,"10":0,"11":0,"12":0,"13":0,"14":0,"15":0,"16":0,"17":0,"18":0,"19":0,"20":0,"21":0,"22":0,"23":0,"24":0,"25":0,"26":0,"27":0,"28":0,"29":0,"30":0,"31":0,"32":0,"33":0,"34":0},"f":{"0":0,"1":0,"2":0,"3":0,"4":0,"5":0,"6":0,"7":0,"8":0,"9":0,"10":0,"11":0,"12":0,"13":0,"14":0,"15":0},"b":{"0":[0,0]}},"c:\\git\\blog\\labyrinth\\webpack.config.js":{"path":"c:\\git\\blog\\labyrinth\\webpack.config.js","statementMap":{"0":{"start":{"line":1,"column":13},"end":{"line":1,"column":28}},"1":{"start":{"line":2,"column":22},"end":{"line":2,"column":55}},"2":{"start":{"line":3,"column":22},"end":{"line":3,"column":55}},"3":{"start":{"line":5,"column":0},"end":{"line":35,"column":2}}},"fnMap":{},"branchMap":{},"s":{"0":0,"1":0,"2":0,"3":0},"f":{},"b":{}}}